 ======================>     TALLY 1: DDX_TALLY     <=======================

 Surface 7
   Polar Angle [1.038470904936626, 1.0559241974565692)
     Outgoing Energy [0, 100000)
       Total Material
         Current                              2.32e-06 +/- 8.59995e-08
     Outgoing Energy [100000, 200000)
       Total Material
         Current                              3.822e-06 +/- 1.08017e-07
     Outgoing Energy [200000, 300000.00000000006)
       Total Material
         Current                              3.226e-06 +/- 1.03404e-07
     Outgoing Energy [300000.00000000006, 400000)
       Total Material
         Current                              3.306e-06 +/- 8.8452e-08
     Outgoing Energy [400000, 500000)
       Total Material
         Current                              3.554e-06 +/- 1.05838e-07
     Outgoing Energy [500000, 600000.0000000001)
       Total Material
         Current                              3.56e-06 +/- 1.18804e-07
     Outgoing Energy [600000.0000000001, 700000.0000000001)
       Total Material
         Current                              2.804e-06 +/- 9.96713e-08
     Outgoing Energy [700000.0000000001, 800000)
       Total Material
         Current                              3.048e-06 +/- 1.0175e-07
     Outgoing Energy [800000, 900000)
       Total Material
         Current                              2.89e-06 +/- 1.13326e-07
     Outgoing Energy [900000, 1000000)
       Total Material
         Current                              2.992e-06 +/- 1.14672e-07
     Outgoing Energy [1000000, 1100000)
       Total Material
         Current                              2.874e-06 +/- 1.1349e-07
     Outgoing Energy [1100000, 1200000.0000000002)
       Total Material
         Current                              2.95e-06 +/- 1.00051e-07
     Outgoing Energy [1200000.0000000002, 1300000)
       Total Material
         Current                              2.252e-06 +/- 9.39492e-08
     Outgoing Energy [1300000, 1400000.0000000002)
       Total Material
         Current                              2.334e-06 +/- 8.70191e-08
     Outgoing Energy [1400000.0000000002, 1500000)
       Total Material
         Current                              1.838e-06 +/- 8.201e-08
     Outgoing Energy [1500000, 1600000)
       Total Material
         Current                              1.868e-06 +/- 8.87298e-08
     Outgoing Energy [1600000, 1700000.0000000002)
       Total Material
         Current                              1.896e-06 +/- 8.94865e-08
     Outgoing Energy [1700000.0000000002, 1800000)
       Total Material
         Current                              1.712e-06 +/- 7.2935e-08
     Outgoing Energy [1800000, 1900000.0000000002)
       Total Material
         Current                              1.226e-06 +/- 7.11887e-08
     Outgoing Energy [1900000.0000000002, 2000000)
       Total Material
         Current                              1.306e-06 +/- 7.05899e-08
     Outgoing Energy [2000000, 2100000)
       Total Material
         Current                              1.192e-06 +/- 6.8024e-08
     Outgoing Energy [2100000, 2200000)
       Total Material
         Current                              1.21e-06 +/- 5.77291e-08
     Outgoing Energy [2200000, 2300000.0000000005)
       Total Material
         Current                              9.28e-07 +/- 5.53313e-08
     Outgoing Energy [2300000.0000000005, 2400000.0000000005)
       Total Material
         Current                              9.12e-07 +/- 6.43105e-08
     Outgoing Energy [2400000.0000000005, 2500000)
       Total Material
         Current                              9.76e-07 +/- 6.04446e-08
     Outgoing Energy [2500000, 2600000)
       Total Material
         Current                              9.28e-07 +/- 6.18121e-08
     Outgoing Energy [2600000, 2700000)
       Total Material
         Current                              8.4e-07 +/- 5.35286e-08
     Outgoing Energy [2700000, 2800000.0000000005)
       Total Material
         Current                              8.88e-07 +/- 6.23774e-08
     Outgoing Energy [2800000.0000000005, 2900000.0000000005)
       Total Material
         Current                              1.076e-06 +/- 6.81271e-08
     Outgoing Energy [2900000.0000000005, 3000000)
       Total Material
         Current                              1.064e-06 +/- 5.32809e-08
     Outgoing Energy [3000000, 3100000)
       Total Material
         Current                              1.188e-06 +/- 6.7952e-08
     Outgoing Energy [3100000, 3200000)
       Total Material
         Current                              9.5e-07 +/- 5.07294e-08
     Outgoing Energy [3200000, 3300000.0000000005)
       Total Material
         Current                              7.42e-07 +/- 5.08772e-08
     Outgoing Energy [3300000.0000000005, 3400000.0000000005)
       Total Material
         Current                              7.68e-07 +/- 4.9441e-08
     Outgoing Energy [3400000.0000000005, 3500000)
       Total Material
         Current                              9.4e-07 +/- 6.25969e-08
     Outgoing Energy [3500000, 3600000)
       Total Material
         Current                              8.1e-07 +/- 5.2625e-08
     Outgoing Energy [3600000, 3700000)
       Total Material
         Current                              7.2e-07 +/- 4.91561e-08
     Outgoing Energy [3700000, 3800000.0000000005)
       Total Material
         Current                              7.2e-07 +/- 5.35286e-08
     Outgoing Energy [3800000.0000000005, 3900000.0000000005)
       Total Material
         Current                              7.38e-07 +/- 4.96428e-08
     Outgoing Energy [3900000.0000000005, 4000000)
       Total Material
         Current                              7.88e-07 +/- 5.85986e-08
     Outgoing Energy [4000000, 4100000.0000000005)
       Total Material
         Current                              5.28e-07 +/- 4.44504e-08
     Outgoing Energy [4100000.0000000005, 4200000)
       Total Material
         Current                              5.26e-07 +/- 5.59745e-08
     Outgoing Energy [4200000, 4300000)
       Total Material
         Current                              7.34e-07 +/- 6.1386e-08
     Outgoing Energy [4300000, 4400000)
       Total Material
         Current                              6.54e-07 +/- 5.26219e-08
     Outgoing Energy [4400000, 4500000)
       Total Material
         Current                              6.54e-07 +/- 5.91235e-08
     Outgoing Energy [4500000, 4600000.000000001)
       Total Material
         Current                              6.3e-07 +/- 4.0933e-08
     Outgoing Energy [4600000.000000001, 4700000)
       Total Material
         Current                              5.24e-07 +/- 4.21426e-08
     Outgoing Energy [4700000, 4800000.000000001)
       Total Material
         Current                              5.56e-07 +/- 4.49181e-08
     Outgoing Energy [4800000.000000001, 4900000)
       Total Material
         Current                              5.9e-07 +/- 5.53468e-08
     Outgoing Energy [4900000, 5000000)
       Total Material
         Current                              6.24e-07 +/- 4.70831e-08
     Outgoing Energy [5000000, 5100000.000000001)
       Total Material
         Current                              7.56e-07 +/- 5.00742e-08
     Outgoing Energy [5100000.000000001, 5200000)
       Total Material
         Current                              8.28e-07 +/- 5.1511e-08
     Outgoing Energy [5200000, 5300000.000000001)
       Total Material
         Current                              7e-07 +/- 4.82341e-08
     Outgoing Energy [5300000.000000001, 5400000)
       Total Material
         Current                              5.66e-07 +/- 4.50496e-08
     Outgoing Energy [5400000, 5500000)
       Total Material
         Current                              8.22e-07 +/- 6.12316e-08
     Outgoing Energy [5500000, 5600000.000000001)
       Total Material
         Current                              8.72e-07 +/- 6.73122e-08
     Outgoing Energy [5600000.000000001, 5700000)
       Total Material
         Current                              7.7e-07 +/- 5.2625e-08
     Outgoing Energy [5700000, 5800000.000000001)
       Total Material
         Current                              6.48e-07 +/- 4.75729e-08
     Outgoing Energy [5800000.000000001, 5900000)
       Total Material
         Current                              8.08e-07 +/- 4.31268e-08
     Outgoing Energy [5900000, 6000000)
       Total Material
         Current                              8.68e-07 +/- 4.99338e-08
     Outgoing Energy [6000000, 6100000.000000001)
       Total Material
         Current                              8.96e-07 +/- 5.74961e-08
     Outgoing Energy [6100000.000000001, 6200000)
       Total Material
         Current                              1.012e-06 +/- 6.45638e-08
     Outgoing Energy [6200000, 6300000.000000001)
       Total Material
         Current                              7.74e-07 +/- 5.1334e-08
     Outgoing Energy [6300000.000000001, 6400000)
       Total Material
         Current                              7.74e-07 +/- 5.44966e-08
     Outgoing Energy [6400000, 6500000)
       Total Material
         Current                              7.24e-07 +/- 4.62963e-08
     Outgoing Energy [6500000, 6600000.000000001)
       Total Material
         Current                              6.28e-07 +/- 5.15902e-08
     Outgoing Energy [6600000.000000001, 6700000)
       Total Material
         Current                              6.44e-07 +/- 4.22973e-08
     Outgoing Energy [6700000, 6800000.000000001)
       Total Material
         Current                              6.86e-07 +/- 4.18949e-08
     Outgoing Energy [6800000.000000001, 6900000)
       Total Material
         Current                              6.8e-07 +/- 4.73804e-08
     Outgoing Energy [6900000, 7000000)
       Total Material
         Current                              7.26e-07 +/- 4.88905e-08
     Outgoing Energy [7000000, 7100000.000000001)
       Total Material
         Current                              5.78e-07 +/- 4.60071e-08
     Outgoing Energy [7100000.000000001, 7200000)
       Total Material
         Current                              5.38e-07 +/- 4.62372e-08
     Outgoing Energy [7200000, 7300000.000000001)
       Total Material
         Current                              6.34e-07 +/- 4.48681e-08
     Outgoing Energy [7300000.000000001, 7400000)
       Total Material
         Current                              7e-07 +/- 5.30691e-08
     Outgoing Energy [7400000, 7500000)
       Total Material
         Current                              6.92e-07 +/- 5.09373e-08
     Outgoing Energy [7500000, 7600000.000000001)
       Total Material
         Current                              8.22e-07 +/- 5.72349e-08
     Outgoing Energy [7600000.000000001, 7700000)
       Total Material
         Current                              5.76e-07 +/- 4.59423e-08
     Outgoing Energy [7700000, 7800000.000000001)
       Total Material
         Current                              5.34e-07 +/- 4.81164e-08
     Outgoing Energy [7800000.000000001, 7900000)
       Total Material
         Current                              5.22e-07 +/- 4.59183e-08
     Outgoing Energy [7900000, 8000000)
       Total Material
         Current                              5.56e-07 +/- 4.88363e-08
     Outgoing Energy [8000000, 8100000)
       Total Material
         Current                              9.6e-07 +/- 6.03392e-08
     Outgoing Energy [8100000, 8200000.000000001)
       Total Material
         Current                              7.66e-07 +/- 5.62509e-08
     Outgoing Energy [8200000.000000001, 8300000.000000001)
       Total Material
         Current                              5.58e-07 +/- 5.19882e-08
     Outgoing Energy [8300000.000000001, 8400000)
       Total Material
         Current                              5.02e-07 +/- 5.29528e-08
     Outgoing Energy [8400000, 8500000)
       Total Material
         Current                              3.78e-07 +/- 3.6398e-08
     Outgoing Energy [8500000, 8600000)
       Total Material
         Current                              4.5e-07 +/- 4.54681e-08
     Outgoing Energy [8600000, 8700000.000000002)
       Total Material
         Current                              4e-07 +/- 4.23783e-08
     Outgoing Energy [8700000.000000002, 8800000)
       Total Material
         Current                              4.28e-07 +/- 4.17025e-08
     Outgoing Energy [8800000, 8900000)
       Total Material
         Current                              2.82e-07 +/- 3.47222e-08
 ====================>     TALLY 2: SINGLE_SCATTER     <====================

 Surface 7
   Polar Angle [1.038470904936626, 1.0559241974565692)
     Outgoing Energy [0, 100000)
       Collision Number 1
         Total Material
           Current                              1.094e-06 +/- 4.28009e-08
     Outgoing Energy [100000, 200000)
       Collision Number 1
         Total Material
           Current                              1.86e-06 +/- 5.51066e-08
     Outgoing Energy [200000, 300000.00000000006)
       Collision Number 1
         Total Material
           Current                              1.58e-06 +/- 5.087e-08
     Outgoing Energy [300000.00000000006, 400000)
       Collision Number 1
         Total Material
           Current                              1.592e-06 +/- 4.73666e-08
     Outgoing Energy [400000, 500000)
       Collision Number 1
         Total Material
           Current                              1.728e-06 +/- 5.15902e-08
     Outgoing Energy [500000, 600000.0000000001)
       Collision Number 1
         Total Material
           Current                              1.724e-06 +/- 6.18464e-08
     Outgoing Energy [600000.0000000001, 700000.0000000001)
       Collision Number 1
         Total Material
           Current                              1.388e-06 +/- 5.44089e-08
     Outgoing Energy [700000.0000000001, 800000)
       Collision Number 1
         Total Material
           Current                              1.47e-06 +/- 5.12099e-08
     Outgoing Energy [800000, 900000)
       Collision Number 1
         Total Material
           Current                              1.406e-06 +/- 5.49144e-08
     Outgoing Energy [900000, 1000000)
       Collision Number 1
         Total Material
           Current                              1.476e-06 +/- 6.08484e-08
     Outgoing Energy [1000000, 1100000)
       Collision Number 1
         Total Material
           Current                              1.41e-06 +/- 5.76584e-08
     Outgoing Energy [1100000, 1200000.0000000002)
       Collision Number 1
         Total Material
           Current                              1.442e-06 +/- 4.91636e-08
     Outgoing Energy [1200000.0000000002, 1300000)
       Collision Number 1
         Total Material
           Current                              1.092e-06 +/- 4.24591e-08
     Outgoing Energy [1300000, 1400000.0000000002)
       Collision Number 1
         Total Material
           Current                              1.15e-06 +/- 4.42857e-08
     Outgoing Energy [1400000.0000000002, 1500000)
       Collision Number 1
         Total Material
           Current                              8.94e-07 +/- 4.11478e-08
     Outgoing Energy [1500000, 1600000)
       Collision Number 1
         Total Material
           Current                              9.24e-07 +/- 4.37581e-08
     Outgoing Energy [1600000, 1700000.0000000002)
       Collision Number 1
         Total Material
           Current                              9.26e-07 +/- 4.46126e-08
     Outgoing Energy [1700000.0000000002, 1800000)
       Collision Number 1
         Total Material
           Current                              8.44e-07 +/- 3.62711e-08
     Outgoing Energy [1800000, 1900000.0000000002)
       Collision Number 1
         Total Material
           Current                              5.92e-07 +/- 3.21781e-08
     Outgoing Energy [1900000.0000000002, 2000000)
       Collision Number 1
         Total Material
           Current                              6.36e-07 +/- 3.70063e-08
     Outgoing Energy [2000000, 2100000)
       Collision Number 1
         Total Material
           Current                              5.74e-07 +/- 3.37832e-08
     Outgoing Energy [2100000, 2200000)
       Collision Number 1
         Total Material
           Current                              5.9e-07 +/- 2.81758e-08
     Outgoing Energy [2200000, 2300000.0000000005)
       Collision Number 1
         Total Material
           Current                              4.6e-07 +/- 2.81396e-08
     Outgoing Energy [2300000.0000000005, 2400000.0000000005)
       Collision Number 1
         Total Material
           Current                              4.4e-07 +/- 3.23249e-08
     Outgoing Energy [2400000.0000000005, 2500000)
       Collision Number 1
         Total Material
           Current                              4.74e-07 +/- 2.92505e-08
     Outgoing Energy [2500000, 2600000)
       Collision Number 1
         Total Material
           Current                              4.56e-07 +/- 3.09258e-08
     Outgoing Energy [2600000, 2700000)
       Collision Number 1
         Total Material
           Current                              4.1e-07 +/- 2.7442e-08
     Outgoing Energy [2700000, 2800000.0000000005)
       Collision Number 1
         Total Material
           Current                              4.32e-07 +/- 3.0698e-08
     Outgoing Energy [2800000.0000000005, 2900000.0000000005)
       Collision Number 1
         Total Material
           Current                              5.28e-07 +/- 3.637e-08
     Outgoing Energy [2900000.0000000005, 3000000)
       Collision Number 1
         Total Material
           Current                              5.22e-07 +/- 2.56013e-08
     Outgoing Energy [3000000, 3100000)
       Collision Number 1
         Total Material
           Current                              5.86e-07 +/- 3.4877e-08
     Outgoing Energy [3100000, 3200000)
       Collision Number 1
         Total Material
           Current                              4.8e-07 +/- 2.66497e-08
     Outgoing Energy [3200000, 3300000.0000000005)
       Collision Number 1
         Total Material
           Current                              3.58e-07 +/- 2.52482e-08
     Outgoing Energy [3300000.0000000005, 3400000.0000000005)
       Collision Number 1
         Total Material
           Current                              3.66e-07 +/- 2.58109e-08
     Outgoing Energy [3400000.0000000005, 3500000)
       Collision Number 1
         Total Material
           Current                              4.54e-07 +/- 3.13258e-08
     Outgoing Energy [3500000, 3600000)
       Collision Number 1
         Total Material
           Current                              4e-07 +/- 2.66497e-08
     Outgoing Energy [3600000, 3700000)
       Collision Number 1
         Total Material
           Current                              3.36e-07 +/- 2.42032e-08
     Outgoing Energy [3700000, 3800000.0000000005)
       Collision Number 1
         Total Material
           Current                              3.52e-07 +/- 2.77364e-08
     Outgoing Energy [3800000.0000000005, 3900000.0000000005)
       Collision Number 1
         Total Material
           Current                              3.66e-07 +/- 2.45132e-08
     Outgoing Energy [3900000.0000000005, 4000000)
       Collision Number 1
         Total Material
           Current                              3.92e-07 +/- 2.82612e-08
     Outgoing Energy [4000000, 4100000.0000000005)
       Collision Number 1
         Total Material
           Current                              2.58e-07 +/- 2.26941e-08
     Outgoing Energy [4100000.0000000005, 4200000)
       Collision Number 1
         Total Material
           Current                              2.6e-07 +/- 2.82843e-08
     Outgoing Energy [4200000, 4300000)
       Collision Number 1
         Total Material
           Current                              3.68e-07 +/- 3.09628e-08
     Outgoing Energy [4300000, 4400000)
       Collision Number 1
         Total Material
           Current                              3.18e-07 +/- 2.62935e-08
     Outgoing Energy [4400000, 4500000)
       Collision Number 1
         Total Material
           Current                              3.16e-07 +/- 2.80466e-08
     Outgoing Energy [4500000, 4600000.000000001)
       Collision Number 1
         Total Material
           Current                              3.1e-07 +/- 1.98463e-08
     Outgoing Energy [4600000.000000001, 4700000)
       Collision Number 1
         Total Material
           Current                              2.5e-07 +/- 2.02535e-08
     Outgoing Energy [4700000, 4800000.000000001)
       Collision Number 1
         Total Material
           Current                              2.72e-07 +/- 2.28643e-08
     Outgoing Energy [4800000.000000001, 4900000)
       Collision Number 1
         Total Material
           Current                              2.92e-07 +/- 2.72314e-08
     Outgoing Energy [4900000, 5000000)
       Collision Number 1
         Total Material
           Current                              3.1e-07 +/- 2.46196e-08
     Outgoing Energy [5000000, 5100000.000000001)
       Collision Number 1
         Total Material
           Current                              3.76e-07 +/- 2.51623e-08
     Outgoing Energy [5100000.000000001, 5200000)
       Collision Number 1
         Total Material
           Current                              4.14e-07 +/- 2.64976e-08
     Outgoing Energy [5200000, 5300000.000000001)
       Collision Number 1
         Total Material
           Current                              3.38e-07 +/- 2.45598e-08
     Outgoing Energy [5300000.000000001, 5400000)
       Collision Number 1
         Total Material
           Current                              2.74e-07 +/- 2.35277e-08
     Outgoing Energy [5400000, 5500000)
       Collision Number 1
         Total Material
           Current                              4e-07 +/- 3.11677e-08
     Outgoing Energy [5500000, 5600000.000000001)
       Collision Number 1
         Total Material
           Current                              4.24e-07 +/- 3.35103e-08
     Outgoing Energy [5600000.000000001, 5700000)
       Collision Number 1
         Total Material
           Current                              3.74e-07 +/- 2.55247e-08
     Outgoing Energy [5700000, 5800000.000000001)
       Collision Number 1
         Total Material
           Current                              3.1e-07 +/- 2.30793e-08
     Outgoing Energy [5800000.000000001, 5900000)
       Collision Number 1
         Total Material
           Current                              4.02e-07 +/- 2.36453e-08
     Outgoing Energy [5900000, 6000000)
       Collision Number 1
         Total Material
           Current                              4.24e-07 +/- 2.49996e-08
     Outgoing Energy [6000000, 6100000.000000001)
       Collision Number 1
         Total Material
           Current                              4.4e-07 +/- 2.89968e-08
     Outgoing Energy [6100000.000000001, 6200000)
       Collision Number 1
         Total Material
           Current                              5.04e-07 +/- 3.29452e-08
     Outgoing Energy [6200000, 6300000.000000001)
       Collision Number 1
         Total Material
           Current                              3.86e-07 +/- 2.57159e-08
     Outgoing Energy [6300000.000000001, 6400000)
       Collision Number 1
         Total Material
           Current                              3.8e-07 +/- 2.68024e-08
     Outgoing Energy [6400000, 6500000)
       Collision Number 1
         Total Material
           Current                              3.62e-07 +/- 2.37143e-08
     Outgoing Energy [6500000, 6600000.000000001)
       Collision Number 1
         Total Material
           Current                              3.14e-07 +/- 2.58741e-08
     Outgoing Energy [6600000.000000001, 6700000)
       Collision Number 1
         Total Material
           Current                              3.08e-07 +/- 2.09645e-08
     Outgoing Energy [6700000, 6800000.000000001)
       Collision Number 1
         Total Material
           Current                              3.42e-07 +/- 2.10131e-08
     Outgoing Energy [6800000.000000001, 6900000)
       Collision Number 1
         Total Material
           Current                              3.42e-07 +/- 2.37487e-08
     Outgoing Energy [6900000, 7000000)
       Collision Number 1
         Total Material
           Current                              3.54e-07 +/- 2.52675e-08
     Outgoing Energy [7000000, 7100000.000000001)
       Collision Number 1
         Total Material
           Current                              2.8e-07 +/- 2.32115e-08
     Outgoing Energy [7100000.000000001, 7200000)
       Collision Number 1
         Total Material
           Current                              2.64e-07 +/- 2.26346e-08
     Outgoing Energy [7200000, 7300000.000000001)
       Collision Number 1
         Total Material
           Current                              3.14e-07 +/- 2.2499e-08
     Outgoing Energy [7300000.000000001, 7400000)
       Collision Number 1
         Total Material
           Current                              3.52e-07 +/- 2.57524e-08
     Outgoing Energy [7400000, 7500000)
       Collision Number 1
         Total Material
           Current                              3.38e-07 +/- 2.489e-08
     Outgoing Energy [7500000, 7600000.000000001)
       Collision Number 1
         Total Material
           Current                              4.06e-07 +/- 3.04269e-08
     Outgoing Energy [7600000.000000001, 7700000)
       Collision Number 1
         Total Material
           Current                              2.86e-07 +/- 2.30368e-08
     Outgoing Energy [7700000, 7800000.000000001)
       Collision Number 1
         Total Material
           Current                              2.54e-07 +/- 2.23534e-08
     Outgoing Energy [7800000.000000001, 7900000)
       Collision Number 1
         Total Material
           Current                              2.58e-07 +/- 2.23315e-08
     Outgoing Energy [7900000, 8000000)
       Collision Number 1
         Total Material
           Current                              2.7e-07 +/- 2.25425e-08
     Outgoing Energy [8000000, 8100000)
       Collision Number 1
         Total Material
           Current                              4.74e-07 +/- 3.10115e-08
     Outgoing Energy [8100000, 8200000.000000001)
       Collision Number 1
         Total Material
           Current                              3.82e-07 +/- 2.82395e-08
     Outgoing Energy [8200000.000000001, 8300000.000000001)
       Collision Number 1
         Total Material
           Current                              2.74e-07 +/- 2.66205e-08
     Outgoing Energy [8300000.000000001, 8400000)
       Collision Number 1
         Total Material
           Current                              2.42e-07 +/- 2.63555e-08
     Outgoing Energy [8400000, 8500000)
       Collision Number 1
         Total Material
           Current                              1.9e-07 +/- 1.83503e-08
     Outgoing Energy [8500000, 8600000)
       Collision Number 1
         Total Material
           Current                              2.22e-07 +/- 2.3783e-08
     Outgoing Energy [8600000, 8700000.000000002)
       Collision Number 1
         Total Material
           Current                              1.98e-07 +/- 2.00998e-08
     Outgoing Energy [8700000.000000002, 8800000)
       Collision Number 1
         Total Material
           Current                              2.08e-07 +/- 2.09645e-08
     Outgoing Energy [8800000, 8900000)
       Collision Number 1
         Total Material
           Current                              1.38e-07 +/- 1.87116e-08
 ===================>     TALLY 3: MULTIPLE_SCATTER     <===================

 Surface 7
   Polar Angle [1.038470904936626, 1.0559241974565692)
     Outgoing Energy [0, 100000)
       Collision Number 2
         Total Material
           Current                              1.6e-07 +/- 1.97949e-08
       Collision Number 3
         Total Material
           Current                              2.4e-08 +/- 7.31786e-09
       Collision Number 4
         Total Material
           Current                              8e-09 +/- 3.87562e-09
       Collision Number 5
         Total Material
           Current                              2e-09 +/- 2e-09
     Outgoing Energy [100000, 200000)
       Collision Number 2
         Total Material
           Current                              2.3e-07 +/- 2.0454e-08
       Collision Number 3
         Total Material
           Current                              3.4e-08 +/- 8.85714e-09
       Collision Number 4
         Total Material
           Current                              4e-09 +/- 2.79942e-09
       Collision Number 5
         Total Material
           Current                              0 +/- 0
     Outgoing Energy [200000, 300000.00000000006)
       Collision Number 2
         Total Material
           Current                              1.84e-07 +/- 1.81513e-08
       Collision Number 3
         Total Material
           Current                              2.8e-08 +/- 6.41427e-09
       Collision Number 4
         Total Material
           Current                              2e-09 +/- 2e-09
       Collision Number 5
         Total Material
           Current                              0 +/- 0
     Outgoing Energy [300000.00000000006, 400000)
       Collision Number 2
         Total Material
           Current                              2.12e-07 +/- 2.59733e-08
       Collision Number 3
         Total Material
           Current                              2.2e-08 +/- 7.16568e-09
       Collision Number 4
         Total Material
           Current                              2e-09 +/- 2e-09
       Collision Number 5
         Total Material
           Current                              0 +/- 0
     Outgoing Energy [400000, 500000)
       Collision Number 2
         Total Material
           Current                              1.98e-07 +/- 2.22215e-08
       Collision Number 3
         Total Material
           Current                              2.4e-08 +/- 6.10119e-09
       Collision Number 4
         Total Material
           Current                              0 +/- 0
       Collision Number 5
         Total Material
           Current                              0 +/- 0
     Outgoing Energy [500000, 600000.0000000001)
       Collision Number 2
         Total Material
           Current                              1.72e-07 +/- 1.85252e-08
       Collision Number 3
         Total Material
           Current                              8e-09 +/- 3.87562e-09
       Collision Number 4
         Total Material
           Current                              4e-09 +/- 2.79942e-09
       Collision Number 5
         Total Material
           Current                              0 +/- 0
     Outgoing Energy [600000.0000000001, 700000.0000000001)
       Collision Number 2
         Total Material
           Current                              1.1e-07 +/- 1.49147e-08
       Collision Number 3
         Total Material
           Current                              1.6e-08 +/- 5.23723e-09
       Collision Number 4
         Total Material
           Current                              0 +/- 0
       Collision Number 5
         Total Material
           Current                              0 +/- 0
     Outgoing Energy [700000.0000000001, 800000)
       Collision Number 2
         Total Material
           Current                              1.54e-07 +/- 1.85626e-08
       Collision Number 3
         Total Material
           Current                              1.6e-08 +/- 5.96589e-09
       Collision Number 4
         Total Material
           Current                              0 +/- 0
       Collision Number 5
         Total Material
           Current                              0 +/- 0
     Outgoing Energy [800000, 900000)
       Collision Number 2
         Total Material
           Current                              1.22e-07 +/- 1.57247e-08
       Collision Number 3
         Total Material
           Current                              6e-09 +/- 3.39267e-09
       Collision Number 4
         Total Material
           Current                              0 +/- 0
       Collision Number 5
         Total Material
           Current                              0 +/- 0
     Outgoing Energy [900000, 1000000)
       Collision Number 2
         Total Material
           Current                              7.8e-08 +/- 1.15317e-08
       Collision Number 3
         Total Material
           Current                              6e-09 +/- 3.39267e-09
       Collision Number 4
         Total Material
           Current                              0 +/- 0
       Collision Number 5
         Total Material
           Current                              0 +/- 0
     Outgoing Energy [1000000, 1100000)
       Collision Number 2
         Total Material
           Current                              7.6e-08 +/- 9.28462e-09
       Collision Number 3
         Total Material
           Current                              2e-09 +/- 2e-09
       Collision Number 4
         Total Material
           Current                              2e-09 +/- 2e-09
       Collision Number 5
         Total Material
           Current                              0 +/- 0
     Outgoing Energy [1100000, 1200000.0000000002)
       Collision Number 2
         Total Material
           Current                              7.4e-08 +/- 1.13605e-08
       Collision Number 3
         Total Material
           Current                              4e-09 +/- 2.79942e-09
       Collision Number 4
         Total Material
           Current                              0 +/- 0
       Collision Number 5
         Total Material
           Current                              0 +/- 0
     Outgoing Energy [1200000.0000000002, 1300000)
       Collision Number 2
         Total Material
           Current                              6.6e-08 +/- 1.05405e-08
       Collision Number 3
         Total Material
           Current                              1.2e-08 +/- 4.64231e-09
       Collision Number 4
         Total Material
           Current                              0 +/- 0
       Collision Number 5
         Total Material
           Current                              0 +/- 0
     Outgoing Energy [1300000, 1400000.0000000002)
       Collision Number 2
         Total Material
           Current                              5.4e-08 +/- 1.07703e-08
       Collision Number 3
         Total Material
           Current                              8e-09 +/- 3.87562e-09
       Collision Number 4
         Total Material
           Current                              0 +/- 0
       Collision Number 5
         Total Material
           Current                              0 +/- 0
     Outgoing Energy [1400000.0000000002, 1500000)
       Collision Number 2
         Total Material
           Current                              5.6e-08 +/- 1.03648e-08
       Collision Number 3
         Total Material
           Current                              6e-09 +/- 3.39267e-09
       Collision Number 4
         Total Material
           Current                              0 +/- 0
       Collision Number 5
         Total Material
           Current                              0 +/- 0
     Outgoing Energy [1500000, 1600000)
       Collision Number 2
         Total Material
           Current                              4.4e-08 +/- 9.54474e-09
       Collision Number 3
         Total Material
           Current                              4e-09 +/- 2.79942e-09
       Collision Number 4
         Total Material
           Current                              0 +/- 0
       Collision Number 5
         Total Material
           Current                              0 +/- 0
     Outgoing Energy [1600000, 1700000.0000000002)
       Collision Number 2
         Total Material
           Current                              4.6e-08 +/- 8.67085e-09
       Collision Number 3
         Total Material
           Current                              2e-09 +/- 2e-09
       Collision Number 4
         Total Material
           Current                              0 +/- 0
       Collision Number 5
         Total Material
           Current                              0 +/- 0
     Outgoing Energy [1700000.0000000002, 1800000)
       Collision Number 2
         Total Material
           Current                              4.2e-08 +/- 1.07248e-08
       Collision Number 3
         Total Material
           Current                              4e-09 +/- 2.79942e-09
       Collision Number 4
         Total Material
           Current                              0 +/- 0
       Collision Number 5
         Total Material
           Current                              0 +/- 0
     Outgoing Energy [1800000, 1900000.0000000002)
       Collision Number 2
         Total Material
           Current                              4.4e-08 +/- 9.9632e-09
       Collision Number 3
         Total Material
           Current                              6e-09 +/- 3.39267e-09
       Collision Number 4
         Total Material
           Current                              0 +/- 0
       Collision Number 5
         Total Material
           Current                              0 +/- 0
     Outgoing Energy [1900000.0000000002, 2000000)
       Collision Number 2
         Total Material
           Current                              3.4e-08 +/- 7.88178e-09
       Collision Number 3
         Total Material
           Current                              2e-09 +/- 2e-09
       Collision Number 4
         Total Material
           Current                              0 +/- 0
       Collision Number 5
         Total Material
           Current                              0 +/- 0
     Outgoing Energy [2000000, 2100000)
       Collision Number 2
         Total Material
           Current                              4.6e-08 +/- 1.03844e-08
       Collision Number 3
         Total Material
           Current                              0 +/- 0
       Collision Number 4
         Total Material
           Current                              0 +/- 0
       Collision Number 5
         Total Material
           Current                              0 +/- 0
     Outgoing Energy [2100000, 2200000)
       Collision Number 2
         Total Material
           Current                              3.8e-08 +/- 9.42857e-09
       Collision Number 3
         Total Material
           Current                              2e-09 +/- 2e-09
       Collision Number 4
         Total Material
           Current                              0 +/- 0
       Collision Number 5
         Total Material
           Current                              0 +/- 0
     Outgoing Energy [2200000, 2300000.0000000005)
       Collision Number 2
         Total Material
           Current                              2.4e-08 +/- 6.10119e-09
       Collision Number 3
         Total Material
           Current                              2e-09 +/- 2e-09
       Collision Number 4
         Total Material
           Current                              0 +/- 0
       Collision Number 5
         Total Material
           Current                              0 +/- 0
     Outgoing Energy [2300000.0000000005, 2400000.0000000005)
       Collision Number 2
         Total Material
           Current                              4.2e-08 +/- 8.12655e-09
       Collision Number 3
         Total Material
           Current                              4e-09 +/- 2.79942e-09
       Collision Number 4
         Total Material
           Current                              0 +/- 0
       Collision Number 5
         Total Material
           Current                              0 +/- 0
     Outgoing Energy [2400000.0000000005, 2500000)
       Collision Number 2
         Total Material
           Current                              4.2e-08 +/- 8.61418e-09
       Collision Number 3
         Total Material
           Current                              0 +/- 0
       Collision Number 4
         Total Material
           Current                              0 +/- 0
       Collision Number 5
         Total Material
           Current                              0 +/- 0
     Outgoing Energy [2500000, 2600000)
       Collision Number 2
         Total Material
           Current                              2.2e-08 +/- 6.57143e-09
       Collision Number 3
         Total Material
           Current                              2e-09 +/- 2e-09
       Collision Number 4
         Total Material
           Current                              0 +/- 0
       Collision Number 5
         Total Material
           Current                              0 +/- 0
     Outgoing Energy [2600000, 2700000)
       Collision Number 2
         Total Material
           Current                              3e-08 +/- 8.20652e-09
       Collision Number 3
         Total Material
           Current                              6e-09 +/- 3.39267e-09
       Collision Number 4
         Total Material
           Current                              0 +/- 0
       Collision Number 5
         Total Material
           Current                              0 +/- 0
     Outgoing Energy [2700000, 2800000.0000000005)
       Collision Number 2
         Total Material
           Current                              4e-08 +/- 1.06904e-08
       Collision Number 3
         Total Material
           Current                              4e-09 +/- 2.79942e-09
       Collision Number 4
         Total Material
           Current                              0 +/- 0
       Collision Number 5
         Total Material
           Current                              0 +/- 0
     Outgoing Energy [2800000.0000000005, 2900000.0000000005)
       Collision Number 2
         Total Material
           Current                              4.2e-08 +/- 8.12655e-09
       Collision Number 3
         Total Material
           Current                              2e-09 +/- 2e-09
       Collision Number 4
         Total Material
           Current                              0 +/- 0
       Collision Number 5
         Total Material
           Current                              0 +/- 0
     Outgoing Energy [2900000.0000000005, 3000000)
       Collision Number 2
         Total Material
           Current                              2e-08 +/- 5.71429e-09
       Collision Number 3
         Total Material
           Current                              0 +/- 0
       Collision Number 4
         Total Material
           Current                              0 +/- 0
       Collision Number 5
         Total Material
           Current                              0 +/- 0
     Outgoing Energy [3000000, 3100000)
       Collision Number 2
         Total Material
           Current                              2e-08 +/- 5.71429e-09
       Collision Number 3
         Total Material
           Current                              6e-09 +/- 3.39267e-09
       Collision Number 4
         Total Material
           Current                              0 +/- 0
       Collision Number 5
         Total Material
           Current                              0 +/- 0
     Outgoing Energy [3100000, 3200000)
       Collision Number 2
         Total Material
           Current                              4e-09 +/- 2.79942e-09
       Collision Number 3
         Total Material
           Current                              4e-09 +/- 2.79942e-09
       Collision Number 4
         Total Material
           Current                              0 +/- 0
       Collision Number 5
         Total Material
           Current                              0 +/- 0
     Outgoing Energy [3200000, 3300000.0000000005)
       Collision Number 2
         Total Material
           Current                              1.8e-08 +/- 5.48839e-09
       Collision Number 3
         Total Material
           Current                              2e-09 +/- 2e-09
       Collision Number 4
         Total Material
           Current                              0 +/- 0
       Collision Number 5
         Total Material
           Current                              0 +/- 0
     Outgoing Energy [3300000.0000000005, 3400000.0000000005)
       Collision Number 2
         Total Material
           Current                              2.4e-08 +/- 6.73704e-09
       Collision Number 3
         Total Material
           Current                              0 +/- 0
       Collision Number 4
         Total Material
           Current                              2e-09 +/- 2e-09
       Collision Number 5
         Total Material
           Current                              0 +/- 0
     Outgoing Energy [3400000.0000000005, 3500000)
       Collision Number 2
         Total Material
           Current                              3e-08 +/- 6.54654e-09
       Collision Number 3
         Total Material
           Current                              0 +/- 0
       Collision Number 4
         Total Material
           Current                              0 +/- 0
       Collision Number 5
         Total Material
           Current                              0 +/- 0
     Outgoing Energy [3500000, 3600000)
       Collision Number 2
         Total Material
           Current                              2.6e-08 +/- 8.48047e-09
       Collision Number 3
         Total Material
           Current                              0 +/- 0
       Collision Number 4
         Total Material
           Current                              0 +/- 0
       Collision Number 5
         Total Material
           Current                              0 +/- 0
     Outgoing Energy [3600000, 3700000)
       Collision Number 2
         Total Material
           Current                              3.6e-08 +/- 7.95908e-09
       Collision Number 3
         Total Material
           Current                              0 +/- 0
       Collision Number 4
         Total Material
           Current                              0 +/- 0
       Collision Number 5
         Total Material
           Current                              0 +/- 0
     Outgoing Energy [3700000, 3800000.0000000005)
       Collision Number 2
         Total Material
           Current                              2e-08 +/- 5.71429e-09
       Collision Number 3
         Total Material
           Current                              2e-09 +/- 2e-09
       Collision Number 4
         Total Material
           Current                              0 +/- 0
       Collision Number 5
         Total Material
           Current                              0 +/- 0
     Outgoing Energy [3800000.0000000005, 3900000.0000000005)
       Collision Number 2
         Total Material
           Current                              1.8e-08 +/- 5.48839e-09
       Collision Number 3
         Total Material
           Current                              0 +/- 0
       Collision Number 4
         Total Material
           Current                              0 +/- 0
       Collision Number 5
         Total Material
           Current                              0 +/- 0
     Outgoing Energy [3900000.0000000005, 4000000)
       Collision Number 2
         Total Material
           Current                              2e-08 +/- 6.38877e-09
       Collision Number 3
         Total Material
           Current                              0 +/- 0
       Collision Number 4
         Total Material
           Current                              0 +/- 0
       Collision Number 5
         Total Material
           Current                              0 +/- 0
     Outgoing Energy [4000000, 4100000.0000000005)
       Collision Number 2
         Total Material
           Current                              2e-08 +/- 5.71429e-09
       Collision Number 3
         Total Material
           Current                              0 +/- 0
       Collision Number 4
         Total Material
           Current                              0 +/- 0
       Collision Number 5
         Total Material
           Current                              0 +/- 0
     Outgoing Energy [4100000.0000000005, 4200000)
       Collision Number 2
         Total Material
           Current                              1.2e-08 +/- 4.64231e-09
       Collision Number 3
         Total Material
           Current                              0 +/- 0
       Collision Number 4
         Total Material
           Current                              0 +/- 0
       Collision Number 5
         Total Material
           Current                              0 +/- 0
     Outgoing Energy [4200000, 4300000)
       Collision Number 2
         Total Material
           Current                              8e-09 +/- 3.87562e-09
       Collision Number 3
         Total Material
           Current                              0 +/- 0
       Collision Number 4
         Total Material
           Current                              0 +/- 0
       Collision Number 5
         Total Material
           Current                              0 +/- 0
     Outgoing Energy [4300000, 4400000)
       Collision Number 2
         Total Material
           Current                              1.8e-08 +/- 5.48839e-09
       Collision Number 3
         Total Material
           Current                              2e-09 +/- 2e-09
       Collision Number 4
         Total Material
           Current                              0 +/- 0
       Collision Number 5
         Total Material
           Current                              0 +/- 0
     Outgoing Energy [4400000, 4500000)
       Collision Number 2
         Total Material
           Current                              3.2e-08 +/- 7.79325e-09
       Collision Number 3
         Total Material
           Current                              0 +/- 0
       Collision Number 4
         Total Material
           Current                              0 +/- 0
       Collision Number 5
         Total Material
           Current                              0 +/- 0
     Outgoing Energy [4500000, 4600000.000000001)
       Collision Number 2
         Total Material
           Current                              1.4e-08 +/- 4.95696e-09
       Collision Number 3
         Total Material
           Current                              0 +/- 0
       Collision Number 4
         Total Material
           Current                              0 +/- 0
       Collision Number 5
         Total Material
           Current                              0 +/- 0
     Outgoing Energy [4600000.000000001, 4700000)
       Collision Number 2
         Total Material
           Current                              2e-08 +/- 6.38877e-09
       Collision Number 3
         Total Material
           Current                              0 +/- 0
       Collision Number 4
         Total Material
           Current                              0 +/- 0
       Collision Number 5
         Total Material
           Current                              0 +/- 0
     Outgoing Energy [4700000, 4800000.000000001)
       Collision Number 2
         Total Material
           Current                              2.4e-08 +/- 7.31786e-09
       Collision Number 3
         Total Material
           Current                              2e-09 +/- 2e-09
       Collision Number 4
         Total Material
           Current                              0 +/- 0
       Collision Number 5
         Total Material
           Current                              0 +/- 0
     Outgoing Energy [4800000.000000001, 4900000)
       Collision Number 2
         Total Material
           Current                              1.4e-08 +/- 5.72142e-09
       Collision Number 3
         Total Material
           Current                              0 +/- 0
       Collision Number 4
         Total Material
           Current                              0 +/- 0
       Collision Number 5
         Total Material
           Current                              0 +/- 0
     Outgoing Energy [4900000, 5000000)
       Collision Number 2
         Total Material
           Current                              1.6e-08 +/- 6.61476e-09
       Collision Number 3
         Total Material
           Current                              0 +/- 0
       Collision Number 4
         Total Material
           Current                              0 +/- 0
       Collision Number 5
         Total Material
           Current                              0 +/- 0
     Outgoing Energy [5000000, 5100000.000000001)
       Collision Number 2
         Total Material
           Current                              1.2e-08 +/- 4.64231e-09
       Collision Number 3
         Total Material
           Current                              0 +/- 0
       Collision Number 4
         Total Material
           Current                              0 +/- 0
       Collision Number 5
         Total Material
           Current                              0 +/- 0
     Outgoing Energy [5100000.000000001, 5200000)
       Collision Number 2
         Total Material
           Current                              1.8e-08 +/- 5.48839e-09
       Collision Number 3
         Total Material
           Current                              2e-09 +/- 2e-09
       Collision Number 4
         Total Material
           Current                              0 +/- 0
       Collision Number 5
         Total Material
           Current                              0 +/- 0
     Outgoing Energy [5200000, 5300000.000000001)
       Collision Number 2
         Total Material
           Current                              2.4e-08 +/- 6.10119e-09
       Collision Number 3
         Total Material
           Current                              0 +/- 0
       Collision Number 4
         Total Material
           Current                              0 +/- 0
       Collision Number 5
         Total Material
           Current                              0 +/- 0
     Outgoing Energy [5300000.000000001, 5400000)
       Collision Number 2
         Total Material
           Current                              1.4e-08 +/- 5.72142e-09
       Collision Number 3
         Total Material
           Current                              0 +/- 0
       Collision Number 4
         Total Material
           Current                              0 +/- 0
       Collision Number 5
         Total Material
           Current                              0 +/- 0
     Outgoing Energy [5400000, 5500000)
       Collision Number 2
         Total Material
           Current                              1.8e-08 +/- 6.18755e-09
       Collision Number 3
         Total Material
           Current                              0 +/- 0
       Collision Number 4
         Total Material
           Current                              0 +/- 0
       Collision Number 5
         Total Material
           Current                              0 +/- 0
     Outgoing Energy [5500000, 5600000.000000001)
       Collision Number 2
         Total Material
           Current                              2.8e-08 +/- 7.58086e-09
       Collision Number 3
         Total Material
           Current                              0 +/- 0
       Collision Number 4
         Total Material
           Current                              0 +/- 0
       Collision Number 5
         Total Material
           Current                              0 +/- 0
     Outgoing Energy [5600000.000000001, 5700000)
       Collision Number 2
         Total Material
           Current                              2e-08 +/- 6.99854e-09
       Collision Number 3
         Total Material
           Current                              2e-09 +/- 2e-09
       Collision Number 4
         Total Material
           Current                              0 +/- 0
       Collision Number 5
         Total Material
           Current                              0 +/- 0
     Outgoing Energy [5700000, 5800000.000000001)
       Collision Number 2
         Total Material
           Current                              1.6e-08 +/- 5.96589e-09
       Collision Number 3
         Total Material
           Current                              2e-09 +/- 2e-09
       Collision Number 4
         Total Material
           Current                              0 +/- 0
       Collision Number 5
         Total Material
           Current                              0 +/- 0
     Outgoing Energy [5800000.000000001, 5900000)
       Collision Number 2
         Total Material
           Current                              1.2e-08 +/- 4.64231e-09
       Collision Number 3
         Total Material
           Current                              0 +/- 0
       Collision Number 4
         Total Material
           Current                              0 +/- 0
       Collision Number 5
         Total Material
           Current                              0 +/- 0
     Outgoing Energy [5900000, 6000000)
       Collision Number 2
         Total Material
           Current                              1e-08 +/- 4.28571e-09
       Collision Number 3
         Total Material
           Current                              0 +/- 0
       Collision Number 4
         Total Material
           Current                              0 +/- 0
       Collision Number 5
         Total Material
           Current                              0 +/- 0
     Outgoing Energy [6000000, 6100000.000000001)
       Collision Number 2
         Total Material
           Current                              1.8e-08 +/- 5.48839e-09
       Collision Number 3
         Total Material
           Current                              0 +/- 0
       Collision Number 4
         Total Material
           Current                              0 +/- 0
       Collision Number 5
         Total Material
           Current                              0 +/- 0
     Outgoing Energy [6100000.000000001, 6200000)
       Collision Number 2
         Total Material
           Current                              4e-09 +/- 2.79942e-09
       Collision Number 3
         Total Material
           Current                              4e-09 +/- 2.79942e-09
       Collision Number 4
         Total Material
           Current                              0 +/- 0
       Collision Number 5
         Total Material
           Current                              0 +/- 0
     Outgoing Energy [6200000, 6300000.000000001)
       Collision Number 2
         Total Material
           Current                              1e-08 +/- 4.28571e-09
       Collision Number 3
         Total Material
           Current                              0 +/- 0
       Collision Number 4
         Total Material
           Current                              0 +/- 0
       Collision Number 5
         Total Material
           Current                              0 +/- 0
     Outgoing Energy [6300000.000000001, 6400000)
       Collision Number 2
         Total Material
           Current                              1.4e-08 +/- 5.72142e-09
       Collision Number 3
         Total Material
           Current                              0 +/- 0
       Collision Number 4
         Total Material
           Current                              0 +/- 0
       Collision Number 5
         Total Material
           Current                              0 +/- 0
     Outgoing Energy [6400000, 6500000)
       Collision Number 2
         Total Material
           Current                              8e-09 +/- 3.87562e-09
       Collision Number 3
         Total Material
           Current                              0 +/- 0
       Collision Number 4
         Total Material
           Current                              0 +/- 0
       Collision Number 5
         Total Material
           Current                              0 +/- 0
     Outgoing Energy [6500000, 6600000.000000001)
       Collision Number 2
         Total Material
           Current                              1e-08 +/- 4.28571e-09
       Collision Number 3
         Total Material
           Current                              2e-09 +/- 2e-09
       Collision Number 4
         Total Material
           Current                              0 +/- 0
       Collision Number 5
         Total Material
           Current                              0 +/- 0
     Outgoing Energy [6600000.000000001, 6700000)
       Collision Number 2
         Total Material
           Current                              2.2e-08 +/- 5.9178e-09
       Collision Number 3
         Total Material
           Current                              0 +/- 0
       Collision Number 4
         Total Material
           Current                              0 +/- 0
       Collision Number 5
         Total Material
           Current                              0 +/- 0
     Outgoing Energy [6700000, 6800000.000000001)
       Collision Number 2
         Total Material
           Current                              8e-09 +/- 3.87562e-09
       Collision Number 3
         Total Material
           Current                              0 +/- 0
       Collision Number 4
         Total Material
           Current                              0 +/- 0
       Collision Number 5
         Total Material
           Current                              0 +/- 0
     Outgoing Energy [6800000.000000001, 6900000)
       Collision Number 2
         Total Material
           Current                              1e-08 +/- 5.15079e-09
       Collision Number 3
         Total Material
           Current                              0 +/- 0
       Collision Number 4
         Total Material
           Current                              0 +/- 0
       Collision Number 5
         Total Material
           Current                              0 +/- 0
     Outgoing Energy [6900000, 7000000)
       Collision Number 2
         Total Material
           Current                              1.8e-08 +/- 5.48839e-09
       Collision Number 3
         Total Material
           Current                              0 +/- 0
       Collision Number 4
         Total Material
           Current                              0 +/- 0
       Collision Number 5
         Total Material
           Current                              0 +/- 0
     Outgoing Energy [7000000, 7100000.000000001)
       Collision Number 2
         Total Material
           Current                              1.8e-08 +/- 6.18755e-09
       Collision Number 3
         Total Material
           Current                              0 +/- 0
       Collision Number 4
         Total Material
           Current                              0 +/- 0
       Collision Number 5
         Total Material
           Current                              0 +/- 0
     Outgoing Energy [7100000.000000001, 7200000)
       Collision Number 2
         Total Material
           Current                              1.2e-08 +/- 5.45108e-09
       Collision Number 3
         Total Material
           Current                              0 +/- 0
       Collision Number 4
         Total Material
           Current                              0 +/- 0
       Collision Number 5
         Total Material
           Current                              0 +/- 0
     Outgoing Energy [7200000, 7300000.000000001)
       Collision Number 2
         Total Material
           Current                              1e-08 +/- 4.28571e-09
       Collision Number 3
         Total Material
           Current                              0 +/- 0
       Collision Number 4
         Total Material
           Current                              0 +/- 0
       Collision Number 5
         Total Material
           Current                              0 +/- 0
     Outgoing Energy [7300000.000000001, 7400000)
       Collision Number 2
         Total Material
           Current                              1e-08 +/- 4.28571e-09
       Collision Number 3
         Total Material
           Current                              0 +/- 0
       Collision Number 4
         Total Material
           Current                              0 +/- 0
       Collision Number 5
         Total Material
           Current                              0 +/- 0
     Outgoing Energy [7400000, 7500000)
       Collision Number 2
         Total Material
           Current                              1.6e-08 +/- 5.23723e-09
       Collision Number 3
         Total Material
           Current                              2e-09 +/- 2e-09
       Collision Number 4
         Total Material
           Current                              0 +/- 0
       Collision Number 5
         Total Material
           Current                              0 +/- 0
     Outgoing Energy [7500000, 7600000.000000001)
       Collision Number 2
         Total Material
           Current                              1.6e-08 +/- 5.96589e-09
       Collision Number 3
         Total Material
           Current                              0 +/- 0
       Collision Number 4
         Total Material
           Current                              0 +/- 0
       Collision Number 5
         Total Material
           Current                              0 +/- 0
     Outgoing Energy [7600000.000000001, 7700000)
       Collision Number 2
         Total Material
           Current                              8e-09 +/- 3.87562e-09
       Collision Number 3
         Total Material
           Current                              2e-09 +/- 2e-09
       Collision Number 4
         Total Material
           Current                              0 +/- 0
       Collision Number 5
         Total Material
           Current                              0 +/- 0
     Outgoing Energy [7700000, 7800000.000000001)
       Collision Number 2
         Total Material
           Current                              2e-08 +/- 5.71429e-09
       Collision Number 3
         Total Material
           Current                              0 +/- 0
       Collision Number 4
         Total Material
           Current                              0 +/- 0
       Collision Number 5
         Total Material
           Current                              0 +/- 0
     Outgoing Energy [7800000.000000001, 7900000)
       Collision Number 2
         Total Material
           Current                              2e-09 +/- 2e-09
       Collision Number 3
         Total Material
           Current                              0 +/- 0
       Collision Number 4
         Total Material
           Current                              0 +/- 0
       Collision Number 5
         Total Material
           Current                              0 +/- 0
     Outgoing Energy [7900000, 8000000)
       Collision Number 2
         Total Material
           Current                              1e-08 +/- 4.28571e-09
       Collision Number 3
         Total Material
           Current                              2e-09 +/- 2e-09
       Collision Number 4
         Total Material
           Current                              0 +/- 0
       Collision Number 5
         Total Material
           Current                              0 +/- 0
     Outgoing Energy [8000000, 8100000)
       Collision Number 2
         Total Material
           Current                              1.6e-08 +/- 5.23723e-09
       Collision Number 3
         Total Material
           Current                              0 +/- 0
       Collision Number 4
         Total Material
           Current                              0 +/- 0
       Collision Number 5
         Total Material
           Current                              0 +/- 0
     Outgoing Energy [8100000, 8200000.000000001)
       Collision Number 2
         Total Material
           Current                              8e-09 +/- 3.87562e-09
       Collision Number 3
         Total Material
           Current                              6e-09 +/- 3.39267e-09
       Collision Number 4
         Total Material
           Current                              0 +/- 0
       Collision Number 5
         Total Material
           Current                              0 +/- 0
     Outgoing Energy [8200000.000000001, 8300000.000000001)
       Collision Number 2
         Total Material
           Current                              1.2e-08 +/- 4.64231e-09
       Collision Number 3
         Total Material
           Current                              0 +/- 0
       Collision Number 4
         Total Material
           Current                              0 +/- 0
       Collision Number 5
         Total Material
           Current                              0 +/- 0
     Outgoing Energy [8300000.000000001, 8400000)
       Collision Number 2
         Total Material
           Current                              1.8e-08 +/- 5.48839e-09
       Collision Number 3
         Total Material
           Current                              0 +/- 0
       Collision Number 4
         Total Material
           Current                              0 +/- 0
       Collision Number 5
         Total Material
           Current                              0 +/- 0
     Outgoing Energy [8400000, 8500000)
       Collision Number 2
         Total Material
           Current                              8e-09 +/- 5.59883e-09
       Collision Number 3
         Total Material
           Current                              2e-09 +/- 2e-09
       Collision Number 4
         Total Material
           Current                              0 +/- 0
       Collision Number 5
         Total Material
           Current                              0 +/- 0
     Outgoing Energy [8500000, 8600000)
       Collision Number 2
         Total Material
           Current                              2.2e-08 +/- 5.9178e-09
       Collision Number 3
         Total Material
           Current                              0 +/- 0
       Collision Number 4
         Total Material
           Current                              0 +/- 0
       Collision Number 5
         Total Material
           Current                              0 +/- 0
     Outgoing Energy [8600000, 8700000.000000002)
       Collision Number 2
         Total Material
           Current                              2e-08 +/- 6.99854e-09
       Collision Number 3
         Total Material
           Current                              0 +/- 0
       Collision Number 4
         Total Material
           Current                              0 +/- 0
       Collision Number 5
         Total Material
           Current                              0 +/- 0
     Outgoing Energy [8700000.000000002, 8800000)
       Collision Number 2
         Total Material
           Current                              3.4e-08 +/- 8.38366e-09
       Collision Number 3
         Total Material
           Current                              0 +/- 0
       Collision Number 4
         Total Material
           Current                              0 +/- 0
       Collision Number 5
         Total Material
           Current                              0 +/- 0
     Outgoing Energy [8800000, 8900000)
       Collision Number 2
         Total Material
           Current                              1.8e-08 +/- 5.48839e-09
       Collision Number 3
         Total Material
           Current                              0 +/- 0
       Collision Number 4
         Total Material
           Current                              0 +/- 0
       Collision Number 5
         Total Material
           Current                              0 +/- 0
 =======================>     TALLY 4: N2N_RATE     <=======================

 Cell 1
   Total Material
     (n,2n)                               0.00609514 +/- 1.69494e-07
