 ======================>     TALLY 1: DDX_TALLY     <=======================

 Surface 7
   Polar Angle [1.038470904936626, 1.0559241974565692)
     Outgoing Energy [0, 20000)
       Total Material
         Current                              1.08e-06 +/- 1.08321e-07
     Outgoing Energy [20000, 40000)
       Total Material
         Current                              1.88e-06 +/- 1.70489e-07
     Outgoing Energy [40000, 60000)
       Total Material
         Current                              1.68e-06 +/- 2.60256e-07
     Outgoing Energy [60000, 80000)
       Total Material
         Current                              2.07e-06 +/- 2.10317e-07
     Outgoing Energy [80000, 100000)
       Total Material
         Current                              1.95e-06 +/- 2.83333e-07
     Outgoing Energy [100000, 120000)
       Total Material
         Current                              2.01e-06 +/- 2.2383e-07
     Outgoing Energy [120000, 140000)
       Total Material
         Current                              1.96e-06 +/- 9.68389e-08
     Outgoing Energy [140000, 160000)
       Total Material
         Current                              1.8e-06 +/- 2.09762e-07
     Outgoing Energy [160000, 180000)
       Total Material
         Current                              1.87e-06 +/- 1.24766e-07
     Outgoing Energy [180000, 200000)
       Total Material
         Current                              1.45e-06 +/- 1.31022e-07
     Outgoing Energy [200000, 220000)
       Total Material
         Current                              1.14e-06 +/- 1.04563e-07
     Outgoing Energy [220000, 240000)
       Total Material
         Current                              1.41e-06 +/- 2.07873e-07
     Outgoing Energy [240000, 260000)
       Total Material
         Current                              1.74e-06 +/- 1.59304e-07
     Outgoing Energy [260000, 280000)
       Total Material
         Current                              1.27e-06 +/- 1.36667e-07
     Outgoing Energy [280000, 300000)
       Total Material
         Current                              1.75e-06 +/- 2.41408e-07
     Outgoing Energy [300000, 320000)
       Total Material
         Current                              1.72e-06 +/- 1.98214e-07
     Outgoing Energy [320000, 340000)
       Total Material
         Current                              1.55e-06 +/- 1.80893e-07
     Outgoing Energy [340000, 360000)
       Total Material
         Current                              1.61e-06 +/- 7.37111e-08
     Outgoing Energy [360000, 380000)
       Total Material
         Current                              2.06e-06 +/- 1.74611e-07
     Outgoing Energy [380000, 400000)
       Total Material
         Current                              2.19e-06 +/- 1.68292e-07
     Outgoing Energy [400000, 420000)
       Total Material
         Current                              1.53e-06 +/- 1.54236e-07
     Outgoing Energy [420000, 440000)
       Total Material
         Current                              1.65e-06 +/- 2.1095e-07
     Outgoing Energy [440000, 460000)
       Total Material
         Current                              1.72e-06 +/- 1.8306e-07
     Outgoing Energy [460000, 480000)
       Total Material
         Current                              1.86e-06 +/- 1.26667e-07
     Outgoing Energy [480000, 500000)
       Total Material
         Current                              1.97e-06 +/- 1.89766e-07
     Outgoing Energy [500000, 520000)
       Total Material
         Current                              1.57e-06 +/- 1.97231e-07
     Outgoing Energy [520000, 540000)
       Total Material
         Current                              1.41e-06 +/- 2.01908e-07
     Outgoing Energy [540000, 560000)
       Total Material
         Current                              1.68e-06 +/- 2.021e-07
     Outgoing Energy [560000, 580000)
       Total Material
         Current                              1.58e-06 +/- 1.05198e-07
     Outgoing Energy [580000, 600000)
       Total Material
         Current                              1.88e-06 +/- 2.12289e-07
     Outgoing Energy [600000, 620000)
       Total Material
         Current                              1.34e-06 +/- 1.65462e-07
     Outgoing Energy [620000, 640000)
       Total Material
         Current                              1.38e-06 +/- 9.5219e-08
     Outgoing Energy [640000, 660000)
       Total Material
         Current                              1.41e-06 +/- 1.32874e-07
     Outgoing Energy [660000, 680000)
       Total Material
         Current                              1.33e-06 +/- 1.62652e-07
     Outgoing Energy [680000, 700000.0000000001)
       Total Material
         Current                              1.52e-06 +/- 1.79382e-07
     Outgoing Energy [700000.0000000001, 720000)
       Total Material
         Current                              1.33e-06 +/- 1.18369e-07
     Outgoing Energy [720000, 740000)
       Total Material
         Current                              1.39e-06 +/- 1.06927e-07
     Outgoing Energy [740000, 760000)
       Total Material
         Current                              1.42e-06 +/- 1.8962e-07
     Outgoing Energy [760000, 780000)
       Total Material
         Current                              1.05e-06 +/- 1.31022e-07
     Outgoing Energy [780000, 800000)
       Total Material
         Current                              1.01e-06 +/- 1.16857e-07
     Outgoing Energy [800000, 820000.0000000001)
       Total Material
         Current                              1.45e-06 +/- 1.60035e-07
     Outgoing Energy [820000.0000000001, 840000)
       Total Material
         Current                              1.56e-06 +/- 1.82087e-07
     Outgoing Energy [840000, 860000)
       Total Material
         Current                              1.29e-06 +/- 1.46401e-07
     Outgoing Energy [860000, 880000)
       Total Material
         Current                              1.15e-06 +/- 1.09798e-07
     Outgoing Energy [880000, 900000)
       Total Material
         Current                              1.14e-06 +/- 1.35974e-07
     Outgoing Energy [900000, 920000)
       Total Material
         Current                              1.02e-06 +/- 8.79394e-08
     Outgoing Energy [920000, 940000)
       Total Material
         Current                              1.14e-06 +/- 1.40791e-07
     Outgoing Energy [940000, 960000)
       Total Material
         Current                              9.4e-07 +/- 1.36789e-07
     Outgoing Energy [960000, 980000)
       Total Material
         Current                              6.5e-07 +/- 1.62104e-07
     Outgoing Energy [980000, 1000000)
       Total Material
         Current                              9e-07 +/- 1.542e-07
     Outgoing Energy [1000000, 1020000)
       Total Material
         Current                              1.01e-06 +/- 2.32594e-07
     Outgoing Energy [1020000, 1040000)
       Total Material
         Current                              8.5e-07 +/- 9.09823e-08
     Outgoing Energy [1040000, 1060000)
       Total Material
         Current                              1.02e-06 +/- 1.2e-07
     Outgoing Energy [1060000, 1080000)
       Total Material
         Current                              9.1e-07 +/- 1.51621e-07
     Outgoing Energy [1080000, 1100000)
       Total Material
         Current                              7.4e-07 +/- 7.91623e-08
     Outgoing Energy [1100000, 1120000)
       Total Material
         Current                              7.8e-07 +/- 1.31487e-07
     Outgoing Energy [1120000, 1140000.0000000002)
       Total Material
         Current                              7.3e-07 +/- 1.19304e-07
     Outgoing Energy [1140000.0000000002, 1160000)
       Total Material
         Current                              7.4e-07 +/- 1.29271e-07
     Outgoing Energy [1160000, 1180000)
       Total Material
         Current                              8.1e-07 +/- 1.40198e-07
     Outgoing Energy [1180000, 1200000)
       Total Material
         Current                              6.4e-07 +/- 1.19443e-07
     Outgoing Energy [1200000, 1220000)
       Total Material
         Current                              8.9e-07 +/- 1.26886e-07
     Outgoing Energy [1220000, 1240000)
       Total Material
         Current                              6.5e-07 +/- 1.66833e-07
     Outgoing Energy [1240000, 1260000)
       Total Material
         Current                              5.4e-07 +/- 1.10755e-07
     Outgoing Energy [1260000, 1280000)
       Total Material
         Current                              4.7e-07 +/- 9.43398e-08
     Outgoing Energy [1280000, 1300000)
       Total Material
         Current                              6.5e-07 +/- 1.04616e-07
     Outgoing Energy [1300000, 1320000)
       Total Material
         Current                              4.7e-07 +/- 1.16476e-07
     Outgoing Energy [1320000, 1340000)
       Total Material
         Current                              4.1e-07 +/- 9.82627e-08
     Outgoing Energy [1340000, 1360000)
       Total Material
         Current                              6e-07 +/- 1.21106e-07
     Outgoing Energy [1360000, 1380000)
       Total Material
         Current                              7.5e-07 +/- 1.14746e-07
     Outgoing Energy [1380000, 1400000.0000000002)
       Total Material
         Current                              6.9e-07 +/- 1.82239e-07
     Outgoing Energy [1400000.0000000002, 1420000)
       Total Material
         Current                              7.6e-07 +/- 1.31825e-07
     Outgoing Energy [1420000, 1440000)
       Total Material
         Current                              7e-07 +/- 5.96285e-08
     Outgoing Energy [1440000, 1460000)
       Total Material
         Current                              6.6e-07 +/- 9.68389e-08
     Outgoing Energy [1460000, 1480000)
       Total Material
         Current                              7.1e-07 +/- 1.24231e-07
     Outgoing Energy [1480000, 1500000)
       Total Material
         Current                              7e-07 +/- 1.27366e-07
     Outgoing Energy [1500000, 1520000)
       Total Material
         Current                              7.4e-07 +/- 1.19443e-07
     Outgoing Energy [1520000, 1540000)
       Total Material
         Current                              6.2e-07 +/- 1.24544e-07
     Outgoing Energy [1540000, 1560000)
       Total Material
         Current                              5e-07 +/- 8.16497e-08
     Outgoing Energy [1560000, 1580000)
       Total Material
         Current                              5.8e-07 +/- 8.5375e-08
     Outgoing Energy [1580000, 1600000)
       Total Material
         Current                              7.1e-07 +/- 1.57374e-07
     Outgoing Energy [1600000, 1620000)
       Total Material
         Current                              3e-07 +/- 7.1492e-08
     Outgoing Energy [1620000, 1640000.0000000002)
       Total Material
         Current                              2.4e-07 +/- 5.81187e-08
     Outgoing Energy [1640000.0000000002, 1660000.0000000002)
       Total Material
         Current                              4.2e-07 +/- 7.71722e-08
     Outgoing Energy [1660000.0000000002, 1680000)
       Total Material
         Current                              2.3e-07 +/- 4.72582e-08
     Outgoing Energy [1680000, 1700000)
       Total Material
         Current                              3.2e-07 +/- 8.91939e-08
     Outgoing Energy [1700000, 1720000)
       Total Material
         Current                              3.9e-07 +/- 4.58258e-08
     Outgoing Energy [1720000, 1740000)
       Total Material
         Current                              3.2e-07 +/- 6.28932e-08
     Outgoing Energy [1740000, 1760000)
       Total Material
         Current                              3.8e-07 +/- 6.28932e-08
     Outgoing Energy [1760000, 1780000)
       Total Material
         Current                              2.1e-07 +/- 4.81894e-08
     Outgoing Energy [1780000, 1800000)
       Total Material
         Current                              1.9e-07 +/- 5.46707e-08
     Outgoing Energy [1800000, 1820000)
       Total Material
         Current                              3e-07 +/- 9.42809e-08
     Outgoing Energy [1820000, 1840000)
       Total Material
         Current                              2.7e-07 +/- 5.38516e-08
     Outgoing Energy [1840000, 1860000)
       Total Material
         Current                              1.8e-07 +/- 5.53775e-08
     Outgoing Energy [1860000, 1880000)
       Total Material
         Current                              2.1e-07 +/- 5.04425e-08
     Outgoing Energy [1880000, 1900000.0000000002)
       Total Material
         Current                              2.4e-07 +/- 6e-08
     Outgoing Energy [1900000.0000000002, 1920000)
       Total Material
         Current                              1.9e-07 +/- 6.04612e-08
     Outgoing Energy [1920000, 1940000)
       Total Material
         Current                              1.6e-07 +/- 4.76095e-08
     Outgoing Energy [1940000, 1960000)
       Total Material
         Current                              3.5e-07 +/- 7.49074e-08
     Outgoing Energy [1960000, 1980000)
       Total Material
         Current                              2.4e-07 +/- 7.33333e-08
     Outgoing Energy [1980000, 2000000)
       Total Material
         Current                              1.6e-07 +/- 6.53197e-08
     Outgoing Energy [2000000, 2020000)
       Total Material
         Current                              3.8e-07 +/- 6.79869e-08
     Outgoing Energy [2020000, 2040000)
       Total Material
         Current                              2.2e-07 +/- 3.8873e-08
     Outgoing Energy [2040000, 2060000)
       Total Material
         Current                              2.7e-07 +/- 4.22953e-08
     Outgoing Energy [2060000, 2080000)
       Total Material
         Current                              3.8e-07 +/- 7.11805e-08
     Outgoing Energy [2080000, 2100000)
       Total Material
         Current                              4.5e-07 +/- 1.32707e-07
     Outgoing Energy [2100000, 2120000)
       Total Material
         Current                              1.048e-05 +/- 5.28688e-07
     Outgoing Energy [2120000, 2140000)
       Total Material
         Current                              1.013e-05 +/- 4.00014e-07
     Outgoing Energy [2140000, 2160000)
       Total Material
         Current                              7.29e-06 +/- 2.91147e-07
     Outgoing Energy [2160000, 2180000)
       Total Material
         Current                              4.51e-06 +/- 2.86143e-07
     Outgoing Energy [2180000, 2200000)
       Total Material
         Current                              4.45e-06 +/- 4.63381e-07
     Outgoing Energy [2200000, 2220000)
       Total Material
         Current                              3.6e-07 +/- 5.81187e-08
     Outgoing Energy [2220000, 2240000)
       Total Material
         Current                              2.8e-07 +/- 8.66667e-08
     Outgoing Energy [2240000, 2260000)
       Total Material
         Current                              2.3e-07 +/- 6.1554e-08
     Outgoing Energy [2260000, 2280000.0000000005)
       Total Material
         Current                              1.1e-07 +/- 3.78594e-08
     Outgoing Energy [2280000.0000000005, 2300000.0000000005)
       Total Material
         Current                              1.5e-07 +/- 4.77261e-08
     Outgoing Energy [2300000.0000000005, 2320000)
       Total Material
         Current                              1.6e-07 +/- 4.26875e-08
     Outgoing Energy [2320000, 2340000)
       Total Material
         Current                              2.3e-07 +/- 3.95811e-08
     Outgoing Energy [2340000, 2360000)
       Total Material
         Current                              1.3e-07 +/- 5.17472e-08
     Outgoing Energy [2360000, 2380000)
       Total Material
         Current                              6e-08 +/- 2.66667e-08
     Outgoing Energy [2380000, 2400000)
       Total Material
         Current                              1.6e-07 +/- 4.98888e-08
     Outgoing Energy [2400000, 2420000)
       Total Material
         Current                              1.7e-07 +/- 8.43933e-08
     Outgoing Energy [2420000, 2440000)
       Total Material
         Current                              1e-07 +/- 4.47214e-08
     Outgoing Energy [2440000, 2460000)
       Total Material
         Current                              8e-08 +/- 4.42217e-08
     Outgoing Energy [2460000, 2480000)
       Total Material
         Current                              7e-08 +/- 3e-08
 ====================>     TALLY 2: SINGLE_SCATTER     <====================

 Surface 7
   Polar Angle [1.038470904936626, 1.0559241974565692)
     Outgoing Energy [0, 20000)
       Collision Number 1
         Total Material
           Current                              5.2e-07 +/- 5.33333e-08
     Outgoing Energy [20000, 40000)
       Collision Number 1
         Total Material
           Current                              9e-07 +/- 8.56349e-08
     Outgoing Energy [40000, 60000)
       Collision Number 1
         Total Material
           Current                              7.5e-07 +/- 1.12793e-07
     Outgoing Energy [60000, 80000)
       Collision Number 1
         Total Material
           Current                              1.01e-06 +/- 1.21518e-07
     Outgoing Energy [80000, 100000)
       Collision Number 1
         Total Material
           Current                              9.6e-07 +/- 1.38404e-07
     Outgoing Energy [100000, 120000)
       Collision Number 1
         Total Material
           Current                              9.6e-07 +/- 1.13725e-07
     Outgoing Energy [120000, 140000)
       Collision Number 1
         Total Material
           Current                              9.8e-07 +/- 5.12076e-08
     Outgoing Energy [140000, 160000)
       Collision Number 1
         Total Material
           Current                              9.2e-07 +/- 9.75249e-08
     Outgoing Energy [160000, 180000)
       Collision Number 1
         Total Material
           Current                              9e-07 +/- 6.99206e-08
     Outgoing Energy [180000, 200000)
       Collision Number 1
         Total Material
           Current                              7.1e-07 +/- 8.7496e-08
     Outgoing Energy [200000, 220000)
       Collision Number 1
         Total Material
           Current                              5.7e-07 +/- 4.95536e-08
     Outgoing Energy [220000, 240000)
       Collision Number 1
         Total Material
           Current                              7e-07 +/- 1.11555e-07
     Outgoing Energy [240000, 260000)
       Collision Number 1
         Total Material
           Current                              8.4e-07 +/- 8.19214e-08
     Outgoing Energy [260000, 280000)
       Collision Number 1
         Total Material
           Current                              6.2e-07 +/- 8.5375e-08
     Outgoing Energy [280000, 300000)
       Collision Number 1
         Total Material
           Current                              8.5e-07 +/- 1.1949e-07
     Outgoing Energy [300000, 320000)
       Collision Number 1
         Total Material
           Current                              7.9e-07 +/- 1.02686e-07
     Outgoing Energy [320000, 340000)
       Collision Number 1
         Total Material
           Current                              7.8e-07 +/- 1.00885e-07
     Outgoing Energy [340000, 360000)
       Collision Number 1
         Total Material
           Current                              7.8e-07 +/- 4.66667e-08
     Outgoing Energy [360000, 380000)
       Collision Number 1
         Total Material
           Current                              1.03e-06 +/- 9.19541e-08
     Outgoing Energy [380000, 400000)
       Collision Number 1
         Total Material
           Current                              1.08e-06 +/- 8.5375e-08
     Outgoing Energy [400000, 420000)
       Collision Number 1
         Total Material
           Current                              7.6e-07 +/- 8.19214e-08
     Outgoing Energy [420000, 440000)
       Collision Number 1
         Total Material
           Current                              7.9e-07 +/- 1.03763e-07
     Outgoing Energy [440000, 460000)
       Collision Number 1
         Total Material
           Current                              8.3e-07 +/- 9.19541e-08
     Outgoing Energy [460000, 480000)
       Collision Number 1
         Total Material
           Current                              9.2e-07 +/- 6.46357e-08
     Outgoing Energy [480000, 500000)
       Collision Number 1
         Total Material
           Current                              9.5e-07 +/- 9.91632e-08
     Outgoing Energy [500000, 520000)
       Collision Number 1
         Total Material
           Current                              7.5e-07 +/- 1.07755e-07
     Outgoing Energy [520000, 540000)
       Collision Number 1
         Total Material
           Current                              6.9e-07 +/- 1.06927e-07
     Outgoing Energy [540000, 560000)
       Collision Number 1
         Total Material
           Current                              8.4e-07 +/- 1.15662e-07
     Outgoing Energy [560000, 580000)
       Collision Number 1
         Total Material
           Current                              7.5e-07 +/- 5.82142e-08
     Outgoing Energy [580000, 600000)
       Collision Number 1
         Total Material
           Current                              9.1e-07 +/- 9.48098e-08
     Outgoing Energy [600000, 620000)
       Collision Number 1
         Total Material
           Current                              6.7e-07 +/- 9.31546e-08
     Outgoing Energy [620000, 640000)
       Collision Number 1
         Total Material
           Current                              7.1e-07 +/- 4.06885e-08
     Outgoing Energy [640000, 660000)
       Collision Number 1
         Total Material
           Current                              7e-07 +/- 6.49786e-08
     Outgoing Energy [660000, 680000)
       Collision Number 1
         Total Material
           Current                              6.5e-07 +/- 8.72417e-08
     Outgoing Energy [680000, 700000.0000000001)
       Collision Number 1
         Total Material
           Current                              7.7e-07 +/- 8.95048e-08
     Outgoing Energy [700000.0000000001, 720000)
       Collision Number 1
         Total Material
           Current                              6.7e-07 +/- 6.50641e-08
     Outgoing Energy [720000, 740000)
       Collision Number 1
         Total Material
           Current                              6.7e-07 +/- 5.78312e-08
     Outgoing Energy [740000, 760000)
       Collision Number 1
         Total Material
           Current                              7.1e-07 +/- 9.36305e-08
     Outgoing Energy [760000, 780000)
       Collision Number 1
         Total Material
           Current                              5.2e-07 +/- 8.5375e-08
     Outgoing Energy [780000, 800000)
       Collision Number 1
         Total Material
           Current                              5.1e-07 +/- 6.04612e-08
     Outgoing Energy [800000, 820000.0000000001)
       Collision Number 1
         Total Material
           Current                              7e-07 +/- 7.1492e-08
     Outgoing Energy [820000.0000000001, 840000)
       Collision Number 1
         Total Material
           Current                              7.6e-07 +/- 8.96908e-08
     Outgoing Energy [840000, 860000)
       Collision Number 1
         Total Material
           Current                              6.8e-07 +/- 8e-08
     Outgoing Energy [860000, 880000)
       Collision Number 1
         Total Material
           Current                              5.6e-07 +/- 6e-08
     Outgoing Energy [880000, 900000)
       Collision Number 1
         Total Material
           Current                              5.4e-07 +/- 6.53197e-08
     Outgoing Energy [900000, 920000)
       Collision Number 1
         Total Material
           Current                              5.1e-07 +/- 4.58258e-08
     Outgoing Energy [920000, 940000)
       Collision Number 1
         Total Material
           Current                              5.5e-07 +/- 6.19139e-08
     Outgoing Energy [940000, 960000)
       Collision Number 1
         Total Material
           Current                              4.7e-07 +/- 7e-08
     Outgoing Energy [960000, 980000)
       Collision Number 1
         Total Material
           Current                              3.2e-07 +/- 8.66667e-08
     Outgoing Energy [980000, 1000000)
       Collision Number 1
         Total Material
           Current                              4.2e-07 +/- 8.27312e-08
     Outgoing Energy [1000000, 1020000)
       Collision Number 1
         Total Material
           Current                              4.9e-07 +/- 1.13969e-07
     Outgoing Energy [1020000, 1040000)
       Collision Number 1
         Total Material
           Current                              4.4e-07 +/- 5.20683e-08
     Outgoing Energy [1040000, 1060000)
       Collision Number 1
         Total Material
           Current                              5.1e-07 +/- 5.66667e-08
     Outgoing Energy [1060000, 1080000)
       Collision Number 1
         Total Material
           Current                              4.6e-07 +/- 7.63035e-08
     Outgoing Energy [1080000, 1100000)
       Collision Number 1
         Total Material
           Current                              3.8e-07 +/- 4.89898e-08
     Outgoing Energy [1100000, 1120000)
       Collision Number 1
         Total Material
           Current                              3.8e-07 +/- 5.92546e-08
     Outgoing Energy [1120000, 1140000.0000000002)
       Collision Number 1
         Total Material
           Current                              3.8e-07 +/- 6.46357e-08
     Outgoing Energy [1140000.0000000002, 1160000)
       Collision Number 1
         Total Material
           Current                              3.5e-07 +/- 6.19139e-08
     Outgoing Energy [1160000, 1180000)
       Collision Number 1
         Total Material
           Current                              3.9e-07 +/- 7.2188e-08
     Outgoing Energy [1180000, 1200000)
       Collision Number 1
         Total Material
           Current                              3.3e-07 +/- 5.58768e-08
     Outgoing Energy [1200000, 1220000)
       Collision Number 1
         Total Material
           Current                              4.3e-07 +/- 6.1554e-08
     Outgoing Energy [1220000, 1240000)
       Collision Number 1
         Total Material
           Current                              3.2e-07 +/- 9.5219e-08
     Outgoing Energy [1240000, 1260000)
       Collision Number 1
         Total Material
           Current                              2.8e-07 +/- 6.1101e-08
     Outgoing Energy [1260000, 1280000)
       Collision Number 1
         Total Material
           Current                              2.3e-07 +/- 4.22953e-08
     Outgoing Energy [1280000, 1300000)
       Collision Number 1
         Total Material
           Current                              3.3e-07 +/- 5.38516e-08
     Outgoing Energy [1300000, 1320000)
       Collision Number 1
         Total Material
           Current                              2.4e-07 +/- 6.53197e-08
     Outgoing Energy [1320000, 1340000)
       Collision Number 1
         Total Material
           Current                              1.8e-07 +/- 4.89898e-08
     Outgoing Energy [1340000, 1360000)
       Collision Number 1
         Total Material
           Current                              2.9e-07 +/- 5.66667e-08
     Outgoing Energy [1360000, 1380000)
       Collision Number 1
         Total Material
           Current                              3.6e-07 +/- 5.61743e-08
     Outgoing Energy [1380000, 1400000.0000000002)
       Collision Number 1
         Total Material
           Current                              3.5e-07 +/- 9.68963e-08
     Outgoing Energy [1400000.0000000002, 1420000)
       Collision Number 1
         Total Material
           Current                              3.8e-07 +/- 6.46357e-08
     Outgoing Energy [1420000, 1440000)
       Collision Number 1
         Total Material
           Current                              3.5e-07 +/- 2.68742e-08
     Outgoing Energy [1440000, 1460000)
       Collision Number 1
         Total Material
           Current                              3.1e-07 +/- 3.78594e-08
     Outgoing Energy [1460000, 1480000)
       Collision Number 1
         Total Material
           Current                              3.6e-07 +/- 6.53197e-08
     Outgoing Energy [1480000, 1500000)
       Collision Number 1
         Total Material
           Current                              3.3e-07 +/- 7e-08
     Outgoing Energy [1500000, 1520000)
       Collision Number 1
         Total Material
           Current                              3.6e-07 +/- 6.18241e-08
     Outgoing Energy [1520000, 1540000)
       Collision Number 1
         Total Material
           Current                              3.1e-07 +/- 6.22718e-08
     Outgoing Energy [1540000, 1560000)
       Collision Number 1
         Total Material
           Current                              2.6e-07 +/- 4.52155e-08
     Outgoing Energy [1560000, 1580000)
       Collision Number 1
         Total Material
           Current                              2.9e-07 +/- 4.33333e-08
     Outgoing Energy [1580000, 1600000)
       Collision Number 1
         Total Material
           Current                              3.6e-07 +/- 7.48331e-08
     Outgoing Energy [1600000, 1620000)
       Collision Number 1
         Total Material
           Current                              1.3e-07 +/- 2.60342e-08
     Outgoing Energy [1620000, 1640000.0000000002)
       Collision Number 1
         Total Material
           Current                              1.2e-07 +/- 3.59011e-08
     Outgoing Energy [1640000.0000000002, 1660000.0000000002)
       Collision Number 1
         Total Material
           Current                              2.1e-07 +/- 3.78594e-08
     Outgoing Energy [1660000.0000000002, 1680000)
       Collision Number 1
         Total Material
           Current                              1.2e-07 +/- 2.49444e-08
     Outgoing Energy [1680000, 1700000)
       Collision Number 1
         Total Material
           Current                              1.5e-07 +/- 4.53382e-08
     Outgoing Energy [1700000, 1720000)
       Collision Number 1
         Total Material
           Current                              1.7e-07 +/- 2.60342e-08
     Outgoing Energy [1720000, 1740000)
       Collision Number 1
         Total Material
           Current                              1.3e-07 +/- 2.60342e-08
     Outgoing Energy [1740000, 1760000)
       Collision Number 1
         Total Material
           Current                              2.1e-07 +/- 4.33333e-08
     Outgoing Energy [1760000, 1780000)
       Collision Number 1
         Total Material
           Current                              5e-08 +/- 2.23607e-08
     Outgoing Energy [1780000, 1800000)
       Collision Number 1
         Total Material
           Current                              8e-08 +/- 3.26599e-08
     Outgoing Energy [1800000, 1820000)
       Collision Number 1
         Total Material
           Current                              1.4e-07 +/- 3.71184e-08
     Outgoing Energy [1820000, 1840000)
       Collision Number 1
         Total Material
           Current                              1.3e-07 +/- 2.13437e-08
     Outgoing Energy [1840000, 1860000)
       Collision Number 1
         Total Material
           Current                              9e-08 +/- 2.76887e-08
     Outgoing Energy [1860000, 1880000)
       Collision Number 1
         Total Material
           Current                              9e-08 +/- 2.33333e-08
     Outgoing Energy [1880000, 1900000.0000000002)
       Collision Number 1
         Total Material
           Current                              1.1e-07 +/- 2.76887e-08
     Outgoing Energy [1900000.0000000002, 1920000)
       Collision Number 1
         Total Material
           Current                              8e-08 +/- 2.49444e-08
     Outgoing Energy [1920000, 1940000)
       Collision Number 1
         Total Material
           Current                              8e-08 +/- 2.49444e-08
     Outgoing Energy [1940000, 1960000)
       Collision Number 1
         Total Material
           Current                              1.7e-07 +/- 3.95811e-08
     Outgoing Energy [1960000, 1980000)
       Collision Number 1
         Total Material
           Current                              1e-07 +/- 2.98142e-08
     Outgoing Energy [1980000, 2000000)
       Collision Number 1
         Total Material
           Current                              7e-08 +/- 2.60342e-08
     Outgoing Energy [2000000, 2020000)
       Collision Number 1
         Total Material
           Current                              1.6e-07 +/- 3.39935e-08
     Outgoing Energy [2020000, 2040000)
       Collision Number 1
         Total Material
           Current                              1.1e-07 +/- 1.79505e-08
     Outgoing Energy [2040000, 2060000)
       Collision Number 1
         Total Material
           Current                              1.2e-07 +/- 2e-08
     Outgoing Energy [2060000, 2080000)
       Collision Number 1
         Total Material
           Current                              2e-07 +/- 3.65148e-08
     Outgoing Energy [2080000, 2100000)
       Collision Number 1
         Total Material
           Current                              2.1e-07 +/- 6.04612e-08
     Outgoing Energy [2100000, 2120000)
       Collision Number 1
         Total Material
           Current                              5.24e-06 +/- 2.59572e-07
     Outgoing Energy [2120000, 2140000)
       Collision Number 1
         Total Material
           Current                              5.04e-06 +/- 1.93333e-07
     Outgoing Energy [2140000, 2160000)
       Collision Number 1
         Total Material
           Current                              3.68e-06 +/- 1.49666e-07
     Outgoing Energy [2160000, 2180000)
       Collision Number 1
         Total Material
           Current                              2.26e-06 +/- 1.46211e-07
     Outgoing Energy [2180000, 2200000)
       Collision Number 1
         Total Material
           Current                              2.23e-06 +/- 2.21635e-07
     Outgoing Energy [2200000, 2220000)
       Collision Number 1
         Total Material
           Current                              1.8e-07 +/- 2.90593e-08
     Outgoing Energy [2220000, 2240000)
       Collision Number 1
         Total Material
           Current                              1.4e-07 +/- 4.26875e-08
     Outgoing Energy [2240000, 2260000)
       Collision Number 1
         Total Material
           Current                              1.1e-07 +/- 3.14466e-08
     Outgoing Energy [2260000, 2280000.0000000005)
       Collision Number 1
         Total Material
           Current                              5e-08 +/- 2.23607e-08
     Outgoing Energy [2280000.0000000005, 2300000.0000000005)
       Collision Number 1
         Total Material
           Current                              5e-08 +/- 2.23607e-08
     Outgoing Energy [2300000.0000000005, 2320000)
       Collision Number 1
         Total Material
           Current                              6e-08 +/- 1.63299e-08
     Outgoing Energy [2320000, 2340000)
       Collision Number 1
         Total Material
           Current                              1.3e-07 +/- 2.13437e-08
     Outgoing Energy [2340000, 2360000)
       Collision Number 1
         Total Material
           Current                              7e-08 +/- 2.60342e-08
     Outgoing Energy [2360000, 2380000)
       Collision Number 1
         Total Material
           Current                              2e-08 +/- 1.33333e-08
     Outgoing Energy [2380000, 2400000)
       Collision Number 1
         Total Material
           Current                              7e-08 +/- 2.13437e-08
     Outgoing Energy [2400000, 2420000)
       Collision Number 1
         Total Material
           Current                              8e-08 +/- 3.8873e-08
     Outgoing Energy [2420000, 2440000)
       Collision Number 1
         Total Material
           Current                              5e-08 +/- 2.23607e-08
     Outgoing Energy [2440000, 2460000)
       Collision Number 1
         Total Material
           Current                              4e-08 +/- 2.21108e-08
     Outgoing Energy [2460000, 2480000)
       Collision Number 1
         Total Material
           Current                              4e-08 +/- 1.63299e-08
 ===================>     TALLY 3: MULTIPLE_SCATTER     <===================

 Surface 7
   Polar Angle [1.038470904936626, 1.0559241974565692)
     Outgoing Energy [0, 20000)
       Collision Number 2
         Total Material
           Current                              6e-08 +/- 2.21108e-08
       Collision Number 3
         Total Material
           Current                              3e-08 +/- 1.52753e-08
       Collision Number 4
         Total Material
           Current                              0 +/- 0
       Collision Number 5
         Total Material
           Current                              0 +/- 0
     Outgoing Energy [20000, 40000)
       Collision Number 2
         Total Material
           Current                              1.3e-07 +/- 4.22953e-08
       Collision Number 3
         Total Material
           Current                              0 +/- 0
       Collision Number 4
         Total Material
           Current                              0 +/- 0
       Collision Number 5
         Total Material
           Current                              0 +/- 0
     Outgoing Energy [40000, 60000)
       Collision Number 2
         Total Material
           Current                              1.3e-07 +/- 3.34996e-08
       Collision Number 3
         Total Material
           Current                              1e-08 +/- 1e-08
       Collision Number 4
         Total Material
           Current                              2e-08 +/- 1.33333e-08
       Collision Number 5
         Total Material
           Current                              0 +/- 0
     Outgoing Energy [60000, 80000)
       Collision Number 2
         Total Material
           Current                              1e-07 +/- 3.94405e-08
       Collision Number 3
         Total Material
           Current                              2e-08 +/- 1.33333e-08
       Collision Number 4
         Total Material
           Current                              0 +/- 0
       Collision Number 5
         Total Material
           Current                              0 +/- 0
     Outgoing Energy [80000, 100000)
       Collision Number 2
         Total Material
           Current                              1e-07 +/- 2.58199e-08
       Collision Number 3
         Total Material
           Current                              3e-08 +/- 1.52753e-08
       Collision Number 4
         Total Material
           Current                              0 +/- 0
       Collision Number 5
         Total Material
           Current                              0 +/- 0
     Outgoing Energy [100000, 120000)
       Collision Number 2
         Total Material
           Current                              1.3e-07 +/- 3.66667e-08
       Collision Number 3
         Total Material
           Current                              0 +/- 0
       Collision Number 4
         Total Material
           Current                              0 +/- 0
       Collision Number 5
         Total Material
           Current                              0 +/- 0
     Outgoing Energy [120000, 140000)
       Collision Number 2
         Total Material
           Current                              7e-08 +/- 2.60342e-08
       Collision Number 3
         Total Material
           Current                              2e-08 +/- 1.33333e-08
       Collision Number 4
         Total Material
           Current                              0 +/- 0
       Collision Number 5
         Total Material
           Current                              0 +/- 0
     Outgoing Energy [140000, 160000)
       Collision Number 2
         Total Material
           Current                              1.1e-07 +/- 3.4801e-08
       Collision Number 3
         Total Material
           Current                              0 +/- 0
       Collision Number 4
         Total Material
           Current                              0 +/- 0
       Collision Number 5
         Total Material
           Current                              0 +/- 0
     Outgoing Energy [160000, 180000)
       Collision Number 2
         Total Material
           Current                              7e-08 +/- 2.13437e-08
       Collision Number 3
         Total Material
           Current                              0 +/- 0
       Collision Number 4
         Total Material
           Current                              0 +/- 0
       Collision Number 5
         Total Material
           Current                              0 +/- 0
     Outgoing Energy [180000, 200000)
       Collision Number 2
         Total Material
           Current                              9e-08 +/- 2.76887e-08
       Collision Number 3
         Total Material
           Current                              1e-08 +/- 1e-08
       Collision Number 4
         Total Material
           Current                              0 +/- 0
       Collision Number 5
         Total Material
           Current                              0 +/- 0
     Outgoing Energy [200000, 220000)
       Collision Number 2
         Total Material
           Current                              7e-08 +/- 2.60342e-08
       Collision Number 3
         Total Material
           Current                              1e-08 +/- 1e-08
       Collision Number 4
         Total Material
           Current                              0 +/- 0
       Collision Number 5
         Total Material
           Current                              0 +/- 0
     Outgoing Energy [220000, 240000)
       Collision Number 2
         Total Material
           Current                              7e-08 +/- 2.13437e-08
       Collision Number 3
         Total Material
           Current                              0 +/- 0
       Collision Number 4
         Total Material
           Current                              0 +/- 0
       Collision Number 5
         Total Material
           Current                              0 +/- 0
     Outgoing Energy [240000, 260000)
       Collision Number 2
         Total Material
           Current                              1.2e-07 +/- 2.49444e-08
       Collision Number 3
         Total Material
           Current                              1e-08 +/- 1e-08
       Collision Number 4
         Total Material
           Current                              0 +/- 0
       Collision Number 5
         Total Material
           Current                              0 +/- 0
     Outgoing Energy [260000, 280000)
       Collision Number 2
         Total Material
           Current                              9e-08 +/- 2.33333e-08
       Collision Number 3
         Total Material
           Current                              1e-08 +/- 1e-08
       Collision Number 4
         Total Material
           Current                              0 +/- 0
       Collision Number 5
         Total Material
           Current                              0 +/- 0
     Outgoing Energy [280000, 300000)
       Collision Number 2
         Total Material
           Current                              8e-08 +/- 3.26599e-08
       Collision Number 3
         Total Material
           Current                              1e-08 +/- 1e-08
       Collision Number 4
         Total Material
           Current                              0 +/- 0
       Collision Number 5
         Total Material
           Current                              0 +/- 0
     Outgoing Energy [300000, 320000)
       Collision Number 2
         Total Material
           Current                              1.2e-07 +/- 3.8873e-08
       Collision Number 3
         Total Material
           Current                              2e-08 +/- 1.33333e-08
       Collision Number 4
         Total Material
           Current                              0 +/- 0
       Collision Number 5
         Total Material
           Current                              0 +/- 0
     Outgoing Energy [320000, 340000)
       Collision Number 2
         Total Material
           Current                              6e-08 +/- 2.21108e-08
       Collision Number 3
         Total Material
           Current                              1e-08 +/- 1e-08
       Collision Number 4
         Total Material
           Current                              0 +/- 0
       Collision Number 5
         Total Material
           Current                              0 +/- 0
     Outgoing Energy [340000, 360000)
       Collision Number 2
         Total Material
           Current                              1e-07 +/- 3.33333e-08
       Collision Number 3
         Total Material
           Current                              3e-08 +/- 2.13437e-08
       Collision Number 4
         Total Material
           Current                              0 +/- 0
       Collision Number 5
         Total Material
           Current                              0 +/- 0
     Outgoing Energy [360000, 380000)
       Collision Number 2
         Total Material
           Current                              6e-08 +/- 2.21108e-08
       Collision Number 3
         Total Material
           Current                              0 +/- 0
       Collision Number 4
         Total Material
           Current                              0 +/- 0
       Collision Number 5
         Total Material
           Current                              0 +/- 0
     Outgoing Energy [380000, 400000)
       Collision Number 2
         Total Material
           Current                              5e-08 +/- 2.23607e-08
       Collision Number 3
         Total Material
           Current                              1e-08 +/- 1e-08
       Collision Number 4
         Total Material
           Current                              0 +/- 0
       Collision Number 5
         Total Material
           Current                              0 +/- 0
     Outgoing Energy [400000, 420000)
       Collision Number 2
         Total Material
           Current                              1e-07 +/- 3.33333e-08
       Collision Number 3
         Total Material
           Current                              0 +/- 0
       Collision Number 4
         Total Material
           Current                              0 +/- 0
       Collision Number 5
         Total Material
           Current                              0 +/- 0
     Outgoing Energy [420000, 440000)
       Collision Number 2
         Total Material
           Current                              8e-08 +/- 2e-08
       Collision Number 3
         Total Material
           Current                              0 +/- 0
       Collision Number 4
         Total Material
           Current                              0 +/- 0
       Collision Number 5
         Total Material
           Current                              0 +/- 0
     Outgoing Energy [440000, 460000)
       Collision Number 2
         Total Material
           Current                              1e-07 +/- 2.10819e-08
       Collision Number 3
         Total Material
           Current                              0 +/- 0
       Collision Number 4
         Total Material
           Current                              0 +/- 0
       Collision Number 5
         Total Material
           Current                              0 +/- 0
     Outgoing Energy [460000, 480000)
       Collision Number 2
         Total Material
           Current                              3e-08 +/- 1.52753e-08
       Collision Number 3
         Total Material
           Current                              0 +/- 0
       Collision Number 4
         Total Material
           Current                              0 +/- 0
       Collision Number 5
         Total Material
           Current                              0 +/- 0
     Outgoing Energy [480000, 500000)
       Collision Number 2
         Total Material
           Current                              6e-08 +/- 2.21108e-08
       Collision Number 3
         Total Material
           Current                              1e-08 +/- 1e-08
       Collision Number 4
         Total Material
           Current                              0 +/- 0
       Collision Number 5
         Total Material
           Current                              0 +/- 0
     Outgoing Energy [500000, 520000)
       Collision Number 2
         Total Material
           Current                              6e-08 +/- 2.21108e-08
       Collision Number 3
         Total Material
           Current                              1e-08 +/- 1e-08
       Collision Number 4
         Total Material
           Current                              0 +/- 0
       Collision Number 5
         Total Material
           Current                              0 +/- 0
     Outgoing Energy [520000, 540000)
       Collision Number 2
         Total Material
           Current                              6e-08 +/- 2.21108e-08
       Collision Number 3
         Total Material
           Current                              1e-08 +/- 1e-08
       Collision Number 4
         Total Material
           Current                              0 +/- 0
       Collision Number 5
         Total Material
           Current                              0 +/- 0
     Outgoing Energy [540000, 560000)
       Collision Number 2
         Total Material
           Current                              7e-08 +/- 3e-08
       Collision Number 3
         Total Material
           Current                              1e-08 +/- 1e-08
       Collision Number 4
         Total Material
           Current                              0 +/- 0
       Collision Number 5
         Total Material
           Current                              0 +/- 0
     Outgoing Energy [560000, 580000)
       Collision Number 2
         Total Material
           Current                              8e-08 +/- 2.49444e-08
       Collision Number 3
         Total Material
           Current                              2e-08 +/- 1.33333e-08
       Collision Number 4
         Total Material
           Current                              0 +/- 0
       Collision Number 5
         Total Material
           Current                              0 +/- 0
     Outgoing Energy [580000, 600000)
       Collision Number 2
         Total Material
           Current                              9e-08 +/- 2.33333e-08
       Collision Number 3
         Total Material
           Current                              0 +/- 0
       Collision Number 4
         Total Material
           Current                              0 +/- 0
       Collision Number 5
         Total Material
           Current                              0 +/- 0
     Outgoing Energy [600000, 620000)
       Collision Number 2
         Total Material
           Current                              6e-08 +/- 2.66667e-08
       Collision Number 3
         Total Material
           Current                              0 +/- 0
       Collision Number 4
         Total Material
           Current                              0 +/- 0
       Collision Number 5
         Total Material
           Current                              0 +/- 0
     Outgoing Energy [620000, 640000)
       Collision Number 2
         Total Material
           Current                              6e-08 +/- 2.21108e-08
       Collision Number 3
         Total Material
           Current                              0 +/- 0
       Collision Number 4
         Total Material
           Current                              0 +/- 0
       Collision Number 5
         Total Material
           Current                              0 +/- 0
     Outgoing Energy [640000, 660000)
       Collision Number 2
         Total Material
           Current                              4e-08 +/- 1.63299e-08
       Collision Number 3
         Total Material
           Current                              1e-08 +/- 1e-08
       Collision Number 4
         Total Material
           Current                              0 +/- 0
       Collision Number 5
         Total Material
           Current                              0 +/- 0
     Outgoing Energy [660000, 680000)
       Collision Number 2
         Total Material
           Current                              7e-08 +/- 1.52753e-08
       Collision Number 3
         Total Material
           Current                              0 +/- 0
       Collision Number 4
         Total Material
           Current                              0 +/- 0
       Collision Number 5
         Total Material
           Current                              0 +/- 0
     Outgoing Energy [680000, 700000.0000000001)
       Collision Number 2
         Total Material
           Current                              3e-08 +/- 2.13437e-08
       Collision Number 3
         Total Material
           Current                              0 +/- 0
       Collision Number 4
         Total Material
           Current                              0 +/- 0
       Collision Number 5
         Total Material
           Current                              0 +/- 0
     Outgoing Energy [700000.0000000001, 720000)
       Collision Number 2
         Total Material
           Current                              4e-08 +/- 2.66667e-08
       Collision Number 3
         Total Material
           Current                              0 +/- 0
       Collision Number 4
         Total Material
           Current                              0 +/- 0
       Collision Number 5
         Total Material
           Current                              0 +/- 0
     Outgoing Energy [720000, 740000)
       Collision Number 2
         Total Material
           Current                              4e-08 +/- 2.21108e-08
       Collision Number 3
         Total Material
           Current                              0 +/- 0
       Collision Number 4
         Total Material
           Current                              0 +/- 0
       Collision Number 5
         Total Material
           Current                              0 +/- 0
     Outgoing Energy [740000, 760000)
       Collision Number 2
         Total Material
           Current                              2e-08 +/- 1.33333e-08
       Collision Number 3
         Total Material
           Current                              1e-08 +/- 1e-08
       Collision Number 4
         Total Material
           Current                              0 +/- 0
       Collision Number 5
         Total Material
           Current                              0 +/- 0
     Outgoing Energy [760000, 780000)
       Collision Number 2
         Total Material
           Current                              8e-08 +/- 2.49444e-08
       Collision Number 3
         Total Material
           Current                              0 +/- 0
       Collision Number 4
         Total Material
           Current                              0 +/- 0
       Collision Number 5
         Total Material
           Current                              0 +/- 0
     Outgoing Energy [780000, 800000)
       Collision Number 2
         Total Material
           Current                              1e-08 +/- 1e-08
       Collision Number 3
         Total Material
           Current                              1e-08 +/- 1e-08
       Collision Number 4
         Total Material
           Current                              0 +/- 0
       Collision Number 5
         Total Material
           Current                              0 +/- 0
     Outgoing Energy [800000, 820000.0000000001)
       Collision Number 2
         Total Material
           Current                              3e-08 +/- 1.52753e-08
       Collision Number 3
         Total Material
           Current                              0 +/- 0
       Collision Number 4
         Total Material
           Current                              0 +/- 0
       Collision Number 5
         Total Material
           Current                              0 +/- 0
     Outgoing Energy [820000.0000000001, 840000)
       Collision Number 2
         Total Material
           Current                              5e-08 +/- 2.68742e-08
       Collision Number 3
         Total Material
           Current                              1e-08 +/- 1e-08
       Collision Number 4
         Total Material
           Current                              0 +/- 0
       Collision Number 5
         Total Material
           Current                              0 +/- 0
     Outgoing Energy [840000, 860000)
       Collision Number 2
         Total Material
           Current                              0 +/- 0
       Collision Number 3
         Total Material
           Current                              0 +/- 0
       Collision Number 4
         Total Material
           Current                              0 +/- 0
       Collision Number 5
         Total Material
           Current                              0 +/- 0
     Outgoing Energy [860000, 880000)
       Collision Number 2
         Total Material
           Current                              4e-08 +/- 2.21108e-08
       Collision Number 3
         Total Material
           Current                              0 +/- 0
       Collision Number 4
         Total Material
           Current                              0 +/- 0
       Collision Number 5
         Total Material
           Current                              0 +/- 0
     Outgoing Energy [880000, 900000)
       Collision Number 2
         Total Material
           Current                              7e-08 +/- 2.60342e-08
       Collision Number 3
         Total Material
           Current                              0 +/- 0
       Collision Number 4
         Total Material
           Current                              0 +/- 0
       Collision Number 5
         Total Material
           Current                              0 +/- 0
     Outgoing Energy [900000, 920000)
       Collision Number 2
         Total Material
           Current                              1e-08 +/- 1e-08
       Collision Number 3
         Total Material
           Current                              0 +/- 0
       Collision Number 4
         Total Material
           Current                              0 +/- 0
       Collision Number 5
         Total Material
           Current                              0 +/- 0
     Outgoing Energy [920000, 940000)
       Collision Number 2
         Total Material
           Current                              2e-08 +/- 1.33333e-08
       Collision Number 3
         Total Material
           Current                              0 +/- 0
       Collision Number 4
         Total Material
           Current                              0 +/- 0
       Collision Number 5
         Total Material
           Current                              0 +/- 0
     Outgoing Energy [940000, 960000)
       Collision Number 2
         Total Material
           Current                              4e-08 +/- 1.63299e-08
       Collision Number 3
         Total Material
           Current                              0 +/- 0
       Collision Number 4
         Total Material
           Current                              0 +/- 0
       Collision Number 5
         Total Material
           Current                              0 +/- 0
     Outgoing Energy [960000, 980000)
       Collision Number 2
         Total Material
           Current                              2e-08 +/- 1.33333e-08
       Collision Number 3
         Total Material
           Current                              0 +/- 0
       Collision Number 4
         Total Material
           Current                              0 +/- 0
       Collision Number 5
         Total Material
           Current                              0 +/- 0
     Outgoing Energy [980000, 1000000)
       Collision Number 2
         Total Material
           Current                              7e-08 +/- 2.13437e-08
       Collision Number 3
         Total Material
           Current                              0 +/- 0
       Collision Number 4
         Total Material
           Current                              0 +/- 0
       Collision Number 5
         Total Material
           Current                              0 +/- 0
     Outgoing Energy [1000000, 1020000)
       Collision Number 2
         Total Material
           Current                              2e-08 +/- 1.33333e-08
       Collision Number 3
         Total Material
           Current                              0 +/- 0
       Collision Number 4
         Total Material
           Current                              0 +/- 0
       Collision Number 5
         Total Material
           Current                              0 +/- 0
     Outgoing Energy [1020000, 1040000)
       Collision Number 2
         Total Material
           Current                              2e-08 +/- 1.33333e-08
       Collision Number 3
         Total Material
           Current                              0 +/- 0
       Collision Number 4
         Total Material
           Current                              0 +/- 0
       Collision Number 5
         Total Material
           Current                              0 +/- 0
     Outgoing Energy [1040000, 1060000)
       Collision Number 2
         Total Material
           Current                              1e-08 +/- 1e-08
       Collision Number 3
         Total Material
           Current                              0 +/- 0
       Collision Number 4
         Total Material
           Current                              1e-08 +/- 1e-08
       Collision Number 5
         Total Material
           Current                              0 +/- 0
     Outgoing Energy [1060000, 1080000)
       Collision Number 2
         Total Material
           Current                              3e-08 +/- 1.52753e-08
       Collision Number 3
         Total Material
           Current                              0 +/- 0
       Collision Number 4
         Total Material
           Current                              0 +/- 0
       Collision Number 5
         Total Material
           Current                              0 +/- 0
     Outgoing Energy [1080000, 1100000)
       Collision Number 2
         Total Material
           Current                              2e-08 +/- 1.33333e-08
       Collision Number 3
         Total Material
           Current                              0 +/- 0
       Collision Number 4
         Total Material
           Current                              0 +/- 0
       Collision Number 5
         Total Material
           Current                              0 +/- 0
     Outgoing Energy [1100000, 1120000)
       Collision Number 2
         Total Material
           Current                              1e-08 +/- 1e-08
       Collision Number 3
         Total Material
           Current                              0 +/- 0
       Collision Number 4
         Total Material
           Current                              0 +/- 0
       Collision Number 5
         Total Material
           Current                              0 +/- 0
     Outgoing Energy [1120000, 1140000.0000000002)
       Collision Number 2
         Total Material
           Current                              1e-08 +/- 1e-08
       Collision Number 3
         Total Material
           Current                              0 +/- 0
       Collision Number 4
         Total Material
           Current                              0 +/- 0
       Collision Number 5
         Total Material
           Current                              0 +/- 0
     Outgoing Energy [1140000.0000000002, 1160000)
       Collision Number 2
         Total Material
           Current                              4e-08 +/- 1.63299e-08
       Collision Number 3
         Total Material
           Current                              0 +/- 0
       Collision Number 4
         Total Material
           Current                              0 +/- 0
       Collision Number 5
         Total Material
           Current                              0 +/- 0
     Outgoing Energy [1160000, 1180000)
       Collision Number 2
         Total Material
           Current                              5e-08 +/- 1.66667e-08
       Collision Number 3
         Total Material
           Current                              0 +/- 0
       Collision Number 4
         Total Material
           Current                              0 +/- 0
       Collision Number 5
         Total Material
           Current                              0 +/- 0
     Outgoing Energy [1180000, 1200000)
       Collision Number 2
         Total Material
           Current                              4e-08 +/- 2.21108e-08
       Collision Number 3
         Total Material
           Current                              0 +/- 0
       Collision Number 4
         Total Material
           Current                              0 +/- 0
       Collision Number 5
         Total Material
           Current                              0 +/- 0
     Outgoing Energy [1200000, 1220000)
       Collision Number 2
         Total Material
           Current                              5e-08 +/- 2.23607e-08
       Collision Number 3
         Total Material
           Current                              0 +/- 0
       Collision Number 4
         Total Material
           Current                              0 +/- 0
       Collision Number 5
         Total Material
           Current                              0 +/- 0
     Outgoing Energy [1220000, 1240000)
       Collision Number 2
         Total Material
           Current                              3e-08 +/- 1.52753e-08
       Collision Number 3
         Total Material
           Current                              0 +/- 0
       Collision Number 4
         Total Material
           Current                              0 +/- 0
       Collision Number 5
         Total Material
           Current                              0 +/- 0
     Outgoing Energy [1240000, 1260000)
       Collision Number 2
         Total Material
           Current                              3e-08 +/- 2.13437e-08
       Collision Number 3
         Total Material
           Current                              0 +/- 0
       Collision Number 4
         Total Material
           Current                              0 +/- 0
       Collision Number 5
         Total Material
           Current                              0 +/- 0
     Outgoing Energy [1260000, 1280000)
       Collision Number 2
         Total Material
           Current                              2e-08 +/- 1.33333e-08
       Collision Number 3
         Total Material
           Current                              0 +/- 0
       Collision Number 4
         Total Material
           Current                              0 +/- 0
       Collision Number 5
         Total Material
           Current                              0 +/- 0
     Outgoing Energy [1280000, 1300000)
       Collision Number 2
         Total Material
           Current                              1e-08 +/- 1e-08
       Collision Number 3
         Total Material
           Current                              0 +/- 0
       Collision Number 4
         Total Material
           Current                              0 +/- 0
       Collision Number 5
         Total Material
           Current                              0 +/- 0
     Outgoing Energy [1300000, 1320000)
       Collision Number 2
         Total Material
           Current                              0 +/- 0
       Collision Number 3
         Total Material
           Current                              0 +/- 0
       Collision Number 4
         Total Material
           Current                              0 +/- 0
       Collision Number 5
         Total Material
           Current                              0 +/- 0
     Outgoing Energy [1320000, 1340000)
       Collision Number 2
         Total Material
           Current                              3e-08 +/- 1.52753e-08
       Collision Number 3
         Total Material
           Current                              0 +/- 0
       Collision Number 4
         Total Material
           Current                              0 +/- 0
       Collision Number 5
         Total Material
           Current                              0 +/- 0
     Outgoing Energy [1340000, 1360000)
       Collision Number 2
         Total Material
           Current                              2e-08 +/- 1.33333e-08
       Collision Number 3
         Total Material
           Current                              0 +/- 0
       Collision Number 4
         Total Material
           Current                              0 +/- 0
       Collision Number 5
         Total Material
           Current                              0 +/- 0
     Outgoing Energy [1360000, 1380000)
       Collision Number 2
         Total Material
           Current                              4e-08 +/- 2.21108e-08
       Collision Number 3
         Total Material
           Current                              1e-08 +/- 1e-08
       Collision Number 4
         Total Material
           Current                              0 +/- 0
       Collision Number 5
         Total Material
           Current                              0 +/- 0
     Outgoing Energy [1380000, 1400000.0000000002)
       Collision Number 2
         Total Material
           Current                              1e-08 +/- 1e-08
       Collision Number 3
         Total Material
           Current                              0 +/- 0
       Collision Number 4
         Total Material
           Current                              0 +/- 0
       Collision Number 5
         Total Material
           Current                              0 +/- 0
     Outgoing Energy [1400000.0000000002, 1420000)
       Collision Number 2
         Total Material
           Current                              1e-08 +/- 1e-08
       Collision Number 3
         Total Material
           Current                              1e-08 +/- 1e-08
       Collision Number 4
         Total Material
           Current                              0 +/- 0
       Collision Number 5
         Total Material
           Current                              0 +/- 0
     Outgoing Energy [1420000, 1440000)
       Collision Number 2
         Total Material
           Current                              3e-08 +/- 1.52753e-08
       Collision Number 3
         Total Material
           Current                              0 +/- 0
       Collision Number 4
         Total Material
           Current                              0 +/- 0
       Collision Number 5
         Total Material
           Current                              0 +/- 0
     Outgoing Energy [1440000, 1460000)
       Collision Number 2
         Total Material
           Current                              3e-08 +/- 1.52753e-08
       Collision Number 3
         Total Material
           Current                              0 +/- 0
       Collision Number 4
         Total Material
           Current                              0 +/- 0
       Collision Number 5
         Total Material
           Current                              0 +/- 0
     Outgoing Energy [1460000, 1480000)
       Collision Number 2
         Total Material
           Current                              1e-08 +/- 1e-08
       Collision Number 3
         Total Material
           Current                              0 +/- 0
       Collision Number 4
         Total Material
           Current                              0 +/- 0
       Collision Number 5
         Total Material
           Current                              0 +/- 0
     Outgoing Energy [1480000, 1500000)
       Collision Number 2
         Total Material
           Current                              4e-08 +/- 1.63299e-08
       Collision Number 3
         Total Material
           Current                              0 +/- 0
       Collision Number 4
         Total Material
           Current                              0 +/- 0
       Collision Number 5
         Total Material
           Current                              0 +/- 0
     Outgoing Energy [1500000, 1520000)
       Collision Number 2
         Total Material
           Current                              2e-08 +/- 1.33333e-08
       Collision Number 3
         Total Material
           Current                              0 +/- 0
       Collision Number 4
         Total Material
           Current                              0 +/- 0
       Collision Number 5
         Total Material
           Current                              0 +/- 0
     Outgoing Energy [1520000, 1540000)
       Collision Number 2
         Total Material
           Current                              1e-08 +/- 1e-08
       Collision Number 3
         Total Material
           Current                              0 +/- 0
       Collision Number 4
         Total Material
           Current                              0 +/- 0
       Collision Number 5
         Total Material
           Current                              0 +/- 0
     Outgoing Energy [1540000, 1560000)
       Collision Number 2
         Total Material
           Current                              1e-08 +/- 1e-08
       Collision Number 3
         Total Material
           Current                              0 +/- 0
       Collision Number 4
         Total Material
           Current                              0 +/- 0
       Collision Number 5
         Total Material
           Current                              0 +/- 0
     Outgoing Energy [1560000, 1580000)
       Collision Number 2
         Total Material
           Current                              1e-08 +/- 1e-08
       Collision Number 3
         Total Material
           Current                              0 +/- 0
       Collision Number 4
         Total Material
           Current                              0 +/- 0
       Collision Number 5
         Total Material
           Current                              0 +/- 0
     Outgoing Energy [1580000, 1600000)
       Collision Number 2
         Total Material
           Current                              2e-08 +/- 1.33333e-08
       Collision Number 3
         Total Material
           Current                              0 +/- 0
       Collision Number 4
         Total Material
           Current                              0 +/- 0
       Collision Number 5
         Total Material
           Current                              0 +/- 0
     Outgoing Energy [1600000, 1620000)
       Collision Number 2
         Total Material
           Current                              3e-08 +/- 2.13437e-08
       Collision Number 3
         Total Material
           Current                              0 +/- 0
       Collision Number 4
         Total Material
           Current                              0 +/- 0
       Collision Number 5
         Total Material
           Current                              0 +/- 0
     Outgoing Energy [1620000, 1640000.0000000002)
       Collision Number 2
         Total Material
           Current                              2e-08 +/- 1.33333e-08
       Collision Number 3
         Total Material
           Current                              0 +/- 0
       Collision Number 4
         Total Material
           Current                              0 +/- 0
       Collision Number 5
         Total Material
           Current                              0 +/- 0
     Outgoing Energy [1640000.0000000002, 1660000.0000000002)
       Collision Number 2
         Total Material
           Current                              2e-08 +/- 1.33333e-08
       Collision Number 3
         Total Material
           Current                              0 +/- 0
       Collision Number 4
         Total Material
           Current                              0 +/- 0
       Collision Number 5
         Total Material
           Current                              0 +/- 0
     Outgoing Energy [1660000.0000000002, 1680000)
       Collision Number 2
         Total Material
           Current                              0 +/- 0
       Collision Number 3
         Total Material
           Current                              0 +/- 0
       Collision Number 4
         Total Material
           Current                              0 +/- 0
       Collision Number 5
         Total Material
           Current                              0 +/- 0
     Outgoing Energy [1680000, 1700000)
       Collision Number 2
         Total Material
           Current                              5e-08 +/- 1.66667e-08
       Collision Number 3
         Total Material
           Current                              0 +/- 0
       Collision Number 4
         Total Material
           Current                              0 +/- 0
       Collision Number 5
         Total Material
           Current                              0 +/- 0
     Outgoing Energy [1700000, 1720000)
       Collision Number 2
         Total Material
           Current                              6e-08 +/- 2.21108e-08
       Collision Number 3
         Total Material
           Current                              0 +/- 0
       Collision Number 4
         Total Material
           Current                              0 +/- 0
       Collision Number 5
         Total Material
           Current                              0 +/- 0
     Outgoing Energy [1720000, 1740000)
       Collision Number 2
         Total Material
           Current                              5e-08 +/- 1.66667e-08
       Collision Number 3
         Total Material
           Current                              0 +/- 0
       Collision Number 4
         Total Material
           Current                              0 +/- 0
       Collision Number 5
         Total Material
           Current                              0 +/- 0
     Outgoing Energy [1740000, 1760000)
       Collision Number 2
         Total Material
           Current                              1e-08 +/- 1e-08
       Collision Number 3
         Total Material
           Current                              0 +/- 0
       Collision Number 4
         Total Material
           Current                              0 +/- 0
       Collision Number 5
         Total Material
           Current                              0 +/- 0
     Outgoing Energy [1760000, 1780000)
       Collision Number 2
         Total Material
           Current                              8e-08 +/- 2.90593e-08
       Collision Number 3
         Total Material
           Current                              0 +/- 0
       Collision Number 4
         Total Material
           Current                              0 +/- 0
       Collision Number 5
         Total Material
           Current                              0 +/- 0
     Outgoing Energy [1780000, 1800000)
       Collision Number 2
         Total Material
           Current                              3e-08 +/- 2.13437e-08
       Collision Number 3
         Total Material
           Current                              0 +/- 0
       Collision Number 4
         Total Material
           Current                              0 +/- 0
       Collision Number 5
         Total Material
           Current                              0 +/- 0
     Outgoing Energy [1800000, 1820000)
       Collision Number 2
         Total Material
           Current                              3e-08 +/- 1.52753e-08
       Collision Number 3
         Total Material
           Current                              0 +/- 0
       Collision Number 4
         Total Material
           Current                              0 +/- 0
       Collision Number 5
         Total Material
           Current                              0 +/- 0
     Outgoing Energy [1820000, 1840000)
       Collision Number 2
         Total Material
           Current                              2e-08 +/- 1.33333e-08
       Collision Number 3
         Total Material
           Current                              0 +/- 0
       Collision Number 4
         Total Material
           Current                              0 +/- 0
       Collision Number 5
         Total Material
           Current                              0 +/- 0
     Outgoing Energy [1840000, 1860000)
       Collision Number 2
         Total Material
           Current                              0 +/- 0
       Collision Number 3
         Total Material
           Current                              0 +/- 0
       Collision Number 4
         Total Material
           Current                              0 +/- 0
       Collision Number 5
         Total Material
           Current                              0 +/- 0
     Outgoing Energy [1860000, 1880000)
       Collision Number 2
         Total Material
           Current                              2e-08 +/- 1.33333e-08
       Collision Number 3
         Total Material
           Current                              0 +/- 0
       Collision Number 4
         Total Material
           Current                              0 +/- 0
       Collision Number 5
         Total Material
           Current                              0 +/- 0
     Outgoing Energy [1880000, 1900000.0000000002)
       Collision Number 2
         Total Material
           Current                              2e-08 +/- 1.33333e-08
       Collision Number 3
         Total Material
           Current                              0 +/- 0
       Collision Number 4
         Total Material
           Current                              0 +/- 0
       Collision Number 5
         Total Material
           Current                              0 +/- 0
     Outgoing Energy [1900000.0000000002, 1920000)
       Collision Number 2
         Total Material
           Current                              2e-08 +/- 2e-08
       Collision Number 3
         Total Material
           Current                              0 +/- 0
       Collision Number 4
         Total Material
           Current                              0 +/- 0
       Collision Number 5
         Total Material
           Current                              0 +/- 0
     Outgoing Energy [1920000, 1940000)
       Collision Number 2
         Total Material
           Current                              1e-08 +/- 1e-08
       Collision Number 3
         Total Material
           Current                              0 +/- 0
       Collision Number 4
         Total Material
           Current                              0 +/- 0
       Collision Number 5
         Total Material
           Current                              0 +/- 0
     Outgoing Energy [1940000, 1960000)
       Collision Number 2
         Total Material
           Current                              1e-08 +/- 1e-08
       Collision Number 3
         Total Material
           Current                              0 +/- 0
       Collision Number 4
         Total Material
           Current                              0 +/- 0
       Collision Number 5
         Total Material
           Current                              0 +/- 0
     Outgoing Energy [1960000, 1980000)
       Collision Number 2
         Total Material
           Current                              2e-08 +/- 1.33333e-08
       Collision Number 3
         Total Material
           Current                              0 +/- 0
       Collision Number 4
         Total Material
           Current                              0 +/- 0
       Collision Number 5
         Total Material
           Current                              0 +/- 0
     Outgoing Energy [1980000, 2000000)
       Collision Number 2
         Total Material
           Current                              2e-08 +/- 2e-08
       Collision Number 3
         Total Material
           Current                              0 +/- 0
       Collision Number 4
         Total Material
           Current                              0 +/- 0
       Collision Number 5
         Total Material
           Current                              0 +/- 0
     Outgoing Energy [2000000, 2020000)
       Collision Number 2
         Total Material
           Current                              3e-08 +/- 2.13437e-08
       Collision Number 3
         Total Material
           Current                              0 +/- 0
       Collision Number 4
         Total Material
           Current                              0 +/- 0
       Collision Number 5
         Total Material
           Current                              0 +/- 0
     Outgoing Energy [2020000, 2040000)
       Collision Number 2
         Total Material
           Current                              2e-08 +/- 1.33333e-08
       Collision Number 3
         Total Material
           Current                              0 +/- 0
       Collision Number 4
         Total Material
           Current                              0 +/- 0
       Collision Number 5
         Total Material
           Current                              0 +/- 0
     Outgoing Energy [2040000, 2060000)
       Collision Number 2
         Total Material
           Current                              2e-08 +/- 1.33333e-08
       Collision Number 3
         Total Material
           Current                              0 +/- 0
       Collision Number 4
         Total Material
           Current                              0 +/- 0
       Collision Number 5
         Total Material
           Current                              0 +/- 0
     Outgoing Energy [2060000, 2080000)
       Collision Number 2
         Total Material
           Current                              0 +/- 0
       Collision Number 3
         Total Material
           Current                              0 +/- 0
       Collision Number 4
         Total Material
           Current                              0 +/- 0
       Collision Number 5
         Total Material
           Current                              0 +/- 0
     Outgoing Energy [2080000, 2100000)
       Collision Number 2
         Total Material
           Current                              3e-08 +/- 2.13437e-08
       Collision Number 3
         Total Material
           Current                              0 +/- 0
       Collision Number 4
         Total Material
           Current                              0 +/- 0
       Collision Number 5
         Total Material
           Current                              0 +/- 0
     Outgoing Energy [2100000, 2120000)
       Collision Number 2
         Total Material
           Current                              1e-08 +/- 1e-08
       Collision Number 3
         Total Material
           Current                              0 +/- 0
       Collision Number 4
         Total Material
           Current                              0 +/- 0
       Collision Number 5
         Total Material
           Current                              0 +/- 0
     Outgoing Energy [2120000, 2140000)
       Collision Number 2
         Total Material
           Current                              0 +/- 0
       Collision Number 3
         Total Material
           Current                              0 +/- 0
       Collision Number 4
         Total Material
           Current                              0 +/- 0
       Collision Number 5
         Total Material
           Current                              0 +/- 0
     Outgoing Energy [2140000, 2160000)
       Collision Number 2
         Total Material
           Current                              0 +/- 0
       Collision Number 3
         Total Material
           Current                              0 +/- 0
       Collision Number 4
         Total Material
           Current                              0 +/- 0
       Collision Number 5
         Total Material
           Current                              0 +/- 0
     Outgoing Energy [2160000, 2180000)
       Collision Number 2
         Total Material
           Current                              1e-08 +/- 1e-08
       Collision Number 3
         Total Material
           Current                              0 +/- 0
       Collision Number 4
         Total Material
           Current                              0 +/- 0
       Collision Number 5
         Total Material
           Current                              0 +/- 0
     Outgoing Energy [2180000, 2200000)
       Collision Number 2
         Total Material
           Current                              1e-08 +/- 1e-08
       Collision Number 3
         Total Material
           Current                              0 +/- 0
       Collision Number 4
         Total Material
           Current                              0 +/- 0
       Collision Number 5
         Total Material
           Current                              0 +/- 0
     Outgoing Energy [2200000, 2220000)
       Collision Number 2
         Total Material
           Current                              0 +/- 0
       Collision Number 3
         Total Material
           Current                              0 +/- 0
       Collision Number 4
         Total Material
           Current                              0 +/- 0
       Collision Number 5
         Total Material
           Current                              0 +/- 0
     Outgoing Energy [2220000, 2240000)
       Collision Number 2
         Total Material
           Current                              1e-08 +/- 1e-08
       Collision Number 3
         Total Material
           Current                              0 +/- 0
       Collision Number 4
         Total Material
           Current                              0 +/- 0
       Collision Number 5
         Total Material
           Current                              0 +/- 0
     Outgoing Energy [2240000, 2260000)
       Collision Number 2
         Total Material
           Current                              2e-08 +/- 1.33333e-08
       Collision Number 3
         Total Material
           Current                              0 +/- 0
       Collision Number 4
         Total Material
           Current                              0 +/- 0
       Collision Number 5
         Total Material
           Current                              0 +/- 0
     Outgoing Energy [2260000, 2280000.0000000005)
       Collision Number 2
         Total Material
           Current                              2e-08 +/- 2e-08
       Collision Number 3
         Total Material
           Current                              0 +/- 0
       Collision Number 4
         Total Material
           Current                              0 +/- 0
       Collision Number 5
         Total Material
           Current                              0 +/- 0
     Outgoing Energy [2280000.0000000005, 2300000.0000000005)
       Collision Number 2
         Total Material
           Current                              3e-08 +/- 1.52753e-08
       Collision Number 3
         Total Material
           Current                              0 +/- 0
       Collision Number 4
         Total Material
           Current                              0 +/- 0
       Collision Number 5
         Total Material
           Current                              0 +/- 0
     Outgoing Energy [2300000.0000000005, 2320000)
       Collision Number 2
         Total Material
           Current                              3e-08 +/- 1.52753e-08
       Collision Number 3
         Total Material
           Current                              0 +/- 0
       Collision Number 4
         Total Material
           Current                              0 +/- 0
       Collision Number 5
         Total Material
           Current                              0 +/- 0
     Outgoing Energy [2320000, 2340000)
       Collision Number 2
         Total Material
           Current                              0 +/- 0
       Collision Number 3
         Total Material
           Current                              0 +/- 0
       Collision Number 4
         Total Material
           Current                              0 +/- 0
       Collision Number 5
         Total Material
           Current                              0 +/- 0
     Outgoing Energy [2340000, 2360000)
       Collision Number 2
         Total Material
           Current                              0 +/- 0
       Collision Number 3
         Total Material
           Current                              0 +/- 0
       Collision Number 4
         Total Material
           Current                              0 +/- 0
       Collision Number 5
         Total Material
           Current                              0 +/- 0
     Outgoing Energy [2360000, 2380000)
       Collision Number 2
         Total Material
           Current                              2e-08 +/- 1.33333e-08
       Collision Number 3
         Total Material
           Current                              0 +/- 0
       Collision Number 4
         Total Material
           Current                              0 +/- 0
       Collision Number 5
         Total Material
           Current                              0 +/- 0
     Outgoing Energy [2380000, 2400000)
       Collision Number 2
         Total Material
           Current                              1e-08 +/- 1e-08
       Collision Number 3
         Total Material
           Current                              0 +/- 0
       Collision Number 4
         Total Material
           Current                              0 +/- 0
       Collision Number 5
         Total Material
           Current                              0 +/- 0
     Outgoing Energy [2400000, 2420000)
       Collision Number 2
         Total Material
           Current                              1e-08 +/- 1e-08
       Collision Number 3
         Total Material
           Current                              0 +/- 0
       Collision Number 4
         Total Material
           Current                              0 +/- 0
       Collision Number 5
         Total Material
           Current                              0 +/- 0
     Outgoing Energy [2420000, 2440000)
       Collision Number 2
         Total Material
           Current                              0 +/- 0
       Collision Number 3
         Total Material
           Current                              0 +/- 0
       Collision Number 4
         Total Material
           Current                              0 +/- 0
       Collision Number 5
         Total Material
           Current                              0 +/- 0
     Outgoing Energy [2440000, 2460000)
       Collision Number 2
         Total Material
           Current                              0 +/- 0
       Collision Number 3
         Total Material
           Current                              0 +/- 0
       Collision Number 4
         Total Material
           Current                              0 +/- 0
       Collision Number 5
         Total Material
           Current                              0 +/- 0
     Outgoing Energy [2460000, 2480000)
       Collision Number 2
         Total Material
           Current                              0 +/- 0
       Collision Number 3
         Total Material
           Current                              0 +/- 0
       Collision Number 4
         Total Material
           Current                              0 +/- 0
       Collision Number 5
         Total Material
           Current                              0 +/- 0
 =======================>     TALLY 4: N2N_RATE     <=======================

 Cell 1
   Total Material
     (n,2n)                               0.00674455 +/- 1.98878e-07
