 ======================>     TALLY 1: DDX_TALLY     <=======================

 Surface 7
   Polar Angle [1.038470904936626, 1.0559241974565692)
     Outgoing Energy [0, 20000)
       Total Material
         Current                              1e-06 +/- 1.12546e-07
     Outgoing Energy [20000, 40000)
       Total Material
         Current                              1.73e-06 +/- 2.27083e-07
     Outgoing Energy [40000, 60000)
       Total Material
         Current                              2.22e-06 +/- 2.73983e-07
     Outgoing Energy [60000, 80000)
       Total Material
         Current                              1.77e-06 +/- 1.89766e-07
     Outgoing Energy [80000, 100000)
       Total Material
         Current                              1.74e-06 +/- 1.77764e-07
     Outgoing Energy [100000, 120000)
       Total Material
         Current                              1.74e-06 +/- 1.96751e-07
     Outgoing Energy [120000, 140000)
       Total Material
         Current                              1.86e-06 +/- 9.68389e-08
     Outgoing Energy [140000, 160000)
       Total Material
         Current                              1.55e-06 +/- 1.50739e-07
     Outgoing Energy [160000, 180000)
       Total Material
         Current                              2.03e-06 +/- 1.37477e-07
     Outgoing Energy [180000, 200000)
       Total Material
         Current                              1.76e-06 +/- 1.46969e-07
     Outgoing Energy [200000, 220000)
       Total Material
         Current                              1.44e-06 +/- 1.01325e-07
     Outgoing Energy [220000, 240000)
       Total Material
         Current                              1.79e-06 +/- 2.51418e-07
     Outgoing Energy [240000, 260000)
       Total Material
         Current                              1.59e-06 +/- 1.38604e-07
     Outgoing Energy [260000, 280000)
       Total Material
         Current                              1.67e-06 +/- 1.33375e-07
     Outgoing Energy [280000, 300000)
       Total Material
         Current                              1.44e-06 +/- 1.57198e-07
     Outgoing Energy [300000, 320000)
       Total Material
         Current                              1.78e-06 +/- 1.98774e-07
     Outgoing Energy [320000, 340000)
       Total Material
         Current                              1.79e-06 +/- 1.34536e-07
     Outgoing Energy [340000, 360000)
       Total Material
         Current                              1.69e-06 +/- 1.89414e-07
     Outgoing Energy [360000, 380000)
       Total Material
         Current                              1.45e-06 +/- 8.46562e-08
     Outgoing Energy [380000, 400000)
       Total Material
         Current                              1.49e-06 +/- 1.81628e-07
     Outgoing Energy [400000, 420000)
       Total Material
         Current                              1.62e-06 +/- 2.28425e-07
     Outgoing Energy [420000, 440000)
       Total Material
         Current                              1.54e-06 +/- 1.76509e-07
     Outgoing Energy [440000, 460000)
       Total Material
         Current                              1.51e-06 +/- 2.06263e-07
     Outgoing Energy [460000, 480000)
       Total Material
         Current                              1.59e-06 +/- 1.26886e-07
     Outgoing Energy [480000, 500000)
       Total Material
         Current                              1.4e-06 +/- 1.08525e-07
     Outgoing Energy [500000, 520000)
       Total Material
         Current                              9.8e-07 +/- 1.12349e-07
     Outgoing Energy [520000, 540000)
       Total Material
         Current                              1.36e-06 +/- 1.91021e-07
     Outgoing Energy [540000, 560000)
       Total Material
         Current                              1.42e-06 +/- 1.90788e-07
     Outgoing Energy [560000, 580000)
       Total Material
         Current                              1.61e-06 +/- 1.85861e-07
     Outgoing Energy [580000, 600000)
       Total Material
         Current                              1.55e-06 +/- 2.19722e-07
     Outgoing Energy [600000, 620000)
       Total Material
         Current                              1.83e-06 +/- 2.00028e-07
     Outgoing Energy [620000, 640000)
       Total Material
         Current                              1.89e-06 +/- 1.44875e-07
     Outgoing Energy [640000, 660000)
       Total Material
         Current                              1.86e-06 +/- 1.668e-07
     Outgoing Energy [660000, 680000)
       Total Material
         Current                              1.96e-06 +/- 1.97878e-07
     Outgoing Energy [680000, 700000.0000000001)
       Total Material
         Current                              1.99e-06 +/- 1.98578e-07
     Outgoing Energy [700000.0000000001, 720000)
       Total Material
         Current                              1.56e-06 +/- 1.46969e-07
     Outgoing Energy [720000, 740000)
       Total Material
         Current                              1.7e-06 +/- 1.22927e-07
     Outgoing Energy [740000, 760000)
       Total Material
         Current                              1.43e-06 +/- 1.78294e-07
     Outgoing Energy [760000, 780000)
       Total Material
         Current                              1.42e-06 +/- 1.30639e-07
     Outgoing Energy [780000, 800000)
       Total Material
         Current                              1.38e-06 +/- 2.1746e-07
     Outgoing Energy [800000, 820000.0000000001)
       Total Material
         Current                              1.23e-06 +/- 1.45335e-07
     Outgoing Energy [820000.0000000001, 840000)
       Total Material
         Current                              1.36e-06 +/- 1.57903e-07
     Outgoing Energy [840000, 860000)
       Total Material
         Current                              1.31e-06 +/- 9.36305e-08
     Outgoing Energy [860000, 880000)
       Total Material
         Current                              1.13e-06 +/- 1.26535e-07
     Outgoing Energy [880000, 900000)
       Total Material
         Current                              1.32e-06 +/- 1.91949e-07
     Outgoing Energy [900000, 920000)
       Total Material
         Current                              1.29e-06 +/- 1.47158e-07
     Outgoing Energy [920000, 940000)
       Total Material
         Current                              1.3e-06 +/- 1.60555e-07
     Outgoing Energy [940000, 960000)
       Total Material
         Current                              1.04e-06 +/- 1.26667e-07
     Outgoing Energy [960000, 980000)
       Total Material
         Current                              1.4e-06 +/- 1.95505e-07
     Outgoing Energy [980000, 1000000)
       Total Material
         Current                              1.38e-06 +/- 1.45144e-07
     Outgoing Energy [1000000, 1020000)
       Total Material
         Current                              1.13e-06 +/- 1.28279e-07
     Outgoing Energy [1020000, 1040000)
       Total Material
         Current                              1.09e-06 +/- 1.73494e-07
     Outgoing Energy [1040000, 1060000)
       Total Material
         Current                              1e-06 +/- 1.52023e-07
     Outgoing Energy [1060000, 1080000)
       Total Material
         Current                              8.3e-07 +/- 1.68688e-07
     Outgoing Energy [1080000, 1100000)
       Total Material
         Current                              8.3e-07 +/- 7.60847e-08
     Outgoing Energy [1100000, 1120000)
       Total Material
         Current                              8.9e-07 +/- 9.24362e-08
     Outgoing Energy [1120000, 1140000.0000000002)
       Total Material
         Current                              8.6e-07 +/- 1.49963e-07
     Outgoing Energy [1140000.0000000002, 1160000)
       Total Material
         Current                              8.1e-07 +/- 1.21518e-07
     Outgoing Energy [1160000, 1180000)
       Total Material
         Current                              1.06e-06 +/- 1.01325e-07
     Outgoing Energy [1180000, 1200000)
       Total Material
         Current                              9.2e-07 +/- 1.2e-07
     Outgoing Energy [1200000, 1220000)
       Total Material
         Current                              1.187e-05 +/- 4.36157e-07
     Outgoing Energy [1220000, 1240000)
       Total Material
         Current                              1.247e-05 +/- 5.77167e-07
     Outgoing Energy [1240000, 1260000)
       Total Material
         Current                              7.86e-06 +/- 5.31497e-07
     Outgoing Energy [1260000, 1280000)
       Total Material
         Current                              1.75e-06 +/- 1.06719e-07
     Outgoing Energy [1280000, 1300000)
       Total Material
         Current                              2.02e-06 +/- 1.52607e-07
     Outgoing Energy [1300000, 1320000)
       Total Material
         Current                              3.7e-07 +/- 9.78093e-08
     Outgoing Energy [1320000, 1340000)
       Total Material
         Current                              4.2e-07 +/- 7.27247e-08
     Outgoing Energy [1340000, 1360000)
       Total Material
         Current                              3.8e-07 +/- 9.5219e-08
     Outgoing Energy [1360000, 1380000)
       Total Material
         Current                              3.6e-07 +/- 8.05536e-08
     Outgoing Energy [1380000, 1400000.0000000002)
       Total Material
         Current                              3.3e-07 +/- 7.31057e-08
     Outgoing Energy [1400000.0000000002, 1420000)
       Total Material
         Current                              2.7e-07 +/- 7.60847e-08
     Outgoing Energy [1420000, 1440000)
       Total Material
         Current                              1.8e-07 +/- 5.53775e-08
     Outgoing Energy [1440000, 1460000)
       Total Material
         Current                              3.6e-07 +/- 6.53197e-08
     Outgoing Energy [1460000, 1480000)
       Total Material
         Current                              2.8e-07 +/- 6.1101e-08
     Outgoing Energy [1480000, 1500000)
       Total Material
         Current                              4.1e-07 +/- 9e-08
     Outgoing Energy [1500000, 1520000)
       Total Material
         Current                              3.1e-07 +/- 7.52034e-08
     Outgoing Energy [1520000, 1540000)
       Total Material
         Current                              1.9e-07 +/- 6.04612e-08
     Outgoing Energy [1540000, 1560000)
       Total Material
         Current                              2.8e-07 +/- 5.12076e-08
     Outgoing Energy [1560000, 1580000)
       Total Material
         Current                              3.8e-07 +/- 9.16515e-08
     Outgoing Energy [1580000, 1600000)
       Total Material
         Current                              3.3e-07 +/- 9.19541e-08
     Outgoing Energy [1600000, 1620000)
       Total Material
         Current                              2.9e-07 +/- 3.78594e-08
     Outgoing Energy [1620000, 1640000.0000000002)
       Total Material
         Current                              2.4e-07 +/- 4.26875e-08
     Outgoing Energy [1640000.0000000002, 1660000.0000000002)
       Total Material
         Current                              3.1e-07 +/- 6.04612e-08
     Outgoing Energy [1660000.0000000002, 1680000)
       Total Material
         Current                              2.7e-07 +/- 7.31057e-08
     Outgoing Energy [1680000, 1700000)
       Total Material
         Current                              3.5e-07 +/- 6.87184e-08
     Outgoing Energy [1700000, 1720000)
       Total Material
         Current                              2.3e-07 +/- 8.95048e-08
     Outgoing Energy [1720000, 1740000)
       Total Material
         Current                              2.5e-07 +/- 7.18795e-08
     Outgoing Energy [1740000, 1760000)
       Total Material
         Current                              1.2e-07 +/- 3.59011e-08
     Outgoing Energy [1760000, 1780000)
       Total Material
         Current                              1.7e-07 +/- 5.58768e-08
     Outgoing Energy [1780000, 1800000)
       Total Material
         Current                              1.7e-07 +/- 5.17472e-08
     Outgoing Energy [1800000, 1820000)
       Total Material
         Current                              1.4e-07 +/- 4e-08
     Outgoing Energy [1820000, 1840000)
       Total Material
         Current                              1.1e-07 +/- 4.33333e-08
     Outgoing Energy [1840000, 1860000)
       Total Material
         Current                              2.8e-07 +/- 8.5375e-08
     Outgoing Energy [1860000, 1880000)
       Total Material
         Current                              1.9e-07 +/- 8.7496e-08
     Outgoing Energy [1880000, 1900000.0000000002)
       Total Material
         Current                              2e-07 +/- 4.94413e-08
     Outgoing Energy [1900000.0000000002, 1920000)
       Total Material
         Current                              2e-07 +/- 4.21637e-08
     Outgoing Energy [1920000, 1940000)
       Total Material
         Current                              1.4e-07 +/- 4.98888e-08
     Outgoing Energy [1940000, 1960000)
       Total Material
         Current                              8e-08 +/- 4.16333e-08
     Outgoing Energy [1960000, 1980000)
       Total Material
         Current                              8e-08 +/- 4.42217e-08
     Outgoing Energy [1980000, 2000000)
       Total Material
         Current                              6e-08 +/- 3.05505e-08
     Outgoing Energy [2000000, 2020000)
       Total Material
         Current                              5e-08 +/- 2.68742e-08
     Outgoing Energy [2020000, 2040000)
       Total Material
         Current                              7e-08 +/- 3e-08
     Outgoing Energy [2040000, 2060000)
       Total Material
         Current                              4e-08 +/- 2.21108e-08
     Outgoing Energy [2060000, 2080000)
       Total Material
         Current                              8e-08 +/- 3.8873e-08
     Outgoing Energy [2080000, 2100000)
       Total Material
         Current                              4e-08 +/- 2.21108e-08
     Outgoing Energy [2100000, 2120000)
       Total Material
         Current                              3e-08 +/- 2.13437e-08
     Outgoing Energy [2120000, 2140000)
       Total Material
         Current                              7e-08 +/- 2.60342e-08
     Outgoing Energy [2140000, 2160000)
       Total Material
         Current                              3e-08 +/- 1.52753e-08
     Outgoing Energy [2160000, 2180000)
       Total Material
         Current                              6e-08 +/- 3.05505e-08
     Outgoing Energy [2180000, 2200000)
       Total Material
         Current                              6e-08 +/- 2.66667e-08
     Outgoing Energy [2200000, 2220000)
       Total Material
         Current                              9e-08 +/- 2.76887e-08
     Outgoing Energy [2220000, 2240000)
       Total Material
         Current                              7e-08 +/- 3.34996e-08
     Outgoing Energy [2240000, 2260000)
       Total Material
         Current                              1e-07 +/- 3.65148e-08
     Outgoing Energy [2260000, 2280000.0000000005)
       Total Material
         Current                              4e-08 +/- 2.21108e-08
     Outgoing Energy [2280000.0000000005, 2300000.0000000005)
       Total Material
         Current                              2e-08 +/- 1.33333e-08
     Outgoing Energy [2300000.0000000005, 2320000)
       Total Material
         Current                              3e-08 +/- 2.13437e-08
     Outgoing Energy [2320000, 2340000)
       Total Material
         Current                              3e-08 +/- 1.52753e-08
     Outgoing Energy [2340000, 2360000)
       Total Material
         Current                              3e-08 +/- 1.52753e-08
     Outgoing Energy [2360000, 2380000)
       Total Material
         Current                              3e-08 +/- 2.13437e-08
     Outgoing Energy [2380000, 2400000)
       Total Material
         Current                              5e-08 +/- 2.68742e-08
     Outgoing Energy [2400000, 2420000)
       Total Material
         Current                              3e-08 +/- 1.52753e-08
     Outgoing Energy [2420000, 2440000)
       Total Material
         Current                              3e-08 +/- 1.52753e-08
     Outgoing Energy [2440000, 2460000)
       Total Material
         Current                              1e-08 +/- 1e-08
     Outgoing Energy [2460000, 2480000)
       Total Material
         Current                              1e-08 +/- 1e-08
 ====================>     TALLY 2: SINGLE_SCATTER     <====================

 Surface 7
   Polar Angle [1.038470904936626, 1.0559241974565692)
     Outgoing Energy [0, 20000)
       Collision Number 1
         Total Material
           Current                              5e-07 +/- 6.14636e-08
     Outgoing Energy [20000, 40000)
       Collision Number 1
         Total Material
           Current                              8.7e-07 +/- 1.5206e-07
     Outgoing Energy [40000, 60000)
       Collision Number 1
         Total Material
           Current                              1.13e-06 +/- 1.46856e-07
     Outgoing Energy [60000, 80000)
       Collision Number 1
         Total Material
           Current                              8.5e-07 +/- 7.63763e-08
     Outgoing Energy [80000, 100000)
       Collision Number 1
         Total Material
           Current                              8.4e-07 +/- 1.03494e-07
     Outgoing Energy [100000, 120000)
       Collision Number 1
         Total Material
           Current                              8.1e-07 +/- 1.07961e-07
     Outgoing Energy [120000, 140000)
       Collision Number 1
         Total Material
           Current                              8.5e-07 +/- 5.21749e-08
     Outgoing Energy [140000, 160000)
       Collision Number 1
         Total Material
           Current                              7.5e-07 +/- 7.18795e-08
     Outgoing Energy [160000, 180000)
       Collision Number 1
         Total Material
           Current                              1e-06 +/- 7.30297e-08
     Outgoing Energy [180000, 200000)
       Collision Number 1
         Total Material
           Current                              8.4e-07 +/- 7.33333e-08
     Outgoing Energy [200000, 220000)
       Collision Number 1
         Total Material
           Current                              7.4e-07 +/- 6.18241e-08
     Outgoing Energy [220000, 240000)
       Collision Number 1
         Total Material
           Current                              8.7e-07 +/- 1.20231e-07
     Outgoing Energy [240000, 260000)
       Collision Number 1
         Total Material
           Current                              7.2e-07 +/- 6.28932e-08
     Outgoing Energy [260000, 280000)
       Collision Number 1
         Total Material
           Current                              7.9e-07 +/- 7.66667e-08
     Outgoing Energy [280000, 300000)
       Collision Number 1
         Total Material
           Current                              7.3e-07 +/- 8.17177e-08
     Outgoing Energy [300000, 320000)
       Collision Number 1
         Total Material
           Current                              8.6e-07 +/- 8.45905e-08
     Outgoing Energy [320000, 340000)
       Collision Number 1
         Total Material
           Current                              9.1e-07 +/- 5.46707e-08
     Outgoing Energy [340000, 360000)
       Collision Number 1
         Total Material
           Current                              8.4e-07 +/- 1.03494e-07
     Outgoing Energy [360000, 380000)
       Collision Number 1
         Total Material
           Current                              6.9e-07 +/- 3.4801e-08
     Outgoing Energy [380000, 400000)
       Collision Number 1
         Total Material
           Current                              7.2e-07 +/- 9.86577e-08
     Outgoing Energy [400000, 420000)
       Collision Number 1
         Total Material
           Current                              8e-07 +/- 1.18322e-07
     Outgoing Energy [420000, 440000)
       Collision Number 1
         Total Material
           Current                              7.5e-07 +/- 8.06226e-08
     Outgoing Energy [440000, 460000)
       Collision Number 1
         Total Material
           Current                              6.8e-07 +/- 1.06249e-07
     Outgoing Energy [460000, 480000)
       Collision Number 1
         Total Material
           Current                              7.4e-07 +/- 5.81187e-08
     Outgoing Energy [480000, 500000)
       Collision Number 1
         Total Material
           Current                              6.6e-07 +/- 4.52155e-08
     Outgoing Energy [500000, 520000)
       Collision Number 1
         Total Material
           Current                              4.8e-07 +/- 5.33333e-08
     Outgoing Energy [520000, 540000)
       Collision Number 1
         Total Material
           Current                              6.5e-07 +/- 8.72417e-08
     Outgoing Energy [540000, 560000)
       Collision Number 1
         Total Material
           Current                              6.8e-07 +/- 9.04311e-08
     Outgoing Energy [560000, 580000)
       Collision Number 1
         Total Material
           Current                              7.7e-07 +/- 8.69866e-08
     Outgoing Energy [580000, 600000)
       Collision Number 1
         Total Material
           Current                              7.2e-07 +/- 1.11355e-07
     Outgoing Energy [600000, 620000)
       Collision Number 1
         Total Material
           Current                              9.3e-07 +/- 1.03333e-07
     Outgoing Energy [620000, 640000)
       Collision Number 1
         Total Material
           Current                              9.6e-07 +/- 7.63035e-08
     Outgoing Energy [640000, 660000)
       Collision Number 1
         Total Material
           Current                              8.9e-07 +/- 8.87568e-08
     Outgoing Energy [660000, 680000)
       Collision Number 1
         Total Material
           Current                              1e-06 +/- 1.05409e-07
     Outgoing Energy [680000, 700000.0000000001)
       Collision Number 1
         Total Material
           Current                              9.9e-07 +/- 1.13969e-07
     Outgoing Energy [700000.0000000001, 720000)
       Collision Number 1
         Total Material
           Current                              7.3e-07 +/- 7e-08
     Outgoing Energy [720000, 740000)
       Collision Number 1
         Total Material
           Current                              8e-07 +/- 7.1492e-08
     Outgoing Energy [740000, 760000)
       Collision Number 1
         Total Material
           Current                              7e-07 +/- 9.54521e-08
     Outgoing Energy [760000, 780000)
       Collision Number 1
         Total Material
           Current                              7.1e-07 +/- 6.74125e-08
     Outgoing Energy [780000, 800000)
       Collision Number 1
         Total Material
           Current                              6.8e-07 +/- 9.97775e-08
     Outgoing Energy [800000, 820000.0000000001)
       Collision Number 1
         Total Material
           Current                              6.3e-07 +/- 7.89515e-08
     Outgoing Energy [820000.0000000001, 840000)
       Collision Number 1
         Total Material
           Current                              6.3e-07 +/- 8.30662e-08
     Outgoing Energy [840000, 860000)
       Collision Number 1
         Total Material
           Current                              5.8e-07 +/- 4.89898e-08
     Outgoing Energy [860000, 880000)
       Collision Number 1
         Total Material
           Current                              5.9e-07 +/- 6.04612e-08
     Outgoing Energy [880000, 900000)
       Collision Number 1
         Total Material
           Current                              5.6e-07 +/- 1.00222e-07
     Outgoing Energy [900000, 920000)
       Collision Number 1
         Total Material
           Current                              5.8e-07 +/- 6.79869e-08
     Outgoing Energy [920000, 940000)
       Collision Number 1
         Total Material
           Current                              6.3e-07 +/- 7.75314e-08
     Outgoing Energy [940000, 960000)
       Collision Number 1
         Total Material
           Current                              5.1e-07 +/- 6.90411e-08
     Outgoing Energy [960000, 980000)
       Collision Number 1
         Total Material
           Current                              6.9e-07 +/- 1.1494e-07
     Outgoing Energy [980000, 1000000)
       Collision Number 1
         Total Material
           Current                              7e-07 +/- 6.99206e-08
     Outgoing Energy [1000000, 1020000)
       Collision Number 1
         Total Material
           Current                              5.5e-07 +/- 7.03167e-08
     Outgoing Energy [1020000, 1040000)
       Collision Number 1
         Total Material
           Current                              5.6e-07 +/- 9.33333e-08
     Outgoing Energy [1040000, 1060000)
       Collision Number 1
         Total Material
           Current                              5.2e-07 +/- 8.1377e-08
     Outgoing Energy [1060000, 1080000)
       Collision Number 1
         Total Material
           Current                              4.2e-07 +/- 8.79394e-08
     Outgoing Energy [1080000, 1100000)
       Collision Number 1
         Total Material
           Current                              4.2e-07 +/- 4.42217e-08
     Outgoing Energy [1100000, 1120000)
       Collision Number 1
         Total Material
           Current                              4.3e-07 +/- 4.95536e-08
     Outgoing Energy [1120000, 1140000.0000000002)
       Collision Number 1
         Total Material
           Current                              3.9e-07 +/- 5.85947e-08
     Outgoing Energy [1140000.0000000002, 1160000)
       Collision Number 1
         Total Material
           Current                              3.8e-07 +/- 5.92546e-08
     Outgoing Energy [1160000, 1180000)
       Collision Number 1
         Total Material
           Current                              5.1e-07 +/- 5.66667e-08
     Outgoing Energy [1180000, 1200000)
       Collision Number 1
         Total Material
           Current                              4.6e-07 +/- 6.35959e-08
     Outgoing Energy [1200000, 1220000)
       Collision Number 1
         Total Material
           Current                              5.93e-06 +/- 2.36667e-07
     Outgoing Energy [1220000, 1240000)
       Collision Number 1
         Total Material
           Current                              6.23e-06 +/- 2.78907e-07
     Outgoing Energy [1240000, 1260000)
       Collision Number 1
         Total Material
           Current                              3.91e-06 +/- 2.59251e-07
     Outgoing Energy [1260000, 1280000)
       Collision Number 1
         Total Material
           Current                              8.8e-07 +/- 5.12076e-08
     Outgoing Energy [1280000, 1300000)
       Collision Number 1
         Total Material
           Current                              1.02e-06 +/- 6.9602e-08
     Outgoing Energy [1300000, 1320000)
       Collision Number 1
         Total Material
           Current                              1.7e-07 +/- 3.95811e-08
     Outgoing Energy [1320000, 1340000)
       Collision Number 1
         Total Material
           Current                              2.1e-07 +/- 3.4801e-08
     Outgoing Energy [1340000, 1360000)
       Collision Number 1
         Total Material
           Current                              1.9e-07 +/- 4.33333e-08
     Outgoing Energy [1360000, 1380000)
       Collision Number 1
         Total Material
           Current                              1.9e-07 +/- 3.78594e-08
     Outgoing Energy [1380000, 1400000.0000000002)
       Collision Number 1
         Total Material
           Current                              1.6e-07 +/- 3.71184e-08
     Outgoing Energy [1400000.0000000002, 1420000)
       Collision Number 1
         Total Material
           Current                              1.4e-07 +/- 4e-08
     Outgoing Energy [1420000, 1440000)
       Collision Number 1
         Total Material
           Current                              9e-08 +/- 2.76887e-08
     Outgoing Energy [1440000, 1460000)
       Collision Number 1
         Total Material
           Current                              1.8e-07 +/- 3.26599e-08
     Outgoing Energy [1460000, 1480000)
       Collision Number 1
         Total Material
           Current                              1.3e-07 +/- 3.66667e-08
     Outgoing Energy [1480000, 1500000)
       Collision Number 1
         Total Material
           Current                              2e-07 +/- 4.71405e-08
     Outgoing Energy [1500000, 1520000)
       Collision Number 1
         Total Material
           Current                              1.5e-07 +/- 3.72678e-08
     Outgoing Energy [1520000, 1540000)
       Collision Number 1
         Total Material
           Current                              1e-07 +/- 2.98142e-08
     Outgoing Energy [1540000, 1560000)
       Collision Number 1
         Total Material
           Current                              1.3e-07 +/- 2.60342e-08
     Outgoing Energy [1560000, 1580000)
       Collision Number 1
         Total Material
           Current                              1.9e-07 +/- 4.58258e-08
     Outgoing Energy [1580000, 1600000)
       Collision Number 1
         Total Material
           Current                              1.7e-07 +/- 4.95536e-08
     Outgoing Energy [1600000, 1620000)
       Collision Number 1
         Total Material
           Current                              1.4e-07 +/- 1.63299e-08
     Outgoing Energy [1620000, 1640000.0000000002)
       Collision Number 1
         Total Material
           Current                              1.1e-07 +/- 2.33333e-08
     Outgoing Energy [1640000.0000000002, 1660000.0000000002)
       Collision Number 1
         Total Material
           Current                              1.5e-07 +/- 3.07318e-08
     Outgoing Energy [1660000.0000000002, 1680000)
       Collision Number 1
         Total Material
           Current                              1.4e-07 +/- 4e-08
     Outgoing Energy [1680000, 1700000)
       Collision Number 1
         Total Material
           Current                              1.7e-07 +/- 3.66667e-08
     Outgoing Energy [1700000, 1720000)
       Collision Number 1
         Total Material
           Current                              1.2e-07 +/- 4.42217e-08
     Outgoing Energy [1720000, 1740000)
       Collision Number 1
         Total Material
           Current                              1.2e-07 +/- 3.59011e-08
     Outgoing Energy [1740000, 1760000)
       Collision Number 1
         Total Material
           Current                              6e-08 +/- 2.21108e-08
     Outgoing Energy [1760000, 1780000)
       Collision Number 1
         Total Material
           Current                              8e-08 +/- 2.49444e-08
     Outgoing Energy [1780000, 1800000)
       Collision Number 1
         Total Material
           Current                              9e-08 +/- 2.76887e-08
     Outgoing Energy [1800000, 1820000)
       Collision Number 1
         Total Material
           Current                              7e-08 +/- 2.13437e-08
     Outgoing Energy [1820000, 1840000)
       Collision Number 1
         Total Material
           Current                              5e-08 +/- 2.23607e-08
     Outgoing Energy [1840000, 1860000)
       Collision Number 1
         Total Material
           Current                              1.1e-07 +/- 4.33333e-08
     Outgoing Energy [1860000, 1880000)
       Collision Number 1
         Total Material
           Current                              9e-08 +/- 4.06885e-08
     Outgoing Energy [1880000, 1900000.0000000002)
       Collision Number 1
         Total Material
           Current                              7e-08 +/- 1.52753e-08
     Outgoing Energy [1900000.0000000002, 1920000)
       Collision Number 1
         Total Material
           Current                              9e-08 +/- 2.33333e-08
     Outgoing Energy [1920000, 1940000)
       Collision Number 1
         Total Material
           Current                              5e-08 +/- 2.23607e-08
     Outgoing Energy [1940000, 1960000)
       Collision Number 1
         Total Material
           Current                              3e-08 +/- 2.13437e-08
     Outgoing Energy [1960000, 1980000)
       Collision Number 1
         Total Material
           Current                              4e-08 +/- 2.21108e-08
     Outgoing Energy [1980000, 2000000)
       Collision Number 1
         Total Material
           Current                              3e-08 +/- 1.52753e-08
     Outgoing Energy [2000000, 2020000)
       Collision Number 1
         Total Material
           Current                              2e-08 +/- 1.33333e-08
     Outgoing Energy [2020000, 2040000)
       Collision Number 1
         Total Material
           Current                              3e-08 +/- 1.52753e-08
     Outgoing Energy [2040000, 2060000)
       Collision Number 1
         Total Material
           Current                              1e-08 +/- 1e-08
     Outgoing Energy [2060000, 2080000)
       Collision Number 1
         Total Material
           Current                              2e-08 +/- 1.33333e-08
     Outgoing Energy [2080000, 2100000)
       Collision Number 1
         Total Material
           Current                              0 +/- 0
     Outgoing Energy [2100000, 2120000)
       Collision Number 1
         Total Material
           Current                              0 +/- 0
     Outgoing Energy [2120000, 2140000)
       Collision Number 1
         Total Material
           Current                              1e-08 +/- 1e-08
     Outgoing Energy [2140000, 2160000)
       Collision Number 1
         Total Material
           Current                              0 +/- 0
     Outgoing Energy [2160000, 2180000)
       Collision Number 1
         Total Material
           Current                              1e-08 +/- 1e-08
     Outgoing Energy [2180000, 2200000)
       Collision Number 1
         Total Material
           Current                              1e-08 +/- 1e-08
     Outgoing Energy [2200000, 2220000)
       Collision Number 1
         Total Material
           Current                              2e-08 +/- 1.33333e-08
     Outgoing Energy [2220000, 2240000)
       Collision Number 1
         Total Material
           Current                              2e-08 +/- 1.33333e-08
     Outgoing Energy [2240000, 2260000)
       Collision Number 1
         Total Material
           Current                              2e-08 +/- 1.33333e-08
     Outgoing Energy [2260000, 2280000.0000000005)
       Collision Number 1
         Total Material
           Current                              1e-08 +/- 1e-08
     Outgoing Energy [2280000.0000000005, 2300000.0000000005)
       Collision Number 1
         Total Material
           Current                              0 +/- 0
     Outgoing Energy [2300000.0000000005, 2320000)
       Collision Number 1
         Total Material
           Current                              0 +/- 0
     Outgoing Energy [2320000, 2340000)
       Collision Number 1
         Total Material
           Current                              0 +/- 0
     Outgoing Energy [2340000, 2360000)
       Collision Number 1
         Total Material
           Current                              0 +/- 0
     Outgoing Energy [2360000, 2380000)
       Collision Number 1
         Total Material
           Current                              0 +/- 0
     Outgoing Energy [2380000, 2400000)
       Collision Number 1
         Total Material
           Current                              2e-08 +/- 1.33333e-08
     Outgoing Energy [2400000, 2420000)
       Collision Number 1
         Total Material
           Current                              0 +/- 0
     Outgoing Energy [2420000, 2440000)
       Collision Number 1
         Total Material
           Current                              0 +/- 0
     Outgoing Energy [2440000, 2460000)
       Collision Number 1
         Total Material
           Current                              0 +/- 0
     Outgoing Energy [2460000, 2480000)
       Collision Number 1
         Total Material
           Current                              0 +/- 0
 ===================>     TALLY 3: MULTIPLE_SCATTER     <===================

 Surface 7
   Polar Angle [1.038470904936626, 1.0559241974565692)
     Outgoing Energy [0, 20000)
       Collision Number 2
         Total Material
           Current                              7e-08 +/- 3e-08
       Collision Number 3
         Total Material
           Current                              1e-08 +/- 1e-08
       Collision Number 4
         Total Material
           Current                              0 +/- 0
       Collision Number 5
         Total Material
           Current                              0 +/- 0
     Outgoing Energy [20000, 40000)
       Collision Number 2
         Total Material
           Current                              9e-08 +/- 2.76887e-08
       Collision Number 3
         Total Material
           Current                              1e-08 +/- 1e-08
       Collision Number 4
         Total Material
           Current                              0 +/- 0
       Collision Number 5
         Total Material
           Current                              0 +/- 0
     Outgoing Energy [40000, 60000)
       Collision Number 2
         Total Material
           Current                              8e-08 +/- 2.90593e-08
       Collision Number 3
         Total Material
           Current                              2e-08 +/- 1.33333e-08
       Collision Number 4
         Total Material
           Current                              1e-08 +/- 1e-08
       Collision Number 5
         Total Material
           Current                              0 +/- 0
     Outgoing Energy [60000, 80000)
       Collision Number 2
         Total Material
           Current                              1e-07 +/- 2.98142e-08
       Collision Number 3
         Total Material
           Current                              3e-08 +/- 1.52753e-08
       Collision Number 4
         Total Material
           Current                              0 +/- 0
       Collision Number 5
         Total Material
           Current                              0 +/- 0
     Outgoing Energy [80000, 100000)
       Collision Number 2
         Total Material
           Current                              1.1e-07 +/- 3.14466e-08
       Collision Number 3
         Total Material
           Current                              5e-08 +/- 3.07318e-08
       Collision Number 4
         Total Material
           Current                              1e-08 +/- 1e-08
       Collision Number 5
         Total Material
           Current                              0 +/- 0
     Outgoing Energy [100000, 120000)
       Collision Number 2
         Total Material
           Current                              1.3e-07 +/- 3e-08
       Collision Number 3
         Total Material
           Current                              2e-08 +/- 1.33333e-08
       Collision Number 4
         Total Material
           Current                              1e-08 +/- 1e-08
       Collision Number 5
         Total Material
           Current                              0 +/- 0
     Outgoing Energy [120000, 140000)
       Collision Number 2
         Total Material
           Current                              1.2e-07 +/- 2.90593e-08
       Collision Number 3
         Total Material
           Current                              4e-08 +/- 2.21108e-08
       Collision Number 4
         Total Material
           Current                              1e-08 +/- 1e-08
       Collision Number 5
         Total Material
           Current                              0 +/- 0
     Outgoing Energy [140000, 160000)
       Collision Number 2
         Total Material
           Current                              1.1e-07 +/- 3.4801e-08
       Collision Number 3
         Total Material
           Current                              2e-08 +/- 1.33333e-08
       Collision Number 4
         Total Material
           Current                              0 +/- 0
       Collision Number 5
         Total Material
           Current                              0 +/- 0
     Outgoing Energy [160000, 180000)
       Collision Number 2
         Total Material
           Current                              8e-08 +/- 2.90593e-08
       Collision Number 3
         Total Material
           Current                              0 +/- 0
       Collision Number 4
         Total Material
           Current                              0 +/- 0
       Collision Number 5
         Total Material
           Current                              0 +/- 0
     Outgoing Energy [180000, 200000)
       Collision Number 2
         Total Material
           Current                              1.1e-07 +/- 3.14466e-08
       Collision Number 3
         Total Material
           Current                              3e-08 +/- 2.13437e-08
       Collision Number 4
         Total Material
           Current                              0 +/- 0
       Collision Number 5
         Total Material
           Current                              0 +/- 0
     Outgoing Energy [200000, 220000)
       Collision Number 2
         Total Material
           Current                              6e-08 +/- 2.66667e-08
       Collision Number 3
         Total Material
           Current                              0 +/- 0
       Collision Number 4
         Total Material
           Current                              0 +/- 0
       Collision Number 5
         Total Material
           Current                              0 +/- 0
     Outgoing Energy [220000, 240000)
       Collision Number 2
         Total Material
           Current                              1e-07 +/- 2.10819e-08
       Collision Number 3
         Total Material
           Current                              0 +/- 0
       Collision Number 4
         Total Material
           Current                              1e-08 +/- 1e-08
       Collision Number 5
         Total Material
           Current                              0 +/- 0
     Outgoing Energy [240000, 260000)
       Collision Number 2
         Total Material
           Current                              7e-08 +/- 2.13437e-08
       Collision Number 3
         Total Material
           Current                              2e-08 +/- 1.33333e-08
       Collision Number 4
         Total Material
           Current                              0 +/- 0
       Collision Number 5
         Total Material
           Current                              0 +/- 0
     Outgoing Energy [260000, 280000)
       Collision Number 2
         Total Material
           Current                              1e-07 +/- 2.98142e-08
       Collision Number 3
         Total Material
           Current                              3e-08 +/- 2.13437e-08
       Collision Number 4
         Total Material
           Current                              0 +/- 0
       Collision Number 5
         Total Material
           Current                              0 +/- 0
     Outgoing Energy [280000, 300000)
       Collision Number 2
         Total Material
           Current                              6e-08 +/- 3.39935e-08
       Collision Number 3
         Total Material
           Current                              0 +/- 0
       Collision Number 4
         Total Material
           Current                              0 +/- 0
       Collision Number 5
         Total Material
           Current                              0 +/- 0
     Outgoing Energy [300000, 320000)
       Collision Number 2
         Total Material
           Current                              7e-08 +/- 2.60342e-08
       Collision Number 3
         Total Material
           Current                              1e-08 +/- 1e-08
       Collision Number 4
         Total Material
           Current                              1e-08 +/- 1e-08
       Collision Number 5
         Total Material
           Current                              0 +/- 0
     Outgoing Energy [320000, 340000)
       Collision Number 2
         Total Material
           Current                              9e-08 +/- 2.76887e-08
       Collision Number 3
         Total Material
           Current                              1e-08 +/- 1e-08
       Collision Number 4
         Total Material
           Current                              0 +/- 0
       Collision Number 5
         Total Material
           Current                              0 +/- 0
     Outgoing Energy [340000, 360000)
       Collision Number 2
         Total Material
           Current                              1.1e-07 +/- 3.14466e-08
       Collision Number 3
         Total Material
           Current                              1e-08 +/- 1e-08
       Collision Number 4
         Total Material
           Current                              0 +/- 0
       Collision Number 5
         Total Material
           Current                              0 +/- 0
     Outgoing Energy [360000, 380000)
       Collision Number 2
         Total Material
           Current                              9e-08 +/- 3.14466e-08
       Collision Number 3
         Total Material
           Current                              1e-08 +/- 1e-08
       Collision Number 4
         Total Material
           Current                              0 +/- 0
       Collision Number 5
         Total Material
           Current                              0 +/- 0
     Outgoing Energy [380000, 400000)
       Collision Number 2
         Total Material
           Current                              1e-07 +/- 2.98142e-08
       Collision Number 3
         Total Material
           Current                              1e-08 +/- 1e-08
       Collision Number 4
         Total Material
           Current                              0 +/- 0
       Collision Number 5
         Total Material
           Current                              0 +/- 0
     Outgoing Energy [400000, 420000)
       Collision Number 2
         Total Material
           Current                              8e-08 +/- 2.90593e-08
       Collision Number 3
         Total Material
           Current                              0 +/- 0
       Collision Number 4
         Total Material
           Current                              0 +/- 0
       Collision Number 5
         Total Material
           Current                              0 +/- 0
     Outgoing Energy [420000, 440000)
       Collision Number 2
         Total Material
           Current                              9e-08 +/- 2.76887e-08
       Collision Number 3
         Total Material
           Current                              1e-08 +/- 1e-08
       Collision Number 4
         Total Material
           Current                              0 +/- 0
       Collision Number 5
         Total Material
           Current                              0 +/- 0
     Outgoing Energy [440000, 460000)
       Collision Number 2
         Total Material
           Current                              1.4e-07 +/- 3.39935e-08
       Collision Number 3
         Total Material
           Current                              3e-08 +/- 1.52753e-08
       Collision Number 4
         Total Material
           Current                              0 +/- 0
       Collision Number 5
         Total Material
           Current                              0 +/- 0
     Outgoing Energy [460000, 480000)
       Collision Number 2
         Total Material
           Current                              1.6e-07 +/- 2.66667e-08
       Collision Number 3
         Total Material
           Current                              1e-08 +/- 1e-08
       Collision Number 4
         Total Material
           Current                              1e-08 +/- 1e-08
       Collision Number 5
         Total Material
           Current                              0 +/- 0
     Outgoing Energy [480000, 500000)
       Collision Number 2
         Total Material
           Current                              7e-08 +/- 2.60342e-08
       Collision Number 3
         Total Material
           Current                              0 +/- 0
       Collision Number 4
         Total Material
           Current                              0 +/- 0
       Collision Number 5
         Total Material
           Current                              0 +/- 0
     Outgoing Energy [500000, 520000)
       Collision Number 2
         Total Material
           Current                              7e-08 +/- 3.34996e-08
       Collision Number 3
         Total Material
           Current                              2e-08 +/- 1.33333e-08
       Collision Number 4
         Total Material
           Current                              0 +/- 0
       Collision Number 5
         Total Material
           Current                              0 +/- 0
     Outgoing Energy [520000, 540000)
       Collision Number 2
         Total Material
           Current                              9e-08 +/- 3.14466e-08
       Collision Number 3
         Total Material
           Current                              1e-08 +/- 1e-08
       Collision Number 4
         Total Material
           Current                              0 +/- 0
       Collision Number 5
         Total Material
           Current                              0 +/- 0
     Outgoing Energy [540000, 560000)
       Collision Number 2
         Total Material
           Current                              8e-08 +/- 3.26599e-08
       Collision Number 3
         Total Material
           Current                              0 +/- 0
       Collision Number 4
         Total Material
           Current                              0 +/- 0
       Collision Number 5
         Total Material
           Current                              0 +/- 0
     Outgoing Energy [560000, 580000)
       Collision Number 2
         Total Material
           Current                              1.5e-07 +/- 3.41565e-08
       Collision Number 3
         Total Material
           Current                              1e-08 +/- 1e-08
       Collision Number 4
         Total Material
           Current                              0 +/- 0
       Collision Number 5
         Total Material
           Current                              0 +/- 0
     Outgoing Energy [580000, 600000)
       Collision Number 2
         Total Material
           Current                              7e-08 +/- 3.34996e-08
       Collision Number 3
         Total Material
           Current                              1e-08 +/- 1e-08
       Collision Number 4
         Total Material
           Current                              0 +/- 0
       Collision Number 5
         Total Material
           Current                              0 +/- 0
     Outgoing Energy [600000, 620000)
       Collision Number 2
         Total Material
           Current                              4e-08 +/- 2.21108e-08
       Collision Number 3
         Total Material
           Current                              0 +/- 0
       Collision Number 4
         Total Material
           Current                              0 +/- 0
       Collision Number 5
         Total Material
           Current                              0 +/- 0
     Outgoing Energy [620000, 640000)
       Collision Number 2
         Total Material
           Current                              6e-08 +/- 2.21108e-08
       Collision Number 3
         Total Material
           Current                              1e-08 +/- 1e-08
       Collision Number 4
         Total Material
           Current                              0 +/- 0
       Collision Number 5
         Total Material
           Current                              0 +/- 0
     Outgoing Energy [640000, 660000)
       Collision Number 2
         Total Material
           Current                              9e-08 +/- 3.4801e-08
       Collision Number 3
         Total Material
           Current                              0 +/- 0
       Collision Number 4
         Total Material
           Current                              0 +/- 0
       Collision Number 5
         Total Material
           Current                              0 +/- 0
     Outgoing Energy [660000, 680000)
       Collision Number 2
         Total Material
           Current                              6e-08 +/- 2.66667e-08
       Collision Number 3
         Total Material
           Current                              2e-08 +/- 1.33333e-08
       Collision Number 4
         Total Material
           Current                              0 +/- 0
       Collision Number 5
         Total Material
           Current                              0 +/- 0
     Outgoing Energy [680000, 700000.0000000001)
       Collision Number 2
         Total Material
           Current                              3e-08 +/- 1.52753e-08
       Collision Number 3
         Total Material
           Current                              0 +/- 0
       Collision Number 4
         Total Material
           Current                              0 +/- 0
       Collision Number 5
         Total Material
           Current                              0 +/- 0
     Outgoing Energy [700000.0000000001, 720000)
       Collision Number 2
         Total Material
           Current                              7e-08 +/- 2.13437e-08
       Collision Number 3
         Total Material
           Current                              0 +/- 0
       Collision Number 4
         Total Material
           Current                              0 +/- 0
       Collision Number 5
         Total Material
           Current                              0 +/- 0
     Outgoing Energy [720000, 740000)
       Collision Number 2
         Total Material
           Current                              1.5e-07 +/- 4.53382e-08
       Collision Number 3
         Total Material
           Current                              1e-08 +/- 1e-08
       Collision Number 4
         Total Material
           Current                              0 +/- 0
       Collision Number 5
         Total Material
           Current                              0 +/- 0
     Outgoing Energy [740000, 760000)
       Collision Number 2
         Total Material
           Current                              7e-08 +/- 2.60342e-08
       Collision Number 3
         Total Material
           Current                              0 +/- 0
       Collision Number 4
         Total Material
           Current                              0 +/- 0
       Collision Number 5
         Total Material
           Current                              0 +/- 0
     Outgoing Energy [760000, 780000)
       Collision Number 2
         Total Material
           Current                              7e-08 +/- 2.13437e-08
       Collision Number 3
         Total Material
           Current                              0 +/- 0
       Collision Number 4
         Total Material
           Current                              1e-08 +/- 1e-08
       Collision Number 5
         Total Material
           Current                              0 +/- 0
     Outgoing Energy [780000, 800000)
       Collision Number 2
         Total Material
           Current                              4e-08 +/- 1.63299e-08
       Collision Number 3
         Total Material
           Current                              1e-08 +/- 1e-08
       Collision Number 4
         Total Material
           Current                              0 +/- 0
       Collision Number 5
         Total Material
           Current                              0 +/- 0
     Outgoing Energy [800000, 820000.0000000001)
       Collision Number 2
         Total Material
           Current                              5e-08 +/- 2.23607e-08
       Collision Number 3
         Total Material
           Current                              0 +/- 0
       Collision Number 4
         Total Material
           Current                              0 +/- 0
       Collision Number 5
         Total Material
           Current                              0 +/- 0
     Outgoing Energy [820000.0000000001, 840000)
       Collision Number 2
         Total Material
           Current                              1.2e-07 +/- 3.26599e-08
       Collision Number 3
         Total Material
           Current                              1e-08 +/- 1e-08
       Collision Number 4
         Total Material
           Current                              0 +/- 0
       Collision Number 5
         Total Material
           Current                              0 +/- 0
     Outgoing Energy [840000, 860000)
       Collision Number 2
         Total Material
           Current                              1.4e-07 +/- 4e-08
       Collision Number 3
         Total Material
           Current                              1e-08 +/- 1e-08
       Collision Number 4
         Total Material
           Current                              0 +/- 0
       Collision Number 5
         Total Material
           Current                              0 +/- 0
     Outgoing Energy [860000, 880000)
       Collision Number 2
         Total Material
           Current                              3e-08 +/- 1.52753e-08
       Collision Number 3
         Total Material
           Current                              0 +/- 0
       Collision Number 4
         Total Material
           Current                              0 +/- 0
       Collision Number 5
         Total Material
           Current                              0 +/- 0
     Outgoing Energy [880000, 900000)
       Collision Number 2
         Total Material
           Current                              1.7e-07 +/- 4.22953e-08
       Collision Number 3
         Total Material
           Current                              1e-08 +/- 1e-08
       Collision Number 4
         Total Material
           Current                              0 +/- 0
       Collision Number 5
         Total Material
           Current                              0 +/- 0
     Outgoing Energy [900000, 920000)
       Collision Number 2
         Total Material
           Current                              1.8e-07 +/- 3.26599e-08
       Collision Number 3
         Total Material
           Current                              2e-08 +/- 1.33333e-08
       Collision Number 4
         Total Material
           Current                              0 +/- 0
       Collision Number 5
         Total Material
           Current                              0 +/- 0
     Outgoing Energy [920000, 940000)
       Collision Number 2
         Total Material
           Current                              1e-07 +/- 3.33333e-08
       Collision Number 3
         Total Material
           Current                              0 +/- 0
       Collision Number 4
         Total Material
           Current                              0 +/- 0
       Collision Number 5
         Total Material
           Current                              0 +/- 0
     Outgoing Energy [940000, 960000)
       Collision Number 2
         Total Material
           Current                              5e-08 +/- 1.66667e-08
       Collision Number 3
         Total Material
           Current                              0 +/- 0
       Collision Number 4
         Total Material
           Current                              0 +/- 0
       Collision Number 5
         Total Material
           Current                              0 +/- 0
     Outgoing Energy [960000, 980000)
       Collision Number 2
         Total Material
           Current                              1.1e-07 +/- 3.14466e-08
       Collision Number 3
         Total Material
           Current                              0 +/- 0
       Collision Number 4
         Total Material
           Current                              0 +/- 0
       Collision Number 5
         Total Material
           Current                              0 +/- 0
     Outgoing Energy [980000, 1000000)
       Collision Number 2
         Total Material
           Current                              6e-08 +/- 2.21108e-08
       Collision Number 3
         Total Material
           Current                              0 +/- 0
       Collision Number 4
         Total Material
           Current                              0 +/- 0
       Collision Number 5
         Total Material
           Current                              0 +/- 0
     Outgoing Energy [1000000, 1020000)
       Collision Number 2
         Total Material
           Current                              9e-08 +/- 2.76887e-08
       Collision Number 3
         Total Material
           Current                              0 +/- 0
       Collision Number 4
         Total Material
           Current                              0 +/- 0
       Collision Number 5
         Total Material
           Current                              0 +/- 0
     Outgoing Energy [1020000, 1040000)
       Collision Number 2
         Total Material
           Current                              2e-08 +/- 1.33333e-08
       Collision Number 3
         Total Material
           Current                              0 +/- 0
       Collision Number 4
         Total Material
           Current                              0 +/- 0
       Collision Number 5
         Total Material
           Current                              0 +/- 0
     Outgoing Energy [1040000, 1060000)
       Collision Number 2
         Total Material
           Current                              2e-08 +/- 1.33333e-08
       Collision Number 3
         Total Material
           Current                              0 +/- 0
       Collision Number 4
         Total Material
           Current                              0 +/- 0
       Collision Number 5
         Total Material
           Current                              0 +/- 0
     Outgoing Energy [1060000, 1080000)
       Collision Number 2
         Total Material
           Current                              2e-08 +/- 1.33333e-08
       Collision Number 3
         Total Material
           Current                              0 +/- 0
       Collision Number 4
         Total Material
           Current                              0 +/- 0
       Collision Number 5
         Total Material
           Current                              0 +/- 0
     Outgoing Energy [1080000, 1100000)
       Collision Number 2
         Total Material
           Current                              1e-08 +/- 1e-08
       Collision Number 3
         Total Material
           Current                              1e-08 +/- 1e-08
       Collision Number 4
         Total Material
           Current                              0 +/- 0
       Collision Number 5
         Total Material
           Current                              0 +/- 0
     Outgoing Energy [1100000, 1120000)
       Collision Number 2
         Total Material
           Current                              4e-08 +/- 1.63299e-08
       Collision Number 3
         Total Material
           Current                              0 +/- 0
       Collision Number 4
         Total Material
           Current                              0 +/- 0
       Collision Number 5
         Total Material
           Current                              0 +/- 0
     Outgoing Energy [1120000, 1140000.0000000002)
       Collision Number 2
         Total Material
           Current                              5e-08 +/- 3.07318e-08
       Collision Number 3
         Total Material
           Current                              0 +/- 0
       Collision Number 4
         Total Material
           Current                              0 +/- 0
       Collision Number 5
         Total Material
           Current                              0 +/- 0
     Outgoing Energy [1140000.0000000002, 1160000)
       Collision Number 2
         Total Material
           Current                              3e-08 +/- 1.52753e-08
       Collision Number 3
         Total Material
           Current                              0 +/- 0
       Collision Number 4
         Total Material
           Current                              0 +/- 0
       Collision Number 5
         Total Material
           Current                              0 +/- 0
     Outgoing Energy [1160000, 1180000)
       Collision Number 2
         Total Material
           Current                              3e-08 +/- 1.52753e-08
       Collision Number 3
         Total Material
           Current                              0 +/- 0
       Collision Number 4
         Total Material
           Current                              0 +/- 0
       Collision Number 5
         Total Material
           Current                              0 +/- 0
     Outgoing Energy [1180000, 1200000)
       Collision Number 2
         Total Material
           Current                              2e-08 +/- 2e-08
       Collision Number 3
         Total Material
           Current                              0 +/- 0
       Collision Number 4
         Total Material
           Current                              0 +/- 0
       Collision Number 5
         Total Material
           Current                              0 +/- 0
     Outgoing Energy [1200000, 1220000)
       Collision Number 2
         Total Material
           Current                              3e-08 +/- 1.52753e-08
       Collision Number 3
         Total Material
           Current                              0 +/- 0
       Collision Number 4
         Total Material
           Current                              0 +/- 0
       Collision Number 5
         Total Material
           Current                              0 +/- 0
     Outgoing Energy [1220000, 1240000)
       Collision Number 2
         Total Material
           Current                              4e-08 +/- 1.63299e-08
       Collision Number 3
         Total Material
           Current                              0 +/- 0
       Collision Number 4
         Total Material
           Current                              0 +/- 0
       Collision Number 5
         Total Material
           Current                              0 +/- 0
     Outgoing Energy [1240000, 1260000)
       Collision Number 2
         Total Material
           Current                              4e-08 +/- 2.66667e-08
       Collision Number 3
         Total Material
           Current                              0 +/- 0
       Collision Number 4
         Total Material
           Current                              0 +/- 0
       Collision Number 5
         Total Material
           Current                              0 +/- 0
     Outgoing Energy [1260000, 1280000)
       Collision Number 2
         Total Material
           Current                              2e-08 +/- 1.33333e-08
       Collision Number 3
         Total Material
           Current                              0 +/- 0
       Collision Number 4
         Total Material
           Current                              0 +/- 0
       Collision Number 5
         Total Material
           Current                              0 +/- 0
     Outgoing Energy [1280000, 1300000)
       Collision Number 2
         Total Material
           Current                              2e-08 +/- 1.33333e-08
       Collision Number 3
         Total Material
           Current                              0 +/- 0
       Collision Number 4
         Total Material
           Current                              0 +/- 0
       Collision Number 5
         Total Material
           Current                              0 +/- 0
     Outgoing Energy [1300000, 1320000)
       Collision Number 2
         Total Material
           Current                              3e-08 +/- 2.13437e-08
       Collision Number 3
         Total Material
           Current                              0 +/- 0
       Collision Number 4
         Total Material
           Current                              0 +/- 0
       Collision Number 5
         Total Material
           Current                              0 +/- 0
     Outgoing Energy [1320000, 1340000)
       Collision Number 2
         Total Material
           Current                              1e-08 +/- 1e-08
       Collision Number 3
         Total Material
           Current                              0 +/- 0
       Collision Number 4
         Total Material
           Current                              0 +/- 0
       Collision Number 5
         Total Material
           Current                              0 +/- 0
     Outgoing Energy [1340000, 1360000)
       Collision Number 2
         Total Material
           Current                              0 +/- 0
       Collision Number 3
         Total Material
           Current                              1e-08 +/- 1e-08
       Collision Number 4
         Total Material
           Current                              0 +/- 0
       Collision Number 5
         Total Material
           Current                              0 +/- 0
     Outgoing Energy [1360000, 1380000)
       Collision Number 2
         Total Material
           Current                              2e-08 +/- 1.33333e-08
       Collision Number 3
         Total Material
           Current                              0 +/- 0
       Collision Number 4
         Total Material
           Current                              0 +/- 0
       Collision Number 5
         Total Material
           Current                              0 +/- 0
     Outgoing Energy [1380000, 1400000.0000000002)
       Collision Number 2
         Total Material
           Current                              2e-08 +/- 1.33333e-08
       Collision Number 3
         Total Material
           Current                              0 +/- 0
       Collision Number 4
         Total Material
           Current                              0 +/- 0
       Collision Number 5
         Total Material
           Current                              0 +/- 0
     Outgoing Energy [1400000.0000000002, 1420000)
       Collision Number 2
         Total Material
           Current                              0 +/- 0
       Collision Number 3
         Total Material
           Current                              0 +/- 0
       Collision Number 4
         Total Material
           Current                              0 +/- 0
       Collision Number 5
         Total Material
           Current                              0 +/- 0
     Outgoing Energy [1420000, 1440000)
       Collision Number 2
         Total Material
           Current                              2e-08 +/- 1.33333e-08
       Collision Number 3
         Total Material
           Current                              0 +/- 0
       Collision Number 4
         Total Material
           Current                              0 +/- 0
       Collision Number 5
         Total Material
           Current                              0 +/- 0
     Outgoing Energy [1440000, 1460000)
       Collision Number 2
         Total Material
           Current                              0 +/- 0
       Collision Number 3
         Total Material
           Current                              0 +/- 0
       Collision Number 4
         Total Material
           Current                              0 +/- 0
       Collision Number 5
         Total Material
           Current                              0 +/- 0
     Outgoing Energy [1460000, 1480000)
       Collision Number 2
         Total Material
           Current                              1e-08 +/- 1e-08
       Collision Number 3
         Total Material
           Current                              0 +/- 0
       Collision Number 4
         Total Material
           Current                              0 +/- 0
       Collision Number 5
         Total Material
           Current                              0 +/- 0
     Outgoing Energy [1480000, 1500000)
       Collision Number 2
         Total Material
           Current                              0 +/- 0
       Collision Number 3
         Total Material
           Current                              0 +/- 0
       Collision Number 4
         Total Material
           Current                              0 +/- 0
       Collision Number 5
         Total Material
           Current                              0 +/- 0
     Outgoing Energy [1500000, 1520000)
       Collision Number 2
         Total Material
           Current                              1e-08 +/- 1e-08
       Collision Number 3
         Total Material
           Current                              0 +/- 0
       Collision Number 4
         Total Material
           Current                              0 +/- 0
       Collision Number 5
         Total Material
           Current                              0 +/- 0
     Outgoing Energy [1520000, 1540000)
       Collision Number 2
         Total Material
           Current                              0 +/- 0
       Collision Number 3
         Total Material
           Current                              0 +/- 0
       Collision Number 4
         Total Material
           Current                              0 +/- 0
       Collision Number 5
         Total Material
           Current                              0 +/- 0
     Outgoing Energy [1540000, 1560000)
       Collision Number 2
         Total Material
           Current                              1e-08 +/- 1e-08
       Collision Number 3
         Total Material
           Current                              0 +/- 0
       Collision Number 4
         Total Material
           Current                              0 +/- 0
       Collision Number 5
         Total Material
           Current                              0 +/- 0
     Outgoing Energy [1560000, 1580000)
       Collision Number 2
         Total Material
           Current                              0 +/- 0
       Collision Number 3
         Total Material
           Current                              0 +/- 0
       Collision Number 4
         Total Material
           Current                              0 +/- 0
       Collision Number 5
         Total Material
           Current                              0 +/- 0
     Outgoing Energy [1580000, 1600000)
       Collision Number 2
         Total Material
           Current                              0 +/- 0
       Collision Number 3
         Total Material
           Current                              0 +/- 0
       Collision Number 4
         Total Material
           Current                              0 +/- 0
       Collision Number 5
         Total Material
           Current                              0 +/- 0
     Outgoing Energy [1600000, 1620000)
       Collision Number 2
         Total Material
           Current                              0 +/- 0
       Collision Number 3
         Total Material
           Current                              1e-08 +/- 1e-08
       Collision Number 4
         Total Material
           Current                              0 +/- 0
       Collision Number 5
         Total Material
           Current                              0 +/- 0
     Outgoing Energy [1620000, 1640000.0000000002)
       Collision Number 2
         Total Material
           Current                              1e-08 +/- 1e-08
       Collision Number 3
         Total Material
           Current                              0 +/- 0
       Collision Number 4
         Total Material
           Current                              0 +/- 0
       Collision Number 5
         Total Material
           Current                              0 +/- 0
     Outgoing Energy [1640000.0000000002, 1660000.0000000002)
       Collision Number 2
         Total Material
           Current                              0 +/- 0
       Collision Number 3
         Total Material
           Current                              0 +/- 0
       Collision Number 4
         Total Material
           Current                              0 +/- 0
       Collision Number 5
         Total Material
           Current                              0 +/- 0
     Outgoing Energy [1660000.0000000002, 1680000)
       Collision Number 2
         Total Material
           Current                              0 +/- 0
       Collision Number 3
         Total Material
           Current                              0 +/- 0
       Collision Number 4
         Total Material
           Current                              0 +/- 0
       Collision Number 5
         Total Material
           Current                              0 +/- 0
     Outgoing Energy [1680000, 1700000)
       Collision Number 2
         Total Material
           Current                              0 +/- 0
       Collision Number 3
         Total Material
           Current                              1e-08 +/- 1e-08
       Collision Number 4
         Total Material
           Current                              0 +/- 0
       Collision Number 5
         Total Material
           Current                              0 +/- 0
     Outgoing Energy [1700000, 1720000)
       Collision Number 2
         Total Material
           Current                              0 +/- 0
       Collision Number 3
         Total Material
           Current                              0 +/- 0
       Collision Number 4
         Total Material
           Current                              0 +/- 0
       Collision Number 5
         Total Material
           Current                              0 +/- 0
     Outgoing Energy [1720000, 1740000)
       Collision Number 2
         Total Material
           Current                              1e-08 +/- 1e-08
       Collision Number 3
         Total Material
           Current                              0 +/- 0
       Collision Number 4
         Total Material
           Current                              0 +/- 0
       Collision Number 5
         Total Material
           Current                              0 +/- 0
     Outgoing Energy [1740000, 1760000)
       Collision Number 2
         Total Material
           Current                              1e-08 +/- 1e-08
       Collision Number 3
         Total Material
           Current                              0 +/- 0
       Collision Number 4
         Total Material
           Current                              0 +/- 0
       Collision Number 5
         Total Material
           Current                              0 +/- 0
     Outgoing Energy [1760000, 1780000)
       Collision Number 2
         Total Material
           Current                              1e-08 +/- 1e-08
       Collision Number 3
         Total Material
           Current                              1e-08 +/- 1e-08
       Collision Number 4
         Total Material
           Current                              0 +/- 0
       Collision Number 5
         Total Material
           Current                              0 +/- 0
     Outgoing Energy [1780000, 1800000)
       Collision Number 2
         Total Material
           Current                              0 +/- 0
       Collision Number 3
         Total Material
           Current                              0 +/- 0
       Collision Number 4
         Total Material
           Current                              0 +/- 0
       Collision Number 5
         Total Material
           Current                              0 +/- 0
     Outgoing Energy [1800000, 1820000)
       Collision Number 2
         Total Material
           Current                              0 +/- 0
       Collision Number 3
         Total Material
           Current                              1e-08 +/- 1e-08
       Collision Number 4
         Total Material
           Current                              0 +/- 0
       Collision Number 5
         Total Material
           Current                              0 +/- 0
     Outgoing Energy [1820000, 1840000)
       Collision Number 2
         Total Material
           Current                              1e-08 +/- 1e-08
       Collision Number 3
         Total Material
           Current                              0 +/- 0
       Collision Number 4
         Total Material
           Current                              0 +/- 0
       Collision Number 5
         Total Material
           Current                              0 +/- 0
     Outgoing Energy [1840000, 1860000)
       Collision Number 2
         Total Material
           Current                              5e-08 +/- 2.23607e-08
       Collision Number 3
         Total Material
           Current                              1e-08 +/- 1e-08
       Collision Number 4
         Total Material
           Current                              0 +/- 0
       Collision Number 5
         Total Material
           Current                              0 +/- 0
     Outgoing Energy [1860000, 1880000)
       Collision Number 2
         Total Material
           Current                              1e-08 +/- 1e-08
       Collision Number 3
         Total Material
           Current                              0 +/- 0
       Collision Number 4
         Total Material
           Current                              0 +/- 0
       Collision Number 5
         Total Material
           Current                              0 +/- 0
     Outgoing Energy [1880000, 1900000.0000000002)
       Collision Number 2
         Total Material
           Current                              5e-08 +/- 2.68742e-08
       Collision Number 3
         Total Material
           Current                              1e-08 +/- 1e-08
       Collision Number 4
         Total Material
           Current                              0 +/- 0
       Collision Number 5
         Total Material
           Current                              0 +/- 0
     Outgoing Energy [1900000.0000000002, 1920000)
       Collision Number 2
         Total Material
           Current                              2e-08 +/- 2e-08
       Collision Number 3
         Total Material
           Current                              0 +/- 0
       Collision Number 4
         Total Material
           Current                              0 +/- 0
       Collision Number 5
         Total Material
           Current                              0 +/- 0
     Outgoing Energy [1920000, 1940000)
       Collision Number 2
         Total Material
           Current                              3e-08 +/- 3e-08
       Collision Number 3
         Total Material
           Current                              1e-08 +/- 1e-08
       Collision Number 4
         Total Material
           Current                              0 +/- 0
       Collision Number 5
         Total Material
           Current                              0 +/- 0
     Outgoing Energy [1940000, 1960000)
       Collision Number 2
         Total Material
           Current                              2e-08 +/- 1.33333e-08
       Collision Number 3
         Total Material
           Current                              0 +/- 0
       Collision Number 4
         Total Material
           Current                              0 +/- 0
       Collision Number 5
         Total Material
           Current                              0 +/- 0
     Outgoing Energy [1960000, 1980000)
       Collision Number 2
         Total Material
           Current                              0 +/- 0
       Collision Number 3
         Total Material
           Current                              0 +/- 0
       Collision Number 4
         Total Material
           Current                              0 +/- 0
       Collision Number 5
         Total Material
           Current                              0 +/- 0
     Outgoing Energy [1980000, 2000000)
       Collision Number 2
         Total Material
           Current                              0 +/- 0
       Collision Number 3
         Total Material
           Current                              0 +/- 0
       Collision Number 4
         Total Material
           Current                              0 +/- 0
       Collision Number 5
         Total Material
           Current                              0 +/- 0
     Outgoing Energy [2000000, 2020000)
       Collision Number 2
         Total Material
           Current                              1e-08 +/- 1e-08
       Collision Number 3
         Total Material
           Current                              0 +/- 0
       Collision Number 4
         Total Material
           Current                              0 +/- 0
       Collision Number 5
         Total Material
           Current                              0 +/- 0
     Outgoing Energy [2020000, 2040000)
       Collision Number 2
         Total Material
           Current                              1e-08 +/- 1e-08
       Collision Number 3
         Total Material
           Current                              0 +/- 0
       Collision Number 4
         Total Material
           Current                              0 +/- 0
       Collision Number 5
         Total Material
           Current                              0 +/- 0
     Outgoing Energy [2040000, 2060000)
       Collision Number 2
         Total Material
           Current                              2e-08 +/- 1.33333e-08
       Collision Number 3
         Total Material
           Current                              0 +/- 0
       Collision Number 4
         Total Material
           Current                              0 +/- 0
       Collision Number 5
         Total Material
           Current                              0 +/- 0
     Outgoing Energy [2060000, 2080000)
       Collision Number 2
         Total Material
           Current                              4e-08 +/- 1.63299e-08
       Collision Number 3
         Total Material
           Current                              0 +/- 0
       Collision Number 4
         Total Material
           Current                              0 +/- 0
       Collision Number 5
         Total Material
           Current                              0 +/- 0
     Outgoing Energy [2080000, 2100000)
       Collision Number 2
         Total Material
           Current                              2e-08 +/- 2e-08
       Collision Number 3
         Total Material
           Current                              1e-08 +/- 1e-08
       Collision Number 4
         Total Material
           Current                              0 +/- 0
       Collision Number 5
         Total Material
           Current                              0 +/- 0
     Outgoing Energy [2100000, 2120000)
       Collision Number 2
         Total Material
           Current                              3e-08 +/- 2.13437e-08
       Collision Number 3
         Total Material
           Current                              0 +/- 0
       Collision Number 4
         Total Material
           Current                              0 +/- 0
       Collision Number 5
         Total Material
           Current                              0 +/- 0
     Outgoing Energy [2120000, 2140000)
       Collision Number 2
         Total Material
           Current                              5e-08 +/- 2.23607e-08
       Collision Number 3
         Total Material
           Current                              0 +/- 0
       Collision Number 4
         Total Material
           Current                              0 +/- 0
       Collision Number 5
         Total Material
           Current                              0 +/- 0
     Outgoing Energy [2140000, 2160000)
       Collision Number 2
         Total Material
           Current                              2e-08 +/- 1.33333e-08
       Collision Number 3
         Total Material
           Current                              1e-08 +/- 1e-08
       Collision Number 4
         Total Material
           Current                              0 +/- 0
       Collision Number 5
         Total Material
           Current                              0 +/- 0
     Outgoing Energy [2160000, 2180000)
       Collision Number 2
         Total Material
           Current                              3e-08 +/- 1.52753e-08
       Collision Number 3
         Total Material
           Current                              0 +/- 0
       Collision Number 4
         Total Material
           Current                              0 +/- 0
       Collision Number 5
         Total Material
           Current                              0 +/- 0
     Outgoing Energy [2180000, 2200000)
       Collision Number 2
         Total Material
           Current                              3e-08 +/- 1.52753e-08
       Collision Number 3
         Total Material
           Current                              1e-08 +/- 1e-08
       Collision Number 4
         Total Material
           Current                              0 +/- 0
       Collision Number 5
         Total Material
           Current                              0 +/- 0
     Outgoing Energy [2200000, 2220000)
       Collision Number 2
         Total Material
           Current                              5e-08 +/- 2.23607e-08
       Collision Number 3
         Total Material
           Current                              0 +/- 0
       Collision Number 4
         Total Material
           Current                              0 +/- 0
       Collision Number 5
         Total Material
           Current                              0 +/- 0
     Outgoing Energy [2220000, 2240000)
       Collision Number 2
         Total Material
           Current                              2e-08 +/- 1.33333e-08
       Collision Number 3
         Total Material
           Current                              1e-08 +/- 1e-08
       Collision Number 4
         Total Material
           Current                              0 +/- 0
       Collision Number 5
         Total Material
           Current                              0 +/- 0
     Outgoing Energy [2240000, 2260000)
       Collision Number 2
         Total Material
           Current                              5e-08 +/- 1.66667e-08
       Collision Number 3
         Total Material
           Current                              1e-08 +/- 1e-08
       Collision Number 4
         Total Material
           Current                              0 +/- 0
       Collision Number 5
         Total Material
           Current                              0 +/- 0
     Outgoing Energy [2260000, 2280000.0000000005)
       Collision Number 2
         Total Material
           Current                              2e-08 +/- 1.33333e-08
       Collision Number 3
         Total Material
           Current                              0 +/- 0
       Collision Number 4
         Total Material
           Current                              0 +/- 0
       Collision Number 5
         Total Material
           Current                              0 +/- 0
     Outgoing Energy [2280000.0000000005, 2300000.0000000005)
       Collision Number 2
         Total Material
           Current                              2e-08 +/- 1.33333e-08
       Collision Number 3
         Total Material
           Current                              0 +/- 0
       Collision Number 4
         Total Material
           Current                              0 +/- 0
       Collision Number 5
         Total Material
           Current                              0 +/- 0
     Outgoing Energy [2300000.0000000005, 2320000)
       Collision Number 2
         Total Material
           Current                              3e-08 +/- 2.13437e-08
       Collision Number 3
         Total Material
           Current                              0 +/- 0
       Collision Number 4
         Total Material
           Current                              0 +/- 0
       Collision Number 5
         Total Material
           Current                              0 +/- 0
     Outgoing Energy [2320000, 2340000)
       Collision Number 2
         Total Material
           Current                              2e-08 +/- 1.33333e-08
       Collision Number 3
         Total Material
           Current                              1e-08 +/- 1e-08
       Collision Number 4
         Total Material
           Current                              0 +/- 0
       Collision Number 5
         Total Material
           Current                              0 +/- 0
     Outgoing Energy [2340000, 2360000)
       Collision Number 2
         Total Material
           Current                              2e-08 +/- 1.33333e-08
       Collision Number 3
         Total Material
           Current                              1e-08 +/- 1e-08
       Collision Number 4
         Total Material
           Current                              0 +/- 0
       Collision Number 5
         Total Material
           Current                              0 +/- 0
     Outgoing Energy [2360000, 2380000)
       Collision Number 2
         Total Material
           Current                              2e-08 +/- 1.33333e-08
       Collision Number 3
         Total Material
           Current                              1e-08 +/- 1e-08
       Collision Number 4
         Total Material
           Current                              0 +/- 0
       Collision Number 5
         Total Material
           Current                              0 +/- 0
     Outgoing Energy [2380000, 2400000)
       Collision Number 2
         Total Material
           Current                              0 +/- 0
       Collision Number 3
         Total Material
           Current                              1e-08 +/- 1e-08
       Collision Number 4
         Total Material
           Current                              0 +/- 0
       Collision Number 5
         Total Material
           Current                              0 +/- 0
     Outgoing Energy [2400000, 2420000)
       Collision Number 2
         Total Material
           Current                              3e-08 +/- 1.52753e-08
       Collision Number 3
         Total Material
           Current                              0 +/- 0
       Collision Number 4
         Total Material
           Current                              0 +/- 0
       Collision Number 5
         Total Material
           Current                              0 +/- 0
     Outgoing Energy [2420000, 2440000)
       Collision Number 2
         Total Material
           Current                              3e-08 +/- 1.52753e-08
       Collision Number 3
         Total Material
           Current                              0 +/- 0
       Collision Number 4
         Total Material
           Current                              0 +/- 0
       Collision Number 5
         Total Material
           Current                              0 +/- 0
     Outgoing Energy [2440000, 2460000)
       Collision Number 2
         Total Material
           Current                              1e-08 +/- 1e-08
       Collision Number 3
         Total Material
           Current                              0 +/- 0
       Collision Number 4
         Total Material
           Current                              0 +/- 0
       Collision Number 5
         Total Material
           Current                              0 +/- 0
     Outgoing Energy [2460000, 2480000)
       Collision Number 2
         Total Material
           Current                              1e-08 +/- 1e-08
       Collision Number 3
         Total Material
           Current                              0 +/- 0
       Collision Number 4
         Total Material
           Current                              0 +/- 0
       Collision Number 5
         Total Material
           Current                              0 +/- 0
 =======================>     TALLY 4: N2N_RATE     <=======================

 Cell 1
   Total Material
     (n,2n)                               0.00637508 +/- 1.42713e-07
